<?xml version="1.0" encoding="UTF-8"?>
<robot generator="Robot 7.2.2 (Python 3.12.4 on win32)" generated="2025-04-10T11:55:23.898868" rpa="false" schemaversion="5">
<suite id="s1" name="BMICTests" source="C:\Users\skuma104\OneDrive - Capgemini\Documents\Innovation-Project\BMI_calculator\tests\robotTests\BMICTests.robot">
<test id="s1-t1" name="Scenario: Calculate BMI for Normal Weight Person" line="8">
<kw name="Setup BMI Test" owner="bmi_keywords" type="SETUP">
<kw name="File Should Exist" owner="OperatingSystem">
<msg time="2025-04-10T11:55:23.969204" level="INFO" html="true">File '&lt;a href="file://C:\Users\skuma104\OneDrive - Capgemini\Documents\Innovation-Project\BMI_calculator\source_code\BMI_calculator.py"&gt;C:\Users\skuma104\OneDrive - Capgemini\Documents\Innovation-Project\BMI_calculator\source_code\BMI_calculator.py&lt;/a&gt;' exists.</msg>
<arg>${BMI_MODULE}</arg>
<arg>msg=BMI calculator module not found at ${BMI_MODULE}</arg>
<doc>Fails unless the given ``path`` points to an existing file.</doc>
<status status="PASS" start="2025-04-10T11:55:23.968206" elapsed="0.000998"/>
</kw>
<kw name="Log" owner="BuiltIn">
<msg time="2025-04-10T11:55:23.969204" level="INFO">Setting up test for BMI calculator</msg>
<arg>Setting up test for BMI calculator</arg>
<doc>Logs the given message with the given level.</doc>
<status status="PASS" start="2025-04-10T11:55:23.969204" elapsed="0.000000"/>
</kw>
<status status="PASS" start="2025-04-10T11:55:23.968206" elapsed="0.000998"/>
</kw>
<kw name="Given the BMI calculator is available" owner="bmi_keywords">
<kw name="Log" owner="BuiltIn">
<msg time="2025-04-10T11:55:23.970203" level="INFO">Verified BMI calculator is available</msg>
<arg>Verified BMI calculator is available</arg>
<doc>Logs the given message with the given level.</doc>
<status status="PASS" start="2025-04-10T11:55:23.970203" elapsed="0.000000"/>
</kw>
<status status="PASS" start="2025-04-10T11:55:23.970203" elapsed="0.000000"/>
</kw>
<kw name="When I calculate BMI with height &quot;175&quot; cm and weight &quot;70&quot; kg" owner="bmi_keywords" source_name="I calculate BMI with height &quot;${height}&quot; cm and weight &quot;${weight}&quot; kg">
<kw name="Calculate Bmi" owner="BMI_calculator">
<msg time="2025-04-10T11:55:23.971203" level="INFO">${result} = (22.9, 'Normal weight')</msg>
<var>${result}</var>
<arg>${height}</arg>
<arg>${weight}</arg>
<doc>Calculate BMI (Body Mass Index) and determine the weight category.</doc>
<status status="PASS" start="2025-04-10T11:55:23.971203" elapsed="0.000000"/>
</kw>
<kw name="Set Test Variable" owner="BuiltIn">
<msg time="2025-04-10T11:55:23.972203" level="INFO">${BMI_VALUE} = 22.9</msg>
<arg>${BMI_VALUE}</arg>
<arg>${result}[0]</arg>
<doc>Makes a variable available everywhere within the scope of the current test.</doc>
<status status="PASS" start="2025-04-10T11:55:23.971203" elapsed="0.001000"/>
</kw>
<kw name="Set Test Variable" owner="BuiltIn">
<msg time="2025-04-10T11:55:23.972203" level="INFO">${BMI_CATEGORY} = Normal weight</msg>
<arg>${BMI_CATEGORY}</arg>
<arg>${result}[1]</arg>
<doc>Makes a variable available everywhere within the scope of the current test.</doc>
<status status="PASS" start="2025-04-10T11:55:23.972203" elapsed="0.000000"/>
</kw>
<kw name="Log" owner="BuiltIn">
<msg time="2025-04-10T11:55:23.973203" level="INFO">BMI Result: (22.9, 'Normal weight')</msg>
<arg>BMI Result: ${result}</arg>
<doc>Logs the given message with the given level.</doc>
<status status="PASS" start="2025-04-10T11:55:23.973203" elapsed="0.000000"/>
</kw>
<kw name="Log" owner="BuiltIn">
<msg time="2025-04-10T11:55:23.973203" level="INFO">BMI Value: 22.9</msg>
<arg>BMI Value: ${BMI_VALUE}</arg>
<doc>Logs the given message with the given level.</doc>
<status status="PASS" start="2025-04-10T11:55:23.973203" elapsed="0.000000"/>
</kw>
<kw name="Log" owner="BuiltIn">
<msg time="2025-04-10T11:55:23.973203" level="INFO">BMI Category: Normal weight</msg>
<arg>BMI Category: ${BMI_CATEGORY}</arg>
<doc>Logs the given message with the given level.</doc>
<status status="PASS" start="2025-04-10T11:55:23.973203" elapsed="0.000000"/>
</kw>
<status status="PASS" start="2025-04-10T11:55:23.971203" elapsed="0.002000"/>
</kw>
<kw name="Then the BMI result should be &quot;22.9&quot;" owner="bmi_keywords" source_name="the BMI result should be &quot;${expected_bmi}&quot;">
<kw name="Set Variable If" owner="BuiltIn">
<msg time="2025-04-10T11:55:23.974204" level="INFO">${actual_bmi} = 22.9</msg>
<var>${actual_bmi}</var>
<arg>"${BMI_VALUE}" == "None"</arg>
<arg>None</arg>
<arg>${BMI_VALUE}</arg>
<doc>Sets variable based on the given condition.</doc>
<status status="PASS" start="2025-04-10T11:55:23.974204" elapsed="0.000000"/>
</kw>
<kw name="Set Variable If" owner="BuiltIn">
<msg time="2025-04-10T11:55:23.974204" level="INFO">${expected} = 22.9</msg>
<var>${expected}</var>
<arg>"${expected_bmi}" == "None"</arg>
<arg>None</arg>
<arg>${expected_bmi}</arg>
<doc>Sets variable based on the given condition.</doc>
<status status="PASS" start="2025-04-10T11:55:23.974204" elapsed="0.000000"/>
</kw>
<kw name="Should Be Equal As Strings" owner="BuiltIn">
<msg time="2025-04-10T11:55:23.974204" level="INFO">Argument types are:
&lt;class 'float'&gt;
&lt;class 'str'&gt;</msg>
<arg>${actual_bmi}</arg>
<arg>${expected}</arg>
<arg>msg=Expected BMI value ${expected} but got ${actual_bmi}</arg>
<doc>Fails if objects are unequal after converting them to strings.</doc>
<status status="PASS" start="2025-04-10T11:55:23.974204" elapsed="0.000000"/>
</kw>
<status status="PASS" start="2025-04-10T11:55:23.973203" elapsed="0.001001"/>
</kw>
<kw name="And the BMI category should be &quot;Normal weight&quot;" owner="bmi_keywords" source_name="the BMI category should be &quot;${expected_category}&quot;">
<kw name="Should Be Equal" owner="BuiltIn">
<arg>${BMI_CATEGORY}</arg>
<arg>${expected_category}</arg>
<arg>msg=Expected category ${expected_category} but got ${BMI_CATEGORY}</arg>
<doc>Fails if the given objects are unequal.</doc>
<status status="PASS" start="2025-04-10T11:55:23.975204" elapsed="0.000000"/>
</kw>
<status status="PASS" start="2025-04-10T11:55:23.975204" elapsed="0.000000"/>
</kw>
<kw name="Cleanup BMI Test" owner="bmi_keywords" type="TEARDOWN">
<kw name="No Operation" owner="BuiltIn">
<doc>Does absolutely nothing.</doc>
<status status="PASS" start="2025-04-10T11:55:23.976209" elapsed="0.000000"/>
</kw>
<status status="PASS" start="2025-04-10T11:55:23.976209" elapsed="0.000000"/>
</kw>
<status status="PASS" start="2025-04-10T11:55:23.967203" elapsed="0.010004"/>
</test>
<test id="s1-t2" name="Scenario: Calculate BMI for Underweight Person" line="14">
<kw name="Setup BMI Test" owner="bmi_keywords" type="SETUP">
<kw name="File Should Exist" owner="OperatingSystem">
<msg time="2025-04-10T11:55:23.979207" level="INFO" html="true">File '&lt;a href="file://C:\Users\skuma104\OneDrive - Capgemini\Documents\Innovation-Project\BMI_calculator\source_code\BMI_calculator.py"&gt;C:\Users\skuma104\OneDrive - Capgemini\Documents\Innovation-Project\BMI_calculator\source_code\BMI_calculator.py&lt;/a&gt;' exists.</msg>
<arg>${BMI_MODULE}</arg>
<arg>msg=BMI calculator module not found at ${BMI_MODULE}</arg>
<doc>Fails unless the given ``path`` points to an existing file.</doc>
<status status="PASS" start="2025-04-10T11:55:23.978207" elapsed="0.001000"/>
</kw>
<kw name="Log" owner="BuiltIn">
<msg time="2025-04-10T11:55:23.980210" level="INFO">Setting up test for BMI calculator</msg>
<arg>Setting up test for BMI calculator</arg>
<doc>Logs the given message with the given level.</doc>
<status status="PASS" start="2025-04-10T11:55:23.980210" elapsed="0.000000"/>
</kw>
<status status="PASS" start="2025-04-10T11:55:23.978207" elapsed="0.002003"/>
</kw>
<kw name="Given the BMI calculator is available" owner="bmi_keywords">
<kw name="Log" owner="BuiltIn">
<msg time="2025-04-10T11:55:23.980210" level="INFO">Verified BMI calculator is available</msg>
<arg>Verified BMI calculator is available</arg>
<doc>Logs the given message with the given level.</doc>
<status status="PASS" start="2025-04-10T11:55:23.980210" elapsed="0.000000"/>
</kw>
<status status="PASS" start="2025-04-10T11:55:23.980210" elapsed="0.001508"/>
</kw>
<kw name="When I calculate BMI with height &quot;180&quot; cm and weight &quot;55&quot; kg" owner="bmi_keywords" source_name="I calculate BMI with height &quot;${height}&quot; cm and weight &quot;${weight}&quot; kg">
<kw name="Calculate Bmi" owner="BMI_calculator">
<msg time="2025-04-10T11:55:23.982728" level="INFO">${result} = (17.0, 'Underweight')</msg>
<var>${result}</var>
<arg>${height}</arg>
<arg>${weight}</arg>
<doc>Calculate BMI (Body Mass Index) and determine the weight category.</doc>
<status status="PASS" start="2025-04-10T11:55:23.981718" elapsed="0.001010"/>
</kw>
<kw name="Set Test Variable" owner="BuiltIn">
<msg time="2025-04-10T11:55:23.983727" level="INFO">${BMI_VALUE} = 17.0</msg>
<arg>${BMI_VALUE}</arg>
<arg>${result}[0]</arg>
<doc>Makes a variable available everywhere within the scope of the current test.</doc>
<status status="PASS" start="2025-04-10T11:55:23.982728" elapsed="0.000999"/>
</kw>
<kw name="Set Test Variable" owner="BuiltIn">
<msg time="2025-04-10T11:55:23.984727" level="INFO">${BMI_CATEGORY} = Underweight</msg>
<arg>${BMI_CATEGORY}</arg>
<arg>${result}[1]</arg>
<doc>Makes a variable available everywhere within the scope of the current test.</doc>
<status status="PASS" start="2025-04-10T11:55:23.983727" elapsed="0.001000"/>
</kw>
<kw name="Log" owner="BuiltIn">
<msg time="2025-04-10T11:55:23.984727" level="INFO">BMI Result: (17.0, 'Underweight')</msg>
<arg>BMI Result: ${result}</arg>
<doc>Logs the given message with the given level.</doc>
<status status="PASS" start="2025-04-10T11:55:23.984727" elapsed="0.000000"/>
</kw>
<kw name="Log" owner="BuiltIn">
<msg time="2025-04-10T11:55:23.984727" level="INFO">BMI Value: 17.0</msg>
<arg>BMI Value: ${BMI_VALUE}</arg>
<doc>Logs the given message with the given level.</doc>
<status status="PASS" start="2025-04-10T11:55:23.984727" elapsed="0.000000"/>
</kw>
<kw name="Log" owner="BuiltIn">
<msg time="2025-04-10T11:55:23.985725" level="INFO">BMI Category: Underweight</msg>
<arg>BMI Category: ${BMI_CATEGORY}</arg>
<doc>Logs the given message with the given level.</doc>
<status status="PASS" start="2025-04-10T11:55:23.985725" elapsed="0.000000"/>
</kw>
<status status="PASS" start="2025-04-10T11:55:23.981718" elapsed="0.004007"/>
</kw>
<kw name="Then the BMI result should be &quot;17.0&quot;" owner="bmi_keywords" source_name="the BMI result should be &quot;${expected_bmi}&quot;">
<kw name="Set Variable If" owner="BuiltIn">
<msg time="2025-04-10T11:55:23.986724" level="INFO">${actual_bmi} = 17.0</msg>
<var>${actual_bmi}</var>
<arg>"${BMI_VALUE}" == "None"</arg>
<arg>None</arg>
<arg>${BMI_VALUE}</arg>
<doc>Sets variable based on the given condition.</doc>
<status status="PASS" start="2025-04-10T11:55:23.986724" elapsed="0.000000"/>
</kw>
<kw name="Set Variable If" owner="BuiltIn">
<msg time="2025-04-10T11:55:23.987726" level="INFO">${expected} = 17.0</msg>
<var>${expected}</var>
<arg>"${expected_bmi}" == "None"</arg>
<arg>None</arg>
<arg>${expected_bmi}</arg>
<doc>Sets variable based on the given condition.</doc>
<status status="PASS" start="2025-04-10T11:55:23.986724" elapsed="0.001002"/>
</kw>
<kw name="Should Be Equal As Strings" owner="BuiltIn">
<msg time="2025-04-10T11:55:23.987726" level="INFO">Argument types are:
&lt;class 'float'&gt;
&lt;class 'str'&gt;</msg>
<arg>${actual_bmi}</arg>
<arg>${expected}</arg>
<arg>msg=Expected BMI value ${expected} but got ${actual_bmi}</arg>
<doc>Fails if objects are unequal after converting them to strings.</doc>
<status status="PASS" start="2025-04-10T11:55:23.987726" elapsed="0.000000"/>
</kw>
<status status="PASS" start="2025-04-10T11:55:23.985725" elapsed="0.002001"/>
</kw>
<kw name="And the BMI category should be &quot;Underweight&quot;" owner="bmi_keywords" source_name="the BMI category should be &quot;${expected_category}&quot;">
<kw name="Should Be Equal" owner="BuiltIn">
<arg>${BMI_CATEGORY}</arg>
<arg>${expected_category}</arg>
<arg>msg=Expected category ${expected_category} but got ${BMI_CATEGORY}</arg>
<doc>Fails if the given objects are unequal.</doc>
<status status="PASS" start="2025-04-10T11:55:23.988728" elapsed="0.001000"/>
</kw>
<status status="PASS" start="2025-04-10T11:55:23.988728" elapsed="0.001000"/>
</kw>
<kw name="Cleanup BMI Test" owner="bmi_keywords" type="TEARDOWN">
<kw name="No Operation" owner="BuiltIn">
<doc>Does absolutely nothing.</doc>
<status status="PASS" start="2025-04-10T11:55:23.998727" elapsed="0.000000"/>
</kw>
<status status="PASS" start="2025-04-10T11:55:23.997727" elapsed="0.001000"/>
</kw>
<status status="PASS" start="2025-04-10T11:55:23.977207" elapsed="0.023544"/>
</test>
<test id="s1-t3" name="Scenario: Calculate BMI for Overweight Person" line="20">
<kw name="Setup BMI Test" owner="bmi_keywords" type="SETUP">
<kw name="File Should Exist" owner="OperatingSystem">
<msg time="2025-04-10T11:55:24.004727" level="INFO" html="true">File '&lt;a href="file://C:\Users\skuma104\OneDrive - Capgemini\Documents\Innovation-Project\BMI_calculator\source_code\BMI_calculator.py"&gt;C:\Users\skuma104\OneDrive - Capgemini\Documents\Innovation-Project\BMI_calculator\source_code\BMI_calculator.py&lt;/a&gt;' exists.</msg>
<arg>${BMI_MODULE}</arg>
<arg>msg=BMI calculator module not found at ${BMI_MODULE}</arg>
<doc>Fails unless the given ``path`` points to an existing file.</doc>
<status status="PASS" start="2025-04-10T11:55:24.003726" elapsed="0.001001"/>
</kw>
<kw name="Log" owner="BuiltIn">
<msg time="2025-04-10T11:55:24.005988" level="INFO">Setting up test for BMI calculator</msg>
<arg>Setting up test for BMI calculator</arg>
<doc>Logs the given message with the given level.</doc>
<status status="PASS" start="2025-04-10T11:55:24.005988" elapsed="0.000000"/>
</kw>
<status status="PASS" start="2025-04-10T11:55:24.003726" elapsed="0.002262"/>
</kw>
<kw name="Given the BMI calculator is available" owner="bmi_keywords">
<kw name="Log" owner="BuiltIn">
<msg time="2025-04-10T11:55:24.007288" level="INFO">Verified BMI calculator is available</msg>
<arg>Verified BMI calculator is available</arg>
<doc>Logs the given message with the given level.</doc>
<status status="PASS" start="2025-04-10T11:55:24.007288" elapsed="0.000000"/>
</kw>
<status status="PASS" start="2025-04-10T11:55:24.005988" elapsed="0.001300"/>
</kw>
<kw name="When I calculate BMI with height &quot;165&quot; cm and weight &quot;75&quot; kg" owner="bmi_keywords" source_name="I calculate BMI with height &quot;${height}&quot; cm and weight &quot;${weight}&quot; kg">
<kw name="Calculate Bmi" owner="BMI_calculator">
<msg time="2025-04-10T11:55:24.008299" level="INFO">${result} = (27.5, 'Overweight')</msg>
<var>${result}</var>
<arg>${height}</arg>
<arg>${weight}</arg>
<doc>Calculate BMI (Body Mass Index) and determine the weight category.</doc>
<status status="PASS" start="2025-04-10T11:55:24.008299" elapsed="0.000000"/>
</kw>
<kw name="Set Test Variable" owner="BuiltIn">
<msg time="2025-04-10T11:55:24.009298" level="INFO">${BMI_VALUE} = 27.5</msg>
<arg>${BMI_VALUE}</arg>
<arg>${result}[0]</arg>
<doc>Makes a variable available everywhere within the scope of the current test.</doc>
<status status="PASS" start="2025-04-10T11:55:24.008299" elapsed="0.000999"/>
</kw>
<kw name="Set Test Variable" owner="BuiltIn">
<msg time="2025-04-10T11:55:24.010294" level="INFO">${BMI_CATEGORY} = Overweight</msg>
<arg>${BMI_CATEGORY}</arg>
<arg>${result}[1]</arg>
<doc>Makes a variable available everywhere within the scope of the current test.</doc>
<status status="PASS" start="2025-04-10T11:55:24.010294" elapsed="0.000000"/>
</kw>
<kw name="Log" owner="BuiltIn">
<msg time="2025-04-10T11:55:24.011297" level="INFO">BMI Result: (27.5, 'Overweight')</msg>
<arg>BMI Result: ${result}</arg>
<doc>Logs the given message with the given level.</doc>
<status status="PASS" start="2025-04-10T11:55:24.011297" elapsed="0.000000"/>
</kw>
<kw name="Log" owner="BuiltIn">
<msg time="2025-04-10T11:55:24.012295" level="INFO">BMI Value: 27.5</msg>
<arg>BMI Value: ${BMI_VALUE}</arg>
<doc>Logs the given message with the given level.</doc>
<status status="PASS" start="2025-04-10T11:55:24.012295" elapsed="0.000000"/>
</kw>
<kw name="Log" owner="BuiltIn">
<msg time="2025-04-10T11:55:24.012295" level="INFO">BMI Category: Overweight</msg>
<arg>BMI Category: ${BMI_CATEGORY}</arg>
<doc>Logs the given message with the given level.</doc>
<status status="PASS" start="2025-04-10T11:55:24.012295" elapsed="0.000999"/>
</kw>
<status status="PASS" start="2025-04-10T11:55:24.008299" elapsed="0.004995"/>
</kw>
<kw name="Then the BMI result should be &quot;27.5&quot;" owner="bmi_keywords" source_name="the BMI result should be &quot;${expected_bmi}&quot;">
<kw name="Set Variable If" owner="BuiltIn">
<msg time="2025-04-10T11:55:24.015304" level="INFO">${actual_bmi} = 27.5</msg>
<var>${actual_bmi}</var>
<arg>"${BMI_VALUE}" == "None"</arg>
<arg>None</arg>
<arg>${BMI_VALUE}</arg>
<doc>Sets variable based on the given condition.</doc>
<status status="PASS" start="2025-04-10T11:55:24.015304" elapsed="0.000000"/>
</kw>
<kw name="Set Variable If" owner="BuiltIn">
<msg time="2025-04-10T11:55:24.016294" level="INFO">${expected} = 27.5</msg>
<var>${expected}</var>
<arg>"${expected_bmi}" == "None"</arg>
<arg>None</arg>
<arg>${expected_bmi}</arg>
<doc>Sets variable based on the given condition.</doc>
<status status="PASS" start="2025-04-10T11:55:24.016294" elapsed="0.000000"/>
</kw>
<kw name="Should Be Equal As Strings" owner="BuiltIn">
<msg time="2025-04-10T11:55:24.017295" level="INFO">Argument types are:
&lt;class 'float'&gt;
&lt;class 'str'&gt;</msg>
<arg>${actual_bmi}</arg>
<arg>${expected}</arg>
<arg>msg=Expected BMI value ${expected} but got ${actual_bmi}</arg>
<doc>Fails if objects are unequal after converting them to strings.</doc>
<status status="PASS" start="2025-04-10T11:55:24.016294" elapsed="0.001001"/>
</kw>
<status status="PASS" start="2025-04-10T11:55:24.014297" elapsed="0.002998"/>
</kw>
<kw name="And the BMI category should be &quot;Overweight&quot;" owner="bmi_keywords" source_name="the BMI category should be &quot;${expected_category}&quot;">
<kw name="Should Be Equal" owner="BuiltIn">
<arg>${BMI_CATEGORY}</arg>
<arg>${expected_category}</arg>
<arg>msg=Expected category ${expected_category} but got ${BMI_CATEGORY}</arg>
<doc>Fails if the given objects are unequal.</doc>
<status status="PASS" start="2025-04-10T11:55:24.018295" elapsed="0.000000"/>
</kw>
<status status="PASS" start="2025-04-10T11:55:24.017295" elapsed="0.001000"/>
</kw>
<kw name="Cleanup BMI Test" owner="bmi_keywords" type="TEARDOWN">
<kw name="No Operation" owner="BuiltIn">
<doc>Does absolutely nothing.</doc>
<status status="PASS" start="2025-04-10T11:55:24.019295" elapsed="0.001009"/>
</kw>
<status status="PASS" start="2025-04-10T11:55:24.019295" elapsed="0.001009"/>
</kw>
<status status="PASS" start="2025-04-10T11:55:24.002753" elapsed="0.017551"/>
</test>
<test id="s1-t4" name="Scenario: Calculate BMI for Obese Person" line="26">
<kw name="Setup BMI Test" owner="bmi_keywords" type="SETUP">
<kw name="File Should Exist" owner="OperatingSystem">
<msg time="2025-04-10T11:55:24.023427" level="INFO" html="true">File '&lt;a href="file://C:\Users\skuma104\OneDrive - Capgemini\Documents\Innovation-Project\BMI_calculator\source_code\BMI_calculator.py"&gt;C:\Users\skuma104\OneDrive - Capgemini\Documents\Innovation-Project\BMI_calculator\source_code\BMI_calculator.py&lt;/a&gt;' exists.</msg>
<arg>${BMI_MODULE}</arg>
<arg>msg=BMI calculator module not found at ${BMI_MODULE}</arg>
<doc>Fails unless the given ``path`` points to an existing file.</doc>
<status status="PASS" start="2025-04-10T11:55:24.022416" elapsed="0.001011"/>
</kw>
<kw name="Log" owner="BuiltIn">
<msg time="2025-04-10T11:55:24.023427" level="INFO">Setting up test for BMI calculator</msg>
<arg>Setting up test for BMI calculator</arg>
<doc>Logs the given message with the given level.</doc>
<status status="PASS" start="2025-04-10T11:55:24.023427" elapsed="0.000000"/>
</kw>
<status status="PASS" start="2025-04-10T11:55:24.021297" elapsed="0.003128"/>
</kw>
<kw name="Given the BMI calculator is available" owner="bmi_keywords">
<kw name="Log" owner="BuiltIn">
<msg time="2025-04-10T11:55:24.025432" level="INFO">Verified BMI calculator is available</msg>
<arg>Verified BMI calculator is available</arg>
<doc>Logs the given message with the given level.</doc>
<status status="PASS" start="2025-04-10T11:55:24.025432" elapsed="0.000000"/>
</kw>
<status status="PASS" start="2025-04-10T11:55:24.024425" elapsed="0.001007"/>
</kw>
<kw name="When I calculate BMI with height &quot;170&quot; cm and weight &quot;95&quot; kg" owner="bmi_keywords" source_name="I calculate BMI with height &quot;${height}&quot; cm and weight &quot;${weight}&quot; kg">
<kw name="Calculate Bmi" owner="BMI_calculator">
<msg time="2025-04-10T11:55:24.029477" level="INFO">${result} = (32.9, 'Obese')</msg>
<var>${result}</var>
<arg>${height}</arg>
<arg>${weight}</arg>
<doc>Calculate BMI (Body Mass Index) and determine the weight category.</doc>
<status status="PASS" start="2025-04-10T11:55:24.026436" elapsed="0.005998"/>
</kw>
<kw name="Set Test Variable" owner="BuiltIn">
<msg time="2025-04-10T11:55:24.035428" level="INFO">${BMI_VALUE} = 32.9</msg>
<arg>${BMI_VALUE}</arg>
<arg>${result}[0]</arg>
<doc>Makes a variable available everywhere within the scope of the current test.</doc>
<status status="PASS" start="2025-04-10T11:55:24.034429" elapsed="0.001999"/>
</kw>
<kw name="Set Test Variable" owner="BuiltIn">
<msg time="2025-04-10T11:55:24.039427" level="INFO">${BMI_CATEGORY} = Obese</msg>
<arg>${BMI_CATEGORY}</arg>
<arg>${result}[1]</arg>
<doc>Makes a variable available everywhere within the scope of the current test.</doc>
<status status="PASS" start="2025-04-10T11:55:24.036428" elapsed="0.002999"/>
</kw>
<kw name="Log" owner="BuiltIn">
<msg time="2025-04-10T11:55:24.040426" level="INFO">BMI Result: (32.9, 'Obese')</msg>
<arg>BMI Result: ${result}</arg>
<doc>Logs the given message with the given level.</doc>
<status status="PASS" start="2025-04-10T11:55:24.039427" elapsed="0.000999"/>
</kw>
<kw name="Log" owner="BuiltIn">
<msg time="2025-04-10T11:55:24.040426" level="INFO">BMI Value: 32.9</msg>
<arg>BMI Value: ${BMI_VALUE}</arg>
<doc>Logs the given message with the given level.</doc>
<status status="PASS" start="2025-04-10T11:55:24.040426" elapsed="0.000000"/>
</kw>
<kw name="Log" owner="BuiltIn">
<msg time="2025-04-10T11:55:24.041515" level="INFO">BMI Category: Obese</msg>
<arg>BMI Category: ${BMI_CATEGORY}</arg>
<doc>Logs the given message with the given level.</doc>
<status status="PASS" start="2025-04-10T11:55:24.040426" elapsed="0.001089"/>
</kw>
<status status="PASS" start="2025-04-10T11:55:24.026436" elapsed="0.015079"/>
</kw>
<kw name="Then the BMI result should be &quot;32.9&quot;" owner="bmi_keywords" source_name="the BMI result should be &quot;${expected_bmi}&quot;">
<kw name="Set Variable If" owner="BuiltIn">
<msg time="2025-04-10T11:55:24.042523" level="INFO">${actual_bmi} = 32.9</msg>
<var>${actual_bmi}</var>
<arg>"${BMI_VALUE}" == "None"</arg>
<arg>None</arg>
<arg>${BMI_VALUE}</arg>
<doc>Sets variable based on the given condition.</doc>
<status status="PASS" start="2025-04-10T11:55:24.042523" elapsed="0.001001"/>
</kw>
<kw name="Set Variable If" owner="BuiltIn">
<msg time="2025-04-10T11:55:24.043524" level="INFO">${expected} = 32.9</msg>
<var>${expected}</var>
<arg>"${expected_bmi}" == "None"</arg>
<arg>None</arg>
<arg>${expected_bmi}</arg>
<doc>Sets variable based on the given condition.</doc>
<status status="PASS" start="2025-04-10T11:55:24.043524" elapsed="0.000000"/>
</kw>
<kw name="Should Be Equal As Strings" owner="BuiltIn">
<msg time="2025-04-10T11:55:24.043524" level="INFO">Argument types are:
&lt;class 'float'&gt;
&lt;class 'str'&gt;</msg>
<arg>${actual_bmi}</arg>
<arg>${expected}</arg>
<arg>msg=Expected BMI value ${expected} but got ${actual_bmi}</arg>
<doc>Fails if objects are unequal after converting them to strings.</doc>
<status status="PASS" start="2025-04-10T11:55:24.043524" elapsed="0.000000"/>
</kw>
<status status="PASS" start="2025-04-10T11:55:24.042523" elapsed="0.002000"/>
</kw>
<kw name="And the BMI category should be &quot;Obese&quot;" owner="bmi_keywords" source_name="the BMI category should be &quot;${expected_category}&quot;">
<kw name="Should Be Equal" owner="BuiltIn">
<arg>${BMI_CATEGORY}</arg>
<arg>${expected_category}</arg>
<arg>msg=Expected category ${expected_category} but got ${BMI_CATEGORY}</arg>
<doc>Fails if the given objects are unequal.</doc>
<status status="PASS" start="2025-04-10T11:55:24.045524" elapsed="0.000999"/>
</kw>
<status status="PASS" start="2025-04-10T11:55:24.044523" elapsed="0.002000"/>
</kw>
<kw name="Cleanup BMI Test" owner="bmi_keywords" type="TEARDOWN">
<kw name="No Operation" owner="BuiltIn">
<doc>Does absolutely nothing.</doc>
<status status="PASS" start="2025-04-10T11:55:24.057763" elapsed="0.001226"/>
</kw>
<status status="PASS" start="2025-04-10T11:55:24.048523" elapsed="0.011489"/>
</kw>
<status status="PASS" start="2025-04-10T11:55:24.021297" elapsed="0.040080"/>
</test>
<test id="s1-t5" name="Scenario: Validate Error for Missing Height" line="32">
<kw name="Setup BMI Test" owner="bmi_keywords" type="SETUP">
<kw name="File Should Exist" owner="OperatingSystem">
<msg time="2025-04-10T11:55:24.074021" level="INFO" html="true">File '&lt;a href="file://C:\Users\skuma104\OneDrive - Capgemini\Documents\Innovation-Project\BMI_calculator\source_code\BMI_calculator.py"&gt;C:\Users\skuma104\OneDrive - Capgemini\Documents\Innovation-Project\BMI_calculator\source_code\BMI_calculator.py&lt;/a&gt;' exists.</msg>
<arg>${BMI_MODULE}</arg>
<arg>msg=BMI calculator module not found at ${BMI_MODULE}</arg>
<doc>Fails unless the given ``path`` points to an existing file.</doc>
<status status="PASS" start="2025-04-10T11:55:24.068467" elapsed="0.005554"/>
</kw>
<kw name="Log" owner="BuiltIn">
<msg time="2025-04-10T11:55:24.074021" level="INFO">Setting up test for BMI calculator</msg>
<arg>Setting up test for BMI calculator</arg>
<doc>Logs the given message with the given level.</doc>
<status status="PASS" start="2025-04-10T11:55:24.074021" elapsed="0.000998"/>
</kw>
<status status="PASS" start="2025-04-10T11:55:24.067449" elapsed="0.007570"/>
</kw>
<kw name="Given the BMI calculator is available" owner="bmi_keywords">
<kw name="Log" owner="BuiltIn">
<msg time="2025-04-10T11:55:24.076020" level="INFO">Verified BMI calculator is available</msg>
<arg>Verified BMI calculator is available</arg>
<doc>Logs the given message with the given level.</doc>
<status status="PASS" start="2025-04-10T11:55:24.076020" elapsed="0.000000"/>
</kw>
<status status="PASS" start="2025-04-10T11:55:24.075019" elapsed="0.001001"/>
</kw>
<kw name="When I calculate BMI with height &quot;&quot; cm and weight &quot;70&quot; kg" owner="bmi_keywords" source_name="I calculate BMI with height &quot;${height}&quot; cm and weight &quot;${weight}&quot; kg">
<kw name="Calculate Bmi" owner="BMI_calculator">
<msg time="2025-04-10T11:55:24.077022" level="INFO">${result} = (None, 'Error: Please enter your height')</msg>
<var>${result}</var>
<arg>${height}</arg>
<arg>${weight}</arg>
<doc>Calculate BMI (Body Mass Index) and determine the weight category.</doc>
<status status="PASS" start="2025-04-10T11:55:24.077022" elapsed="0.000000"/>
</kw>
<kw name="Set Test Variable" owner="BuiltIn">
<msg time="2025-04-10T11:55:24.079022" level="INFO">${BMI_VALUE} = None</msg>
<arg>${BMI_VALUE}</arg>
<arg>${result}[0]</arg>
<doc>Makes a variable available everywhere within the scope of the current test.</doc>
<status status="PASS" start="2025-04-10T11:55:24.077022" elapsed="0.002000"/>
</kw>
<kw name="Set Test Variable" owner="BuiltIn">
<msg time="2025-04-10T11:55:24.090745" level="INFO">${BMI_CATEGORY} = Error: Please enter your height</msg>
<arg>${BMI_CATEGORY}</arg>
<arg>${result}[1]</arg>
<doc>Makes a variable available everywhere within the scope of the current test.</doc>
<status status="PASS" start="2025-04-10T11:55:24.080223" elapsed="0.010522"/>
</kw>
<kw name="Log" owner="BuiltIn">
<msg time="2025-04-10T11:55:24.092762" level="INFO">BMI Result: (None, 'Error: Please enter your height')</msg>
<arg>BMI Result: ${result}</arg>
<doc>Logs the given message with the given level.</doc>
<status status="PASS" start="2025-04-10T11:55:24.092762" elapsed="0.000000"/>
</kw>
<kw name="Log" owner="BuiltIn">
<msg time="2025-04-10T11:55:24.092762" level="INFO">BMI Value: None</msg>
<arg>BMI Value: ${BMI_VALUE}</arg>
<doc>Logs the given message with the given level.</doc>
<status status="PASS" start="2025-04-10T11:55:24.092762" elapsed="0.000981"/>
</kw>
<kw name="Log" owner="BuiltIn">
<msg time="2025-04-10T11:55:24.093743" level="INFO">BMI Category: Error: Please enter your height</msg>
<arg>BMI Category: ${BMI_CATEGORY}</arg>
<doc>Logs the given message with the given level.</doc>
<status status="PASS" start="2025-04-10T11:55:24.093743" elapsed="0.000000"/>
</kw>
<status status="PASS" start="2025-04-10T11:55:24.077022" elapsed="0.016721"/>
</kw>
<kw name="Then an error should be reported" owner="bmi_keywords">
<kw name="Should Be Equal" owner="BuiltIn">
<arg>${BMI_VALUE}</arg>
<arg>${None}</arg>
<arg>msg=Expected an error (None BMI value) but got: ${BMI_VALUE}</arg>
<doc>Fails if the given objects are unequal.</doc>
<status status="PASS" start="2025-04-10T11:55:24.094746" elapsed="0.000000"/>
</kw>
<kw name="Should Contain" owner="BuiltIn">
<arg>${BMI_CATEGORY}</arg>
<arg>Error</arg>
<arg>msg=Expected error message but got: ${BMI_CATEGORY}</arg>
<doc>Fails if ``container`` does not contain ``item`` one or more times.</doc>
<status status="PASS" start="2025-04-10T11:55:24.095750" elapsed="0.007996"/>
</kw>
<status status="PASS" start="2025-04-10T11:55:24.093743" elapsed="0.010003"/>
</kw>
<kw name="And the error should contain &quot;Please enter your height&quot;" owner="bmi_keywords" source_name="the error should contain &quot;${expected_text}&quot;">
<kw name="Should Contain" owner="BuiltIn">
<arg>${BMI_CATEGORY}</arg>
<arg>${expected_text}</arg>
<arg>ignore_case=True</arg>
<arg>msg=Expected error message containing '${expected_text}' but got: ${BMI_CATEGORY}</arg>
<doc>Fails if ``container`` does not contain ``item`` one or more times.</doc>
<status status="PASS" start="2025-04-10T11:55:24.106744" elapsed="0.001054"/>
</kw>
<status status="PASS" start="2025-04-10T11:55:24.105749" elapsed="0.002049"/>
</kw>
<kw name="Cleanup BMI Test" owner="bmi_keywords" type="TEARDOWN">
<kw name="No Operation" owner="BuiltIn">
<doc>Does absolutely nothing.</doc>
<status status="PASS" start="2025-04-10T11:55:24.108807" elapsed="0.000000"/>
</kw>
<status status="PASS" start="2025-04-10T11:55:24.108807" elapsed="0.000999"/>
</kw>
<status status="PASS" start="2025-04-10T11:55:24.062386" elapsed="0.047420"/>
</test>
<test id="s1-t6" name="Scenario: Validate Error for Missing Weight" line="38">
<kw name="Setup BMI Test" owner="bmi_keywords" type="SETUP">
<kw name="File Should Exist" owner="OperatingSystem">
<msg time="2025-04-10T11:55:24.164803" level="INFO" html="true">File '&lt;a href="file://C:\Users\skuma104\OneDrive - Capgemini\Documents\Innovation-Project\BMI_calculator\source_code\BMI_calculator.py"&gt;C:\Users\skuma104\OneDrive - Capgemini\Documents\Innovation-Project\BMI_calculator\source_code\BMI_calculator.py&lt;/a&gt;' exists.</msg>
<arg>${BMI_MODULE}</arg>
<arg>msg=BMI calculator module not found at ${BMI_MODULE}</arg>
<doc>Fails unless the given ``path`` points to an existing file.</doc>
<status status="PASS" start="2025-04-10T11:55:24.155277" elapsed="0.009526"/>
</kw>
<kw name="Log" owner="BuiltIn">
<msg time="2025-04-10T11:55:24.167128" level="INFO">Setting up test for BMI calculator</msg>
<arg>Setting up test for BMI calculator</arg>
<doc>Logs the given message with the given level.</doc>
<status status="PASS" start="2025-04-10T11:55:24.167128" elapsed="0.000993"/>
</kw>
<status status="PASS" start="2025-04-10T11:55:24.149505" elapsed="0.020654"/>
</kw>
<kw name="Given the BMI calculator is available" owner="bmi_keywords">
<kw name="Log" owner="BuiltIn">
<msg time="2025-04-10T11:55:24.183805" level="INFO">Verified BMI calculator is available</msg>
<arg>Verified BMI calculator is available</arg>
<doc>Logs the given message with the given level.</doc>
<status status="PASS" start="2025-04-10T11:55:24.182803" elapsed="0.001002"/>
</kw>
<status status="PASS" start="2025-04-10T11:55:24.180249" elapsed="0.003556"/>
</kw>
<kw name="When I calculate BMI with height &quot;175&quot; cm and weight &quot;&quot; kg" owner="bmi_keywords" source_name="I calculate BMI with height &quot;${height}&quot; cm and weight &quot;${weight}&quot; kg">
<kw name="Calculate Bmi" owner="BMI_calculator">
<msg time="2025-04-10T11:55:24.189210" level="INFO">${result} = (None, 'Error: Please enter your weight')</msg>
<var>${result}</var>
<arg>${height}</arg>
<arg>${weight}</arg>
<doc>Calculate BMI (Body Mass Index) and determine the weight category.</doc>
<status status="PASS" start="2025-04-10T11:55:24.187211" elapsed="0.001999"/>
</kw>
<kw name="Set Test Variable" owner="BuiltIn">
<msg time="2025-04-10T11:55:24.191223" level="INFO">${BMI_VALUE} = None</msg>
<arg>${BMI_VALUE}</arg>
<arg>${result}[0]</arg>
<doc>Makes a variable available everywhere within the scope of the current test.</doc>
<status status="PASS" start="2025-04-10T11:55:24.190285" elapsed="0.000938"/>
</kw>
<kw name="Set Test Variable" owner="BuiltIn">
<msg time="2025-04-10T11:55:24.192205" level="INFO">${BMI_CATEGORY} = Error: Please enter your weight</msg>
<arg>${BMI_CATEGORY}</arg>
<arg>${result}[1]</arg>
<doc>Makes a variable available everywhere within the scope of the current test.</doc>
<status status="PASS" start="2025-04-10T11:55:24.192205" elapsed="0.000000"/>
</kw>
<kw name="Log" owner="BuiltIn">
<msg time="2025-04-10T11:55:24.192205" level="INFO">BMI Result: (None, 'Error: Please enter your weight')</msg>
<arg>BMI Result: ${result}</arg>
<doc>Logs the given message with the given level.</doc>
<status status="PASS" start="2025-04-10T11:55:24.192205" elapsed="0.000000"/>
</kw>
<kw name="Log" owner="BuiltIn">
<msg time="2025-04-10T11:55:24.193201" level="INFO">BMI Value: None</msg>
<arg>BMI Value: ${BMI_VALUE}</arg>
<doc>Logs the given message with the given level.</doc>
<status status="PASS" start="2025-04-10T11:55:24.192205" elapsed="0.000996"/>
</kw>
<kw name="Log" owner="BuiltIn">
<msg time="2025-04-10T11:55:24.193201" level="INFO">BMI Category: Error: Please enter your weight</msg>
<arg>BMI Category: ${BMI_CATEGORY}</arg>
<doc>Logs the given message with the given level.</doc>
<status status="PASS" start="2025-04-10T11:55:24.193201" elapsed="0.000000"/>
</kw>
<status status="PASS" start="2025-04-10T11:55:24.185192" elapsed="0.008009"/>
</kw>
<kw name="Then an error should be reported" owner="bmi_keywords">
<kw name="Should Be Equal" owner="BuiltIn">
<arg>${BMI_VALUE}</arg>
<arg>${None}</arg>
<arg>msg=Expected an error (None BMI value) but got: ${BMI_VALUE}</arg>
<doc>Fails if the given objects are unequal.</doc>
<status status="PASS" start="2025-04-10T11:55:24.193201" elapsed="0.001003"/>
</kw>
<kw name="Should Contain" owner="BuiltIn">
<arg>${BMI_CATEGORY}</arg>
<arg>Error</arg>
<arg>msg=Expected error message but got: ${BMI_CATEGORY}</arg>
<doc>Fails if ``container`` does not contain ``item`` one or more times.</doc>
<status status="PASS" start="2025-04-10T11:55:24.194204" elapsed="0.000000"/>
</kw>
<status status="PASS" start="2025-04-10T11:55:24.193201" elapsed="0.001003"/>
</kw>
<kw name="And the error should contain &quot;Please enter your weight&quot;" owner="bmi_keywords" source_name="the error should contain &quot;${expected_text}&quot;">
<kw name="Should Contain" owner="BuiltIn">
<arg>${BMI_CATEGORY}</arg>
<arg>${expected_text}</arg>
<arg>ignore_case=True</arg>
<arg>msg=Expected error message containing '${expected_text}' but got: ${BMI_CATEGORY}</arg>
<doc>Fails if ``container`` does not contain ``item`` one or more times.</doc>
<status status="PASS" start="2025-04-10T11:55:24.196203" elapsed="0.000000"/>
</kw>
<status status="PASS" start="2025-04-10T11:55:24.195200" elapsed="0.001003"/>
</kw>
<kw name="Cleanup BMI Test" owner="bmi_keywords" type="TEARDOWN">
<kw name="No Operation" owner="BuiltIn">
<doc>Does absolutely nothing.</doc>
<status status="PASS" start="2025-04-10T11:55:24.199209" elapsed="0.001013"/>
</kw>
<status status="PASS" start="2025-04-10T11:55:24.197213" elapsed="0.003009"/>
</kw>
<status status="PASS" start="2025-04-10T11:55:24.110812" elapsed="0.090391"/>
</test>
<test id="s1-t7" name="Scenario: Validate Error for Non-Numeric Height" line="44">
<kw name="Setup BMI Test" owner="bmi_keywords" type="SETUP">
<kw name="File Should Exist" owner="OperatingSystem">
<msg time="2025-04-10T11:55:24.203199" level="INFO" html="true">File '&lt;a href="file://C:\Users\skuma104\OneDrive - Capgemini\Documents\Innovation-Project\BMI_calculator\source_code\BMI_calculator.py"&gt;C:\Users\skuma104\OneDrive - Capgemini\Documents\Innovation-Project\BMI_calculator\source_code\BMI_calculator.py&lt;/a&gt;' exists.</msg>
<arg>${BMI_MODULE}</arg>
<arg>msg=BMI calculator module not found at ${BMI_MODULE}</arg>
<doc>Fails unless the given ``path`` points to an existing file.</doc>
<status status="PASS" start="2025-04-10T11:55:24.202201" elapsed="0.000998"/>
</kw>
<kw name="Log" owner="BuiltIn">
<msg time="2025-04-10T11:55:24.203199" level="INFO">Setting up test for BMI calculator</msg>
<arg>Setting up test for BMI calculator</arg>
<doc>Logs the given message with the given level.</doc>
<status status="PASS" start="2025-04-10T11:55:24.203199" elapsed="0.000000"/>
</kw>
<status status="PASS" start="2025-04-10T11:55:24.202201" elapsed="0.000998"/>
</kw>
<kw name="Given the BMI calculator is available" owner="bmi_keywords">
<kw name="Log" owner="BuiltIn">
<msg time="2025-04-10T11:55:24.204253" level="INFO">Verified BMI calculator is available</msg>
<arg>Verified BMI calculator is available</arg>
<doc>Logs the given message with the given level.</doc>
<status status="PASS" start="2025-04-10T11:55:24.204253" elapsed="0.000000"/>
</kw>
<status status="PASS" start="2025-04-10T11:55:24.204253" elapsed="0.000000"/>
</kw>
<kw name="When I calculate BMI with height &quot;abc&quot; cm and weight &quot;70&quot; kg" owner="bmi_keywords" source_name="I calculate BMI with height &quot;${height}&quot; cm and weight &quot;${weight}&quot; kg">
<kw name="Calculate Bmi" owner="BMI_calculator">
<msg time="2025-04-10T11:55:24.205253" level="INFO">${result} = (None, 'Error: Please enter valid numbers')</msg>
<var>${result}</var>
<arg>${height}</arg>
<arg>${weight}</arg>
<doc>Calculate BMI (Body Mass Index) and determine the weight category.</doc>
<status status="PASS" start="2025-04-10T11:55:24.205253" elapsed="0.000000"/>
</kw>
<kw name="Set Test Variable" owner="BuiltIn">
<msg time="2025-04-10T11:55:24.206255" level="INFO">${BMI_VALUE} = None</msg>
<arg>${BMI_VALUE}</arg>
<arg>${result}[0]</arg>
<doc>Makes a variable available everywhere within the scope of the current test.</doc>
<status status="PASS" start="2025-04-10T11:55:24.205253" elapsed="0.001002"/>
</kw>
<kw name="Set Test Variable" owner="BuiltIn">
<msg time="2025-04-10T11:55:24.206255" level="INFO">${BMI_CATEGORY} = Error: Please enter valid numbers</msg>
<arg>${BMI_CATEGORY}</arg>
<arg>${result}[1]</arg>
<doc>Makes a variable available everywhere within the scope of the current test.</doc>
<status status="PASS" start="2025-04-10T11:55:24.206255" elapsed="0.000000"/>
</kw>
<kw name="Log" owner="BuiltIn">
<msg time="2025-04-10T11:55:24.207250" level="INFO">BMI Result: (None, 'Error: Please enter valid numbers')</msg>
<arg>BMI Result: ${result}</arg>
<doc>Logs the given message with the given level.</doc>
<status status="PASS" start="2025-04-10T11:55:24.207250" elapsed="0.000000"/>
</kw>
<kw name="Log" owner="BuiltIn">
<msg time="2025-04-10T11:55:24.207250" level="INFO">BMI Value: None</msg>
<arg>BMI Value: ${BMI_VALUE}</arg>
<doc>Logs the given message with the given level.</doc>
<status status="PASS" start="2025-04-10T11:55:24.207250" elapsed="0.000000"/>
</kw>
<kw name="Log" owner="BuiltIn">
<msg time="2025-04-10T11:55:24.207250" level="INFO">BMI Category: Error: Please enter valid numbers</msg>
<arg>BMI Category: ${BMI_CATEGORY}</arg>
<doc>Logs the given message with the given level.</doc>
<status status="PASS" start="2025-04-10T11:55:24.207250" elapsed="0.000000"/>
</kw>
<status status="PASS" start="2025-04-10T11:55:24.205253" elapsed="0.001997"/>
</kw>
<kw name="Then an error should be reported" owner="bmi_keywords">
<kw name="Should Be Equal" owner="BuiltIn">
<arg>${BMI_VALUE}</arg>
<arg>${None}</arg>
<arg>msg=Expected an error (None BMI value) but got: ${BMI_VALUE}</arg>
<doc>Fails if the given objects are unequal.</doc>
<status status="PASS" start="2025-04-10T11:55:24.208251" elapsed="0.000000"/>
</kw>
<kw name="Should Contain" owner="BuiltIn">
<arg>${BMI_CATEGORY}</arg>
<arg>Error</arg>
<arg>msg=Expected error message but got: ${BMI_CATEGORY}</arg>
<doc>Fails if ``container`` does not contain ``item`` one or more times.</doc>
<status status="PASS" start="2025-04-10T11:55:24.208251" elapsed="0.000000"/>
</kw>
<status status="PASS" start="2025-04-10T11:55:24.208251" elapsed="0.000000"/>
</kw>
<kw name="And the error should contain &quot;Please enter valid numbers&quot;" owner="bmi_keywords" source_name="the error should contain &quot;${expected_text}&quot;">
<kw name="Should Contain" owner="BuiltIn">
<arg>${BMI_CATEGORY}</arg>
<arg>${expected_text}</arg>
<arg>ignore_case=True</arg>
<arg>msg=Expected error message containing '${expected_text}' but got: ${BMI_CATEGORY}</arg>
<doc>Fails if ``container`` does not contain ``item`` one or more times.</doc>
<status status="PASS" start="2025-04-10T11:55:24.209251" elapsed="0.000000"/>
</kw>
<status status="PASS" start="2025-04-10T11:55:24.208251" elapsed="0.001000"/>
</kw>
<kw name="Cleanup BMI Test" owner="bmi_keywords" type="TEARDOWN">
<kw name="No Operation" owner="BuiltIn">
<doc>Does absolutely nothing.</doc>
<status status="PASS" start="2025-04-10T11:55:24.211252" elapsed="0.000000"/>
</kw>
<status status="PASS" start="2025-04-10T11:55:24.210251" elapsed="0.001001"/>
</kw>
<status status="PASS" start="2025-04-10T11:55:24.201203" elapsed="0.020389"/>
</test>
<test id="s1-t8" name="Scenario: Validate Error for Non-Numeric Weight" line="50">
<kw name="Setup BMI Test" owner="bmi_keywords" type="SETUP">
<kw name="File Should Exist" owner="OperatingSystem">
<msg time="2025-04-10T11:55:24.225788" level="INFO" html="true">File '&lt;a href="file://C:\Users\skuma104\OneDrive - Capgemini\Documents\Innovation-Project\BMI_calculator\source_code\BMI_calculator.py"&gt;C:\Users\skuma104\OneDrive - Capgemini\Documents\Innovation-Project\BMI_calculator\source_code\BMI_calculator.py&lt;/a&gt;' exists.</msg>
<arg>${BMI_MODULE}</arg>
<arg>msg=BMI calculator module not found at ${BMI_MODULE}</arg>
<doc>Fails unless the given ``path`` points to an existing file.</doc>
<status status="PASS" start="2025-04-10T11:55:24.224596" elapsed="0.001192"/>
</kw>
<kw name="Log" owner="BuiltIn">
<msg time="2025-04-10T11:55:24.225788" level="INFO">Setting up test for BMI calculator</msg>
<arg>Setting up test for BMI calculator</arg>
<doc>Logs the given message with the given level.</doc>
<status status="PASS" start="2025-04-10T11:55:24.225788" elapsed="0.000000"/>
</kw>
<status status="PASS" start="2025-04-10T11:55:24.223591" elapsed="0.002197"/>
</kw>
<kw name="Given the BMI calculator is available" owner="bmi_keywords">
<kw name="Log" owner="BuiltIn">
<msg time="2025-04-10T11:55:24.226797" level="INFO">Verified BMI calculator is available</msg>
<arg>Verified BMI calculator is available</arg>
<doc>Logs the given message with the given level.</doc>
<status status="PASS" start="2025-04-10T11:55:24.226797" elapsed="0.000999"/>
</kw>
<status status="PASS" start="2025-04-10T11:55:24.226797" elapsed="0.000999"/>
</kw>
<kw name="When I calculate BMI with height &quot;175&quot; cm and weight &quot;xyz&quot; kg" owner="bmi_keywords" source_name="I calculate BMI with height &quot;${height}&quot; cm and weight &quot;${weight}&quot; kg">
<kw name="Calculate Bmi" owner="BMI_calculator">
<msg time="2025-04-10T11:55:24.228796" level="INFO">${result} = (None, 'Error: Please enter valid numbers')</msg>
<var>${result}</var>
<arg>${height}</arg>
<arg>${weight}</arg>
<doc>Calculate BMI (Body Mass Index) and determine the weight category.</doc>
<status status="PASS" start="2025-04-10T11:55:24.227796" elapsed="0.001000"/>
</kw>
<kw name="Set Test Variable" owner="BuiltIn">
<msg time="2025-04-10T11:55:24.228796" level="INFO">${BMI_VALUE} = None</msg>
<arg>${BMI_VALUE}</arg>
<arg>${result}[0]</arg>
<doc>Makes a variable available everywhere within the scope of the current test.</doc>
<status status="PASS" start="2025-04-10T11:55:24.228796" elapsed="0.000000"/>
</kw>
<kw name="Set Test Variable" owner="BuiltIn">
<msg time="2025-04-10T11:55:24.229796" level="INFO">${BMI_CATEGORY} = Error: Please enter valid numbers</msg>
<arg>${BMI_CATEGORY}</arg>
<arg>${result}[1]</arg>
<doc>Makes a variable available everywhere within the scope of the current test.</doc>
<status status="PASS" start="2025-04-10T11:55:24.228796" elapsed="0.001000"/>
</kw>
<kw name="Log" owner="BuiltIn">
<msg time="2025-04-10T11:55:24.231805" level="INFO">BMI Result: (None, 'Error: Please enter valid numbers')</msg>
<arg>BMI Result: ${result}</arg>
<doc>Logs the given message with the given level.</doc>
<status status="PASS" start="2025-04-10T11:55:24.230824" elapsed="0.000981"/>
</kw>
<kw name="Log" owner="BuiltIn">
<msg time="2025-04-10T11:55:24.233296" level="INFO">BMI Value: None</msg>
<arg>BMI Value: ${BMI_VALUE}</arg>
<doc>Logs the given message with the given level.</doc>
<status status="PASS" start="2025-04-10T11:55:24.231805" elapsed="0.001491"/>
</kw>
<kw name="Log" owner="BuiltIn">
<msg time="2025-04-10T11:55:24.233296" level="INFO">BMI Category: Error: Please enter valid numbers</msg>
<arg>BMI Category: ${BMI_CATEGORY}</arg>
<doc>Logs the given message with the given level.</doc>
<status status="PASS" start="2025-04-10T11:55:24.233296" elapsed="0.000000"/>
</kw>
<status status="PASS" start="2025-04-10T11:55:24.227796" elapsed="0.006520"/>
</kw>
<kw name="Then an error should be reported" owner="bmi_keywords">
<kw name="Should Be Equal" owner="BuiltIn">
<arg>${BMI_VALUE}</arg>
<arg>${None}</arg>
<arg>msg=Expected an error (None BMI value) but got: ${BMI_VALUE}</arg>
<doc>Fails if the given objects are unequal.</doc>
<status status="PASS" start="2025-04-10T11:55:24.239367" elapsed="0.003951"/>
</kw>
<kw name="Should Contain" owner="BuiltIn">
<arg>${BMI_CATEGORY}</arg>
<arg>Error</arg>
<arg>msg=Expected error message but got: ${BMI_CATEGORY}</arg>
<doc>Fails if ``container`` does not contain ``item`` one or more times.</doc>
<status status="PASS" start="2025-04-10T11:55:24.243318" elapsed="0.000000"/>
</kw>
<status status="PASS" start="2025-04-10T11:55:24.235457" elapsed="0.007861"/>
</kw>
<kw name="And the error should contain &quot;Please enter valid numbers&quot;" owner="bmi_keywords" source_name="the error should contain &quot;${expected_text}&quot;">
<kw name="Should Contain" owner="BuiltIn">
<arg>${BMI_CATEGORY}</arg>
<arg>${expected_text}</arg>
<arg>ignore_case=True</arg>
<arg>msg=Expected error message containing '${expected_text}' but got: ${BMI_CATEGORY}</arg>
<doc>Fails if ``container`` does not contain ``item`` one or more times.</doc>
<status status="PASS" start="2025-04-10T11:55:24.244313" elapsed="0.000000"/>
</kw>
<status status="PASS" start="2025-04-10T11:55:24.244313" elapsed="0.000000"/>
</kw>
<kw name="Cleanup BMI Test" owner="bmi_keywords" type="TEARDOWN">
<kw name="No Operation" owner="BuiltIn">
<doc>Does absolutely nothing.</doc>
<status status="PASS" start="2025-04-10T11:55:24.245316" elapsed="0.000000"/>
</kw>
<status status="PASS" start="2025-04-10T11:55:24.245316" elapsed="0.000000"/>
</kw>
<status status="PASS" start="2025-04-10T11:55:24.222591" elapsed="0.022725"/>
</test>
<test id="s1-t9" name="Scenario: Validate Error for Zero Height" line="56">
<kw name="Setup BMI Test" owner="bmi_keywords" type="SETUP">
<kw name="File Should Exist" owner="OperatingSystem">
<msg time="2025-04-10T11:55:24.256317" level="INFO" html="true">File '&lt;a href="file://C:\Users\skuma104\OneDrive - Capgemini\Documents\Innovation-Project\BMI_calculator\source_code\BMI_calculator.py"&gt;C:\Users\skuma104\OneDrive - Capgemini\Documents\Innovation-Project\BMI_calculator\source_code\BMI_calculator.py&lt;/a&gt;' exists.</msg>
<arg>${BMI_MODULE}</arg>
<arg>msg=BMI calculator module not found at ${BMI_MODULE}</arg>
<doc>Fails unless the given ``path`` points to an existing file.</doc>
<status status="PASS" start="2025-04-10T11:55:24.255318" elapsed="0.002002"/>
</kw>
<kw name="Log" owner="BuiltIn">
<msg time="2025-04-10T11:55:24.258318" level="INFO">Setting up test for BMI calculator</msg>
<arg>Setting up test for BMI calculator</arg>
<doc>Logs the given message with the given level.</doc>
<status status="PASS" start="2025-04-10T11:55:24.257320" elapsed="0.000998"/>
</kw>
<status status="PASS" start="2025-04-10T11:55:24.253333" elapsed="0.004985"/>
</kw>
<kw name="Given the BMI calculator is available" owner="bmi_keywords">
<kw name="Log" owner="BuiltIn">
<msg time="2025-04-10T11:55:24.261314" level="INFO">Verified BMI calculator is available</msg>
<arg>Verified BMI calculator is available</arg>
<doc>Logs the given message with the given level.</doc>
<status status="PASS" start="2025-04-10T11:55:24.260316" elapsed="0.000998"/>
</kw>
<status status="PASS" start="2025-04-10T11:55:24.259317" elapsed="0.001997"/>
</kw>
<kw name="When I calculate BMI with height &quot;0&quot; cm and weight &quot;70&quot; kg" owner="bmi_keywords" source_name="I calculate BMI with height &quot;${height}&quot; cm and weight &quot;${weight}&quot; kg">
<kw name="Calculate Bmi" owner="BMI_calculator">
<msg time="2025-04-10T11:55:24.262316" level="INFO">${result} = (None, 'Error: Height must be a positive number')</msg>
<var>${result}</var>
<arg>${height}</arg>
<arg>${weight}</arg>
<doc>Calculate BMI (Body Mass Index) and determine the weight category.</doc>
<status status="PASS" start="2025-04-10T11:55:24.262316" elapsed="0.000999"/>
</kw>
<kw name="Set Test Variable" owner="BuiltIn">
<msg time="2025-04-10T11:55:24.276325" level="INFO">${BMI_VALUE} = None</msg>
<arg>${BMI_VALUE}</arg>
<arg>${result}[0]</arg>
<doc>Makes a variable available everywhere within the scope of the current test.</doc>
<status status="PASS" start="2025-04-10T11:55:24.263315" elapsed="0.013010"/>
</kw>
<kw name="Set Test Variable" owner="BuiltIn">
<msg time="2025-04-10T11:55:24.277328" level="INFO">${BMI_CATEGORY} = Error: Height must be a positive number</msg>
<arg>${BMI_CATEGORY}</arg>
<arg>${result}[1]</arg>
<doc>Makes a variable available everywhere within the scope of the current test.</doc>
<status status="PASS" start="2025-04-10T11:55:24.276325" elapsed="0.001003"/>
</kw>
<kw name="Log" owner="BuiltIn">
<msg time="2025-04-10T11:55:24.278322" level="INFO">BMI Result: (None, 'Error: Height must be a positive number')</msg>
<arg>BMI Result: ${result}</arg>
<doc>Logs the given message with the given level.</doc>
<status status="PASS" start="2025-04-10T11:55:24.278322" elapsed="0.000000"/>
</kw>
<kw name="Log" owner="BuiltIn">
<msg time="2025-04-10T11:55:24.279324" level="INFO">BMI Value: None</msg>
<arg>BMI Value: ${BMI_VALUE}</arg>
<doc>Logs the given message with the given level.</doc>
<status status="PASS" start="2025-04-10T11:55:24.279324" elapsed="0.001001"/>
</kw>
<kw name="Log" owner="BuiltIn">
<msg time="2025-04-10T11:55:24.285776" level="INFO">BMI Category: Error: Height must be a positive number</msg>
<arg>BMI Category: ${BMI_CATEGORY}</arg>
<doc>Logs the given message with the given level.</doc>
<status status="PASS" start="2025-04-10T11:55:24.285776" elapsed="0.000000"/>
</kw>
<status status="PASS" start="2025-04-10T11:55:24.261314" elapsed="0.024462"/>
</kw>
<kw name="Then an error should be reported" owner="bmi_keywords">
<kw name="Should Be Equal" owner="BuiltIn">
<arg>${BMI_VALUE}</arg>
<arg>${None}</arg>
<arg>msg=Expected an error (None BMI value) but got: ${BMI_VALUE}</arg>
<doc>Fails if the given objects are unequal.</doc>
<status status="PASS" start="2025-04-10T11:55:24.287774" elapsed="0.003000"/>
</kw>
<kw name="Should Contain" owner="BuiltIn">
<arg>${BMI_CATEGORY}</arg>
<arg>Error</arg>
<arg>msg=Expected error message but got: ${BMI_CATEGORY}</arg>
<doc>Fails if ``container`` does not contain ``item`` one or more times.</doc>
<status status="PASS" start="2025-04-10T11:55:24.291775" elapsed="0.000000"/>
</kw>
<status status="PASS" start="2025-04-10T11:55:24.287774" elapsed="0.004001"/>
</kw>
<kw name="And the error should contain &quot;Height must be a positive number&quot;" owner="bmi_keywords" source_name="the error should contain &quot;${expected_text}&quot;">
<kw name="Should Contain" owner="BuiltIn">
<arg>${BMI_CATEGORY}</arg>
<arg>${expected_text}</arg>
<arg>ignore_case=True</arg>
<arg>msg=Expected error message containing '${expected_text}' but got: ${BMI_CATEGORY}</arg>
<doc>Fails if ``container`` does not contain ``item`` one or more times.</doc>
<status status="PASS" start="2025-04-10T11:55:24.292775" elapsed="0.001001"/>
</kw>
<status status="PASS" start="2025-04-10T11:55:24.292775" elapsed="0.001001"/>
</kw>
<kw name="Cleanup BMI Test" owner="bmi_keywords" type="TEARDOWN">
<kw name="No Operation" owner="BuiltIn">
<doc>Does absolutely nothing.</doc>
<status status="PASS" start="2025-04-10T11:55:24.307645" elapsed="0.000000"/>
</kw>
<status status="PASS" start="2025-04-10T11:55:24.305405" elapsed="0.002240"/>
</kw>
<status status="PASS" start="2025-04-10T11:55:24.247361" elapsed="0.060284"/>
</test>
<test id="s1-t10" name="Scenario: Validate Error for Negative Height" line="62">
<kw name="Setup BMI Test" owner="bmi_keywords" type="SETUP">
<kw name="File Should Exist" owner="OperatingSystem">
<msg time="2025-04-10T11:55:24.310996" level="INFO" html="true">File '&lt;a href="file://C:\Users\skuma104\OneDrive - Capgemini\Documents\Innovation-Project\BMI_calculator\source_code\BMI_calculator.py"&gt;C:\Users\skuma104\OneDrive - Capgemini\Documents\Innovation-Project\BMI_calculator\source_code\BMI_calculator.py&lt;/a&gt;' exists.</msg>
<arg>${BMI_MODULE}</arg>
<arg>msg=BMI calculator module not found at ${BMI_MODULE}</arg>
<doc>Fails unless the given ``path`` points to an existing file.</doc>
<status status="PASS" start="2025-04-10T11:55:24.309646" elapsed="0.001350"/>
</kw>
<kw name="Log" owner="BuiltIn">
<msg time="2025-04-10T11:55:24.312004" level="INFO">Setting up test for BMI calculator</msg>
<arg>Setting up test for BMI calculator</arg>
<doc>Logs the given message with the given level.</doc>
<status status="PASS" start="2025-04-10T11:55:24.310996" elapsed="0.002008"/>
</kw>
<status status="PASS" start="2025-04-10T11:55:24.309646" elapsed="0.011479"/>
</kw>
<kw name="Given the BMI calculator is available" owner="bmi_keywords">
<kw name="Log" owner="BuiltIn">
<msg time="2025-04-10T11:55:24.323122" level="INFO">Verified BMI calculator is available</msg>
<arg>Verified BMI calculator is available</arg>
<doc>Logs the given message with the given level.</doc>
<status status="PASS" start="2025-04-10T11:55:24.323122" elapsed="0.000000"/>
</kw>
<status status="PASS" start="2025-04-10T11:55:24.322125" elapsed="0.000997"/>
</kw>
<kw name="When I calculate BMI with height &quot;-10&quot; cm and weight &quot;70&quot; kg" owner="bmi_keywords" source_name="I calculate BMI with height &quot;${height}&quot; cm and weight &quot;${weight}&quot; kg">
<kw name="Calculate Bmi" owner="BMI_calculator">
<msg time="2025-04-10T11:55:24.327447" level="INFO">${result} = (None, 'Error: Height must be a positive number')</msg>
<var>${result}</var>
<arg>${height}</arg>
<arg>${weight}</arg>
<doc>Calculate BMI (Body Mass Index) and determine the weight category.</doc>
<status status="PASS" start="2025-04-10T11:55:24.326447" elapsed="0.001000"/>
</kw>
<kw name="Set Test Variable" owner="BuiltIn">
<msg time="2025-04-10T11:55:24.341218" level="INFO">${BMI_VALUE} = None</msg>
<arg>${BMI_VALUE}</arg>
<arg>${result}[0]</arg>
<doc>Makes a variable available everywhere within the scope of the current test.</doc>
<status status="PASS" start="2025-04-10T11:55:24.327447" elapsed="0.014780"/>
</kw>
<kw name="Set Test Variable" owner="BuiltIn">
<msg time="2025-04-10T11:55:24.372061" level="INFO">${BMI_CATEGORY} = Error: Height must be a positive number</msg>
<arg>${BMI_CATEGORY}</arg>
<arg>${result}[1]</arg>
<doc>Makes a variable available everywhere within the scope of the current test.</doc>
<status status="PASS" start="2025-04-10T11:55:24.343226" elapsed="0.028835"/>
</kw>
<kw name="Log" owner="BuiltIn">
<msg time="2025-04-10T11:55:24.373057" level="INFO">BMI Result: (None, 'Error: Height must be a positive number')</msg>
<arg>BMI Result: ${result}</arg>
<doc>Logs the given message with the given level.</doc>
<status status="PASS" start="2025-04-10T11:55:24.373057" elapsed="0.000000"/>
</kw>
<kw name="Log" owner="BuiltIn">
<msg time="2025-04-10T11:55:24.374056" level="INFO">BMI Value: None</msg>
<arg>BMI Value: ${BMI_VALUE}</arg>
<doc>Logs the given message with the given level.</doc>
<status status="PASS" start="2025-04-10T11:55:24.374056" elapsed="0.000000"/>
</kw>
<kw name="Log" owner="BuiltIn">
<msg time="2025-04-10T11:55:24.375059" level="INFO">BMI Category: Error: Height must be a positive number</msg>
<arg>BMI Category: ${BMI_CATEGORY}</arg>
<doc>Logs the given message with the given level.</doc>
<status status="PASS" start="2025-04-10T11:55:24.374056" elapsed="0.001003"/>
</kw>
<status status="PASS" start="2025-04-10T11:55:24.324440" elapsed="0.050619"/>
</kw>
<kw name="Then an error should be reported" owner="bmi_keywords">
<kw name="Should Be Equal" owner="BuiltIn">
<arg>${BMI_VALUE}</arg>
<arg>${None}</arg>
<arg>msg=Expected an error (None BMI value) but got: ${BMI_VALUE}</arg>
<doc>Fails if the given objects are unequal.</doc>
<status status="PASS" start="2025-04-10T11:55:24.382976" elapsed="0.005042"/>
</kw>
<kw name="Should Contain" owner="BuiltIn">
<arg>${BMI_CATEGORY}</arg>
<arg>Error</arg>
<arg>msg=Expected error message but got: ${BMI_CATEGORY}</arg>
<doc>Fails if ``container`` does not contain ``item`` one or more times.</doc>
<status status="PASS" start="2025-04-10T11:55:24.390993" elapsed="0.000000"/>
</kw>
<status status="PASS" start="2025-04-10T11:55:24.377055" elapsed="0.014923"/>
</kw>
<kw name="And the error should contain &quot;Height must be a positive number&quot;" owner="bmi_keywords" source_name="the error should contain &quot;${expected_text}&quot;">
<kw name="Should Contain" owner="BuiltIn">
<arg>${BMI_CATEGORY}</arg>
<arg>${expected_text}</arg>
<arg>ignore_case=True</arg>
<arg>msg=Expected error message containing '${expected_text}' but got: ${BMI_CATEGORY}</arg>
<doc>Fails if ``container`` does not contain ``item`` one or more times.</doc>
<status status="PASS" start="2025-04-10T11:55:24.392976" elapsed="0.000000"/>
</kw>
<status status="PASS" start="2025-04-10T11:55:24.391978" elapsed="0.002000"/>
</kw>
<kw name="Cleanup BMI Test" owner="bmi_keywords" type="TEARDOWN">
<kw name="No Operation" owner="BuiltIn">
<doc>Does absolutely nothing.</doc>
<status status="PASS" start="2025-04-10T11:55:24.394977" elapsed="0.000000"/>
</kw>
<status status="PASS" start="2025-04-10T11:55:24.393978" elapsed="0.000999"/>
</kw>
<status status="PASS" start="2025-04-10T11:55:24.308645" elapsed="0.088336"/>
</test>
<test id="s1-t11" name="Scenario: Validate Error for Zero Weight" line="68">
<kw name="Setup BMI Test" owner="bmi_keywords" type="SETUP">
<kw name="File Should Exist" owner="OperatingSystem">
<msg time="2025-04-10T11:55:24.405975" level="INFO" html="true">File '&lt;a href="file://C:\Users\skuma104\OneDrive - Capgemini\Documents\Innovation-Project\BMI_calculator\source_code\BMI_calculator.py"&gt;C:\Users\skuma104\OneDrive - Capgemini\Documents\Innovation-Project\BMI_calculator\source_code\BMI_calculator.py&lt;/a&gt;' exists.</msg>
<arg>${BMI_MODULE}</arg>
<arg>msg=BMI calculator module not found at ${BMI_MODULE}</arg>
<doc>Fails unless the given ``path`` points to an existing file.</doc>
<status status="PASS" start="2025-04-10T11:55:24.403977" elapsed="0.001998"/>
</kw>
<kw name="Log" owner="BuiltIn">
<msg time="2025-04-10T11:55:24.405975" level="INFO">Setting up test for BMI calculator</msg>
<arg>Setting up test for BMI calculator</arg>
<doc>Logs the given message with the given level.</doc>
<status status="PASS" start="2025-04-10T11:55:24.405975" elapsed="0.001001"/>
</kw>
<status status="PASS" start="2025-04-10T11:55:24.403977" elapsed="0.002999"/>
</kw>
<kw name="Given the BMI calculator is available" owner="bmi_keywords">
<kw name="Log" owner="BuiltIn">
<msg time="2025-04-10T11:55:24.408976" level="INFO">Verified BMI calculator is available</msg>
<arg>Verified BMI calculator is available</arg>
<doc>Logs the given message with the given level.</doc>
<status status="PASS" start="2025-04-10T11:55:24.408976" elapsed="0.000000"/>
</kw>
<status status="PASS" start="2025-04-10T11:55:24.406976" elapsed="0.008012"/>
</kw>
<kw name="When I calculate BMI with height &quot;175&quot; cm and weight &quot;0&quot; kg" owner="bmi_keywords" source_name="I calculate BMI with height &quot;${height}&quot; cm and weight &quot;${weight}&quot; kg">
<kw name="Calculate Bmi" owner="BMI_calculator">
<msg time="2025-04-10T11:55:24.451694" level="INFO">${result} = (None, 'Error: Weight must be a positive number')</msg>
<var>${result}</var>
<arg>${height}</arg>
<arg>${weight}</arg>
<doc>Calculate BMI (Body Mass Index) and determine the weight category.</doc>
<status status="PASS" start="2025-04-10T11:55:24.451694" elapsed="0.000000"/>
</kw>
<kw name="Set Test Variable" owner="BuiltIn">
<msg time="2025-04-10T11:55:24.454704" level="INFO">${BMI_VALUE} = None</msg>
<arg>${BMI_VALUE}</arg>
<arg>${result}[0]</arg>
<doc>Makes a variable available everywhere within the scope of the current test.</doc>
<status status="PASS" start="2025-04-10T11:55:24.451694" elapsed="0.003010"/>
</kw>
<kw name="Set Test Variable" owner="BuiltIn">
<msg time="2025-04-10T11:55:24.456703" level="INFO">${BMI_CATEGORY} = Error: Weight must be a positive number</msg>
<arg>${BMI_CATEGORY}</arg>
<arg>${result}[1]</arg>
<doc>Makes a variable available everywhere within the scope of the current test.</doc>
<status status="PASS" start="2025-04-10T11:55:24.454704" elapsed="0.001999"/>
</kw>
<kw name="Log" owner="BuiltIn">
<msg time="2025-04-10T11:55:24.459706" level="INFO">BMI Result: (None, 'Error: Weight must be a positive number')</msg>
<arg>BMI Result: ${result}</arg>
<doc>Logs the given message with the given level.</doc>
<status status="PASS" start="2025-04-10T11:55:24.458704" elapsed="0.002051"/>
</kw>
<kw name="Log" owner="BuiltIn">
<msg time="2025-04-10T11:55:24.460755" level="INFO">BMI Value: None</msg>
<arg>BMI Value: ${BMI_VALUE}</arg>
<doc>Logs the given message with the given level.</doc>
<status status="PASS" start="2025-04-10T11:55:24.460755" elapsed="0.000000"/>
</kw>
<kw name="Log" owner="BuiltIn">
<msg time="2025-04-10T11:55:24.461765" level="INFO">BMI Category: Error: Weight must be a positive number</msg>
<arg>BMI Category: ${BMI_CATEGORY}</arg>
<doc>Logs the given message with the given level.</doc>
<status status="PASS" start="2025-04-10T11:55:24.461765" elapsed="0.000000"/>
</kw>
<status status="PASS" start="2025-04-10T11:55:24.451694" elapsed="0.010071"/>
</kw>
<kw name="Then an error should be reported" owner="bmi_keywords">
<kw name="Should Be Equal" owner="BuiltIn">
<arg>${BMI_VALUE}</arg>
<arg>${None}</arg>
<arg>msg=Expected an error (None BMI value) but got: ${BMI_VALUE}</arg>
<doc>Fails if the given objects are unequal.</doc>
<status status="PASS" start="2025-04-10T11:55:24.464586" elapsed="0.000000"/>
</kw>
<kw name="Should Contain" owner="BuiltIn">
<arg>${BMI_CATEGORY}</arg>
<arg>Error</arg>
<arg>msg=Expected error message but got: ${BMI_CATEGORY}</arg>
<doc>Fails if ``container`` does not contain ``item`` one or more times.</doc>
<status status="PASS" start="2025-04-10T11:55:24.466596" elapsed="0.001346"/>
</kw>
<status status="PASS" start="2025-04-10T11:55:24.464065" elapsed="0.003877"/>
</kw>
<kw name="And the error should contain &quot;Weight must be a positive number&quot;" owner="bmi_keywords" source_name="the error should contain &quot;${expected_text}&quot;">
<kw name="Should Contain" owner="BuiltIn">
<arg>${BMI_CATEGORY}</arg>
<arg>${expected_text}</arg>
<arg>ignore_case=True</arg>
<arg>msg=Expected error message containing '${expected_text}' but got: ${BMI_CATEGORY}</arg>
<doc>Fails if ``container`` does not contain ``item`` one or more times.</doc>
<status status="PASS" start="2025-04-10T11:55:24.473511" elapsed="0.002118"/>
</kw>
<status status="PASS" start="2025-04-10T11:55:24.470984" elapsed="0.004645"/>
</kw>
<kw name="Cleanup BMI Test" owner="bmi_keywords" type="TEARDOWN">
<kw name="No Operation" owner="BuiltIn">
<doc>Does absolutely nothing.</doc>
<status status="PASS" start="2025-04-10T11:55:24.476641" elapsed="0.000000"/>
</kw>
<status status="PASS" start="2025-04-10T11:55:24.476641" elapsed="0.001000"/>
</kw>
<status status="PASS" start="2025-04-10T11:55:24.401976" elapsed="0.075665"/>
</test>
<test id="s1-t12" name="Scenario: Validate Error for Negative Weight" line="74">
<kw name="Setup BMI Test" owner="bmi_keywords" type="SETUP">
<kw name="File Should Exist" owner="OperatingSystem">
<msg time="2025-04-10T11:55:24.480644" level="INFO" html="true">File '&lt;a href="file://C:\Users\skuma104\OneDrive - Capgemini\Documents\Innovation-Project\BMI_calculator\source_code\BMI_calculator.py"&gt;C:\Users\skuma104\OneDrive - Capgemini\Documents\Innovation-Project\BMI_calculator\source_code\BMI_calculator.py&lt;/a&gt;' exists.</msg>
<arg>${BMI_MODULE}</arg>
<arg>msg=BMI calculator module not found at ${BMI_MODULE}</arg>
<doc>Fails unless the given ``path`` points to an existing file.</doc>
<status status="PASS" start="2025-04-10T11:55:24.479643" elapsed="0.002579"/>
</kw>
<kw name="Log" owner="BuiltIn">
<msg time="2025-04-10T11:55:24.483252" level="INFO">Setting up test for BMI calculator</msg>
<arg>Setting up test for BMI calculator</arg>
<doc>Logs the given message with the given level.</doc>
<status status="PASS" start="2025-04-10T11:55:24.482222" elapsed="0.001030"/>
</kw>
<status status="PASS" start="2025-04-10T11:55:24.479643" elapsed="0.003609"/>
</kw>
<kw name="Given the BMI calculator is available" owner="bmi_keywords">
<kw name="Log" owner="BuiltIn">
<msg time="2025-04-10T11:55:24.484246" level="INFO">Verified BMI calculator is available</msg>
<arg>Verified BMI calculator is available</arg>
<doc>Logs the given message with the given level.</doc>
<status status="PASS" start="2025-04-10T11:55:24.484246" elapsed="0.000000"/>
</kw>
<status status="PASS" start="2025-04-10T11:55:24.484246" elapsed="0.001004"/>
</kw>
<kw name="When I calculate BMI with height &quot;175&quot; cm and weight &quot;-60&quot; kg" owner="bmi_keywords" source_name="I calculate BMI with height &quot;${height}&quot; cm and weight &quot;${weight}&quot; kg">
<kw name="Calculate Bmi" owner="BMI_calculator">
<msg time="2025-04-10T11:55:24.485250" level="INFO">${result} = (None, 'Error: Weight must be a positive number')</msg>
<var>${result}</var>
<arg>${height}</arg>
<arg>${weight}</arg>
<doc>Calculate BMI (Body Mass Index) and determine the weight category.</doc>
<status status="PASS" start="2025-04-10T11:55:24.485250" elapsed="0.000000"/>
</kw>
<kw name="Set Test Variable" owner="BuiltIn">
<msg time="2025-04-10T11:55:24.486251" level="INFO">${BMI_VALUE} = None</msg>
<arg>${BMI_VALUE}</arg>
<arg>${result}[0]</arg>
<doc>Makes a variable available everywhere within the scope of the current test.</doc>
<status status="PASS" start="2025-04-10T11:55:24.485250" elapsed="0.001001"/>
</kw>
<kw name="Set Test Variable" owner="BuiltIn">
<msg time="2025-04-10T11:55:24.486251" level="INFO">${BMI_CATEGORY} = Error: Weight must be a positive number</msg>
<arg>${BMI_CATEGORY}</arg>
<arg>${result}[1]</arg>
<doc>Makes a variable available everywhere within the scope of the current test.</doc>
<status status="PASS" start="2025-04-10T11:55:24.486251" elapsed="0.000000"/>
</kw>
<kw name="Log" owner="BuiltIn">
<msg time="2025-04-10T11:55:24.487249" level="INFO">BMI Result: (None, 'Error: Weight must be a positive number')</msg>
<arg>BMI Result: ${result}</arg>
<doc>Logs the given message with the given level.</doc>
<status status="PASS" start="2025-04-10T11:55:24.486251" elapsed="0.000998"/>
</kw>
<kw name="Log" owner="BuiltIn">
<msg time="2025-04-10T11:55:24.487249" level="INFO">BMI Value: None</msg>
<arg>BMI Value: ${BMI_VALUE}</arg>
<doc>Logs the given message with the given level.</doc>
<status status="PASS" start="2025-04-10T11:55:24.487249" elapsed="0.000000"/>
</kw>
<kw name="Log" owner="BuiltIn">
<msg time="2025-04-10T11:55:24.487249" level="INFO">BMI Category: Error: Weight must be a positive number</msg>
<arg>BMI Category: ${BMI_CATEGORY}</arg>
<doc>Logs the given message with the given level.</doc>
<status status="PASS" start="2025-04-10T11:55:24.487249" elapsed="0.000000"/>
</kw>
<status status="PASS" start="2025-04-10T11:55:24.485250" elapsed="0.001999"/>
</kw>
<kw name="Then an error should be reported" owner="bmi_keywords">
<kw name="Should Be Equal" owner="BuiltIn">
<arg>${BMI_VALUE}</arg>
<arg>${None}</arg>
<arg>msg=Expected an error (None BMI value) but got: ${BMI_VALUE}</arg>
<doc>Fails if the given objects are unequal.</doc>
<status status="PASS" start="2025-04-10T11:55:24.488248" elapsed="0.000000"/>
</kw>
<kw name="Should Contain" owner="BuiltIn">
<arg>${BMI_CATEGORY}</arg>
<arg>Error</arg>
<arg>msg=Expected error message but got: ${BMI_CATEGORY}</arg>
<doc>Fails if ``container`` does not contain ``item`` one or more times.</doc>
<status status="PASS" start="2025-04-10T11:55:24.488248" elapsed="0.001001"/>
</kw>
<status status="PASS" start="2025-04-10T11:55:24.488248" elapsed="0.001001"/>
</kw>
<kw name="And the error should contain &quot;Weight must be a positive number&quot;" owner="bmi_keywords" source_name="the error should contain &quot;${expected_text}&quot;">
<kw name="Should Contain" owner="BuiltIn">
<arg>${BMI_CATEGORY}</arg>
<arg>${expected_text}</arg>
<arg>ignore_case=True</arg>
<arg>msg=Expected error message containing '${expected_text}' but got: ${BMI_CATEGORY}</arg>
<doc>Fails if ``container`` does not contain ``item`` one or more times.</doc>
<status status="PASS" start="2025-04-10T11:55:24.489249" elapsed="0.000000"/>
</kw>
<status status="PASS" start="2025-04-10T11:55:24.489249" elapsed="0.000000"/>
</kw>
<kw name="Cleanup BMI Test" owner="bmi_keywords" type="TEARDOWN">
<kw name="No Operation" owner="BuiltIn">
<doc>Does absolutely nothing.</doc>
<status status="PASS" start="2025-04-10T11:55:24.490247" elapsed="0.000000"/>
</kw>
<status status="PASS" start="2025-04-10T11:55:24.490247" elapsed="0.000000"/>
</kw>
<status status="PASS" start="2025-04-10T11:55:24.478656" elapsed="0.011591"/>
</test>
<test id="s1-t13" name="Scenario: Calculate BMI with Boundary Values - Minimum Normal Weight" line="80">
<kw name="Setup BMI Test" owner="bmi_keywords" type="SETUP">
<kw name="File Should Exist" owner="OperatingSystem">
<msg time="2025-04-10T11:55:24.492250" level="INFO" html="true">File '&lt;a href="file://C:\Users\skuma104\OneDrive - Capgemini\Documents\Innovation-Project\BMI_calculator\source_code\BMI_calculator.py"&gt;C:\Users\skuma104\OneDrive - Capgemini\Documents\Innovation-Project\BMI_calculator\source_code\BMI_calculator.py&lt;/a&gt;' exists.</msg>
<arg>${BMI_MODULE}</arg>
<arg>msg=BMI calculator module not found at ${BMI_MODULE}</arg>
<doc>Fails unless the given ``path`` points to an existing file.</doc>
<status status="PASS" start="2025-04-10T11:55:24.491247" elapsed="0.001003"/>
</kw>
<kw name="Log" owner="BuiltIn">
<msg time="2025-04-10T11:55:24.493246" level="INFO">Setting up test for BMI calculator</msg>
<arg>Setting up test for BMI calculator</arg>
<doc>Logs the given message with the given level.</doc>
<status status="PASS" start="2025-04-10T11:55:24.492250" elapsed="0.000996"/>
</kw>
<status status="PASS" start="2025-04-10T11:55:24.491247" elapsed="0.001999"/>
</kw>
<kw name="Given the BMI calculator is available" owner="bmi_keywords">
<kw name="Log" owner="BuiltIn">
<msg time="2025-04-10T11:55:24.493246" level="INFO">Verified BMI calculator is available</msg>
<arg>Verified BMI calculator is available</arg>
<doc>Logs the given message with the given level.</doc>
<status status="PASS" start="2025-04-10T11:55:24.493246" elapsed="0.000000"/>
</kw>
<status status="PASS" start="2025-04-10T11:55:24.493246" elapsed="0.000000"/>
</kw>
<kw name="When I calculate BMI with height &quot;170&quot; cm and weight &quot;53.5&quot; kg" owner="bmi_keywords" source_name="I calculate BMI with height &quot;${height}&quot; cm and weight &quot;${weight}&quot; kg">
<kw name="Calculate Bmi" owner="BMI_calculator">
<msg time="2025-04-10T11:55:24.494246" level="INFO">${result} = (18.5, 'Normal weight')</msg>
<var>${result}</var>
<arg>${height}</arg>
<arg>${weight}</arg>
<doc>Calculate BMI (Body Mass Index) and determine the weight category.</doc>
<status status="PASS" start="2025-04-10T11:55:24.494246" elapsed="0.000000"/>
</kw>
<kw name="Set Test Variable" owner="BuiltIn">
<msg time="2025-04-10T11:55:24.495249" level="INFO">${BMI_VALUE} = 18.5</msg>
<arg>${BMI_VALUE}</arg>
<arg>${result}[0]</arg>
<doc>Makes a variable available everywhere within the scope of the current test.</doc>
<status status="PASS" start="2025-04-10T11:55:24.494246" elapsed="0.001003"/>
</kw>
<kw name="Set Test Variable" owner="BuiltIn">
<msg time="2025-04-10T11:55:24.496762" level="INFO">${BMI_CATEGORY} = Normal weight</msg>
<arg>${BMI_CATEGORY}</arg>
<arg>${result}[1]</arg>
<doc>Makes a variable available everywhere within the scope of the current test.</doc>
<status status="PASS" start="2025-04-10T11:55:24.496253" elapsed="0.000509"/>
</kw>
<kw name="Log" owner="BuiltIn">
<msg time="2025-04-10T11:55:24.500775" level="INFO">BMI Result: (18.5, 'Normal weight')</msg>
<arg>BMI Result: ${result}</arg>
<doc>Logs the given message with the given level.</doc>
<status status="PASS" start="2025-04-10T11:55:24.497780" elapsed="0.004026"/>
</kw>
<kw name="Log" owner="BuiltIn">
<msg time="2025-04-10T11:55:24.504778" level="INFO">BMI Value: 18.5</msg>
<arg>BMI Value: ${BMI_VALUE}</arg>
<doc>Logs the given message with the given level.</doc>
<status status="PASS" start="2025-04-10T11:55:24.503789" elapsed="0.001981"/>
</kw>
<kw name="Log" owner="BuiltIn">
<msg time="2025-04-10T11:55:24.505770" level="INFO">BMI Category: Normal weight</msg>
<arg>BMI Category: ${BMI_CATEGORY}</arg>
<doc>Logs the given message with the given level.</doc>
<status status="PASS" start="2025-04-10T11:55:24.505770" elapsed="0.000000"/>
</kw>
<status status="PASS" start="2025-04-10T11:55:24.494246" elapsed="0.011524"/>
</kw>
<kw name="Then the BMI result should be &quot;18.5&quot;" owner="bmi_keywords" source_name="the BMI result should be &quot;${expected_bmi}&quot;">
<kw name="Set Variable If" owner="BuiltIn">
<msg time="2025-04-10T11:55:24.506772" level="INFO">${actual_bmi} = 18.5</msg>
<var>${actual_bmi}</var>
<arg>"${BMI_VALUE}" == "None"</arg>
<arg>None</arg>
<arg>${BMI_VALUE}</arg>
<doc>Sets variable based on the given condition.</doc>
<status status="PASS" start="2025-04-10T11:55:24.506772" elapsed="0.000000"/>
</kw>
<kw name="Set Variable If" owner="BuiltIn">
<msg time="2025-04-10T11:55:24.507774" level="INFO">${expected} = 18.5</msg>
<var>${expected}</var>
<arg>"${expected_bmi}" == "None"</arg>
<arg>None</arg>
<arg>${expected_bmi}</arg>
<doc>Sets variable based on the given condition.</doc>
<status status="PASS" start="2025-04-10T11:55:24.506772" elapsed="0.001002"/>
</kw>
<kw name="Should Be Equal As Strings" owner="BuiltIn">
<msg time="2025-04-10T11:55:24.507774" level="INFO">Argument types are:
&lt;class 'float'&gt;
&lt;class 'str'&gt;</msg>
<arg>${actual_bmi}</arg>
<arg>${expected}</arg>
<arg>msg=Expected BMI value ${expected} but got ${actual_bmi}</arg>
<doc>Fails if objects are unequal after converting them to strings.</doc>
<status status="PASS" start="2025-04-10T11:55:24.507774" elapsed="0.000000"/>
</kw>
<status status="PASS" start="2025-04-10T11:55:24.506772" elapsed="0.001002"/>
</kw>
<kw name="And the BMI category should be &quot;Normal weight&quot;" owner="bmi_keywords" source_name="the BMI category should be &quot;${expected_category}&quot;">
<kw name="Should Be Equal" owner="BuiltIn">
<arg>${BMI_CATEGORY}</arg>
<arg>${expected_category}</arg>
<arg>msg=Expected category ${expected_category} but got ${BMI_CATEGORY}</arg>
<doc>Fails if the given objects are unequal.</doc>
<status status="PASS" start="2025-04-10T11:55:24.508771" elapsed="0.000000"/>
</kw>
<status status="PASS" start="2025-04-10T11:55:24.507774" elapsed="0.000997"/>
</kw>
<kw name="Cleanup BMI Test" owner="bmi_keywords" type="TEARDOWN">
<kw name="No Operation" owner="BuiltIn">
<doc>Does absolutely nothing.</doc>
<status status="PASS" start="2025-04-10T11:55:24.509770" elapsed="0.000000"/>
</kw>
<status status="PASS" start="2025-04-10T11:55:24.508771" elapsed="0.000999"/>
</kw>
<status status="PASS" start="2025-04-10T11:55:24.491247" elapsed="0.047926"/>
</test>
<test id="s1-t14" name="Scenario: Calculate BMI with Boundary Values - Maximum Normal Weight" line="86">
<kw name="Setup BMI Test" owner="bmi_keywords" type="SETUP">
<kw name="File Should Exist" owner="OperatingSystem">
<msg time="2025-04-10T11:55:24.542172" level="INFO" html="true">File '&lt;a href="file://C:\Users\skuma104\OneDrive - Capgemini\Documents\Innovation-Project\BMI_calculator\source_code\BMI_calculator.py"&gt;C:\Users\skuma104\OneDrive - Capgemini\Documents\Innovation-Project\BMI_calculator\source_code\BMI_calculator.py&lt;/a&gt;' exists.</msg>
<arg>${BMI_MODULE}</arg>
<arg>msg=BMI calculator module not found at ${BMI_MODULE}</arg>
<doc>Fails unless the given ``path`` points to an existing file.</doc>
<status status="PASS" start="2025-04-10T11:55:24.541172" elapsed="0.001000"/>
</kw>
<kw name="Log" owner="BuiltIn">
<msg time="2025-04-10T11:55:24.542172" level="INFO">Setting up test for BMI calculator</msg>
<arg>Setting up test for BMI calculator</arg>
<doc>Logs the given message with the given level.</doc>
<status status="PASS" start="2025-04-10T11:55:24.542172" elapsed="0.000000"/>
</kw>
<status status="PASS" start="2025-04-10T11:55:24.540175" elapsed="0.001997"/>
</kw>
<kw name="Given the BMI calculator is available" owner="bmi_keywords">
<kw name="Log" owner="BuiltIn">
<msg time="2025-04-10T11:55:24.543170" level="INFO">Verified BMI calculator is available</msg>
<arg>Verified BMI calculator is available</arg>
<doc>Logs the given message with the given level.</doc>
<status status="PASS" start="2025-04-10T11:55:24.543170" elapsed="0.000000"/>
</kw>
<status status="PASS" start="2025-04-10T11:55:24.543170" elapsed="0.000000"/>
</kw>
<kw name="When I calculate BMI with height &quot;170&quot; cm and weight &quot;72.2&quot; kg" owner="bmi_keywords" source_name="I calculate BMI with height &quot;${height}&quot; cm and weight &quot;${weight}&quot; kg">
<kw name="Calculate Bmi" owner="BMI_calculator">
<msg time="2025-04-10T11:55:24.544170" level="INFO">${result} = (25.0, 'Overweight')</msg>
<var>${result}</var>
<arg>${height}</arg>
<arg>${weight}</arg>
<doc>Calculate BMI (Body Mass Index) and determine the weight category.</doc>
<status status="PASS" start="2025-04-10T11:55:24.543170" elapsed="0.001000"/>
</kw>
<kw name="Set Test Variable" owner="BuiltIn">
<msg time="2025-04-10T11:55:24.544170" level="INFO">${BMI_VALUE} = 25.0</msg>
<arg>${BMI_VALUE}</arg>
<arg>${result}[0]</arg>
<doc>Makes a variable available everywhere within the scope of the current test.</doc>
<status status="PASS" start="2025-04-10T11:55:24.544170" elapsed="0.000000"/>
</kw>
<kw name="Set Test Variable" owner="BuiltIn">
<msg time="2025-04-10T11:55:24.546172" level="INFO">${BMI_CATEGORY} = Overweight</msg>
<arg>${BMI_CATEGORY}</arg>
<arg>${result}[1]</arg>
<doc>Makes a variable available everywhere within the scope of the current test.</doc>
<status status="PASS" start="2025-04-10T11:55:24.545173" elapsed="0.000999"/>
</kw>
<kw name="Log" owner="BuiltIn">
<msg time="2025-04-10T11:55:24.546172" level="INFO">BMI Result: (25.0, 'Overweight')</msg>
<arg>BMI Result: ${result}</arg>
<doc>Logs the given message with the given level.</doc>
<status status="PASS" start="2025-04-10T11:55:24.546172" elapsed="0.001002"/>
</kw>
<kw name="Log" owner="BuiltIn">
<msg time="2025-04-10T11:55:24.548196" level="INFO">BMI Value: 25.0</msg>
<arg>BMI Value: ${BMI_VALUE}</arg>
<doc>Logs the given message with the given level.</doc>
<status status="PASS" start="2025-04-10T11:55:24.547174" elapsed="0.001022"/>
</kw>
<kw name="Log" owner="BuiltIn">
<msg time="2025-04-10T11:55:24.549199" level="INFO">BMI Category: Overweight</msg>
<arg>BMI Category: ${BMI_CATEGORY}</arg>
<doc>Logs the given message with the given level.</doc>
<status status="PASS" start="2025-04-10T11:55:24.548196" elapsed="0.001003"/>
</kw>
<status status="PASS" start="2025-04-10T11:55:24.543170" elapsed="0.007013"/>
</kw>
<kw name="Then the BMI result should be &quot;25.0&quot;" owner="bmi_keywords" source_name="the BMI result should be &quot;${expected_bmi}&quot;">
<kw name="Set Variable If" owner="BuiltIn">
<msg time="2025-04-10T11:55:24.556177" level="INFO">${actual_bmi} = 25.0</msg>
<var>${actual_bmi}</var>
<arg>"${BMI_VALUE}" == "None"</arg>
<arg>None</arg>
<arg>${BMI_VALUE}</arg>
<doc>Sets variable based on the given condition.</doc>
<status status="PASS" start="2025-04-10T11:55:24.555170" elapsed="0.001007"/>
</kw>
<kw name="Set Variable If" owner="BuiltIn">
<msg time="2025-04-10T11:55:24.556177" level="INFO">${expected} = 25.0</msg>
<var>${expected}</var>
<arg>"${expected_bmi}" == "None"</arg>
<arg>None</arg>
<arg>${expected_bmi}</arg>
<doc>Sets variable based on the given condition.</doc>
<status status="PASS" start="2025-04-10T11:55:24.556177" elapsed="0.000000"/>
</kw>
<kw name="Should Be Equal As Strings" owner="BuiltIn">
<msg time="2025-04-10T11:55:24.557173" level="INFO">Argument types are:
&lt;class 'float'&gt;
&lt;class 'str'&gt;</msg>
<arg>${actual_bmi}</arg>
<arg>${expected}</arg>
<arg>msg=Expected BMI value ${expected} but got ${actual_bmi}</arg>
<doc>Fails if objects are unequal after converting them to strings.</doc>
<status status="PASS" start="2025-04-10T11:55:24.556177" elapsed="0.000996"/>
</kw>
<status status="PASS" start="2025-04-10T11:55:24.555170" elapsed="0.002003"/>
</kw>
<kw name="And the BMI category should be &quot;Overweight&quot;" owner="bmi_keywords" source_name="the BMI category should be &quot;${expected_category}&quot;">
<kw name="Should Be Equal" owner="BuiltIn">
<arg>${BMI_CATEGORY}</arg>
<arg>${expected_category}</arg>
<arg>msg=Expected category ${expected_category} but got ${BMI_CATEGORY}</arg>
<doc>Fails if the given objects are unequal.</doc>
<status status="PASS" start="2025-04-10T11:55:24.557173" elapsed="0.001008"/>
</kw>
<status status="PASS" start="2025-04-10T11:55:24.557173" elapsed="0.001008"/>
</kw>
<kw name="Cleanup BMI Test" owner="bmi_keywords" type="TEARDOWN">
<kw name="No Operation" owner="BuiltIn">
<doc>Does absolutely nothing.</doc>
<status status="PASS" start="2025-04-10T11:55:24.558389" elapsed="0.000000"/>
</kw>
<status status="PASS" start="2025-04-10T11:55:24.558389" elapsed="0.000000"/>
</kw>
<status status="PASS" start="2025-04-10T11:55:24.540175" elapsed="0.018214"/>
</test>
<doc>Gherkin style tests for BMI calculator</doc>
<status status="PASS" start="2025-04-10T11:55:23.902203" elapsed="0.657199"/>
</suite>
<statistics>
<total>
<stat pass="14" fail="0" skip="0">All Tests</stat>
</total>
<tag>
</tag>
<suite>
<stat name="BMICTests" id="s1" pass="14" fail="0" skip="0">BMICTests</stat>
</suite>
</statistics>
<errors>
</errors>
</robot>
