<?xml version="1.0" encoding="UTF-8"?>
<testsuite name="BMICTests" tests="14" errors="0" failures="0" skipped="0" time="0.285" timestamp="2025-04-14T11:07:35.691115">
<testcase classname="BMICTests" name="Scenario: Calculate BMI for Normal Weight Person" time="0.010">
</testcase>
<testcase classname="BMICTests" name="Scenario: Calculate BMI for Underweight Person" time="0.011">
</testcase>
<testcase classname="BMICTests" name="Scenario: Calculate BMI for Overweight Person" time="0.011">
</testcase>
<testcase classname="BMICTests" name="Scenario: Calculate BMI for Obese Person" time="0.018">
</testcase>
<testcase classname="BMICTests" name="Scenario: Validate Error for Missing Height" time="0.016">
</testcase>
<testcase classname="BMICTests" name="Scenario: Validate Error for Missing Weight" time="0.024">
</testcase>
<testcase classname="BMICTests" name="Scenario: Validate Error for Non-Numeric Height" time="0.015">
</testcase>
<testcase classname="BMICTests" name="Scenario: Validate Error for Non-Numeric Weight" time="0.022">
</testcase>
<testcase classname="BMICTests" name="Scenario: Validate Error for Zero Height" time="0.019">
</testcase>
<testcase classname="BMICTests" name="Scenario: Validate Error for Negative Height" time="0.013">
</testcase>
<testcase classname="BMICTests" name="Scenario: Validate Error for Zero Weight" time="0.012">
</testcase>
<testcase classname="BMICTests" name="Scenario: Validate Error for Negative Weight" time="0.012">
</testcase>
<testcase classname="BMICTests" name="Scenario: Calculate BMI with Boundary Values - Minimum Normal Weight" time="0.010">
</testcase>
<testcase classname="BMICTests" name="Scenario: Calculate BMI with Boundary Values - Maximum Normal Weight" time="0.016">
</testcase>
<properties>
<property name="Documentation" value="Gherkin style tests for BMI calculator"/>
</properties>
</testsuite>
