<?xml version="1.0" encoding="UTF-8"?>
<robot generator="Robot 7.2.2 (Python 3.12.4 on win32)" generated="2025-04-11T15:42:46.291349" rpa="false" schemaversion="5">
<suite id="s1" name="BMICTests" source="C:\Users\skuma104\OneDrive - Capgemini\Documents\Innovation-Project\BMI_calculator\tests\robotTests\BMICTests.robot">
<test id="s1-t1" name="Scenario: Calculate BMI for Normal Weight Person" line="8">
<kw name="Setup BMI Test" owner="bmi_keywords" type="SETUP">
<kw name="File Should Exist" owner="OperatingSystem">
<msg time="2025-04-11T15:42:46.386629" level="INFO" html="true">File '&lt;a href="file://C:\Users\skuma104\OneDrive - Capgemini\Documents\Innovation-Project\BMI_calculator\source_code\BMI_calculator.py"&gt;C:\Users\skuma104\OneDrive - Capgemini\Documents\Innovation-Project\BMI_calculator\source_code\BMI_calculator.py&lt;/a&gt;' exists.</msg>
<arg>${BMI_MODULE}</arg>
<arg>msg=BMI calculator module not found at ${BMI_MODULE}</arg>
<doc>Fails unless the given ``path`` points to an existing file.</doc>
<status status="PASS" start="2025-04-11T15:42:46.385631" elapsed="0.001996"/>
</kw>
<kw name="Log" owner="BuiltIn">
<msg time="2025-04-11T15:42:46.387627" level="INFO">Setting up test for BMI calculator</msg>
<arg>Setting up test for BMI calculator</arg>
<doc>Logs the given message with the given level.</doc>
<status status="PASS" start="2025-04-11T15:42:46.387627" elapsed="0.000000"/>
</kw>
<status status="PASS" start="2025-04-11T15:42:46.381625" elapsed="0.006002"/>
</kw>
<kw name="Given the BMI calculator is available" owner="bmi_keywords">
<kw name="Log" owner="BuiltIn">
<msg time="2025-04-11T15:42:46.388629" level="INFO">Verified BMI calculator is available</msg>
<arg>Verified BMI calculator is available</arg>
<doc>Logs the given message with the given level.</doc>
<status status="PASS" start="2025-04-11T15:42:46.388629" elapsed="0.000000"/>
</kw>
<status status="PASS" start="2025-04-11T15:42:46.388629" elapsed="0.000000"/>
</kw>
<kw name="When I calculate BMI with height &quot;175&quot; cm and weight &quot;70&quot; kg" owner="bmi_keywords" source_name="I calculate BMI with height &quot;${height}&quot; cm and weight &quot;${weight}&quot; kg">
<kw name="Calculate Bmi" owner="BMI_calculator">
<msg time="2025-04-11T15:42:46.389634" level="INFO">${result} = (22.9, 'Normal weight')</msg>
<var>${result}</var>
<arg>${height}</arg>
<arg>${weight}</arg>
<doc>Calculate BMI (Body Mass Index) and determine the weight category.</doc>
<status status="PASS" start="2025-04-11T15:42:46.389634" elapsed="0.000000"/>
</kw>
<kw name="Set Test Variable" owner="BuiltIn">
<msg time="2025-04-11T15:42:46.390627" level="INFO">${BMI_VALUE} = 22.9</msg>
<arg>${BMI_VALUE}</arg>
<arg>${result}[0]</arg>
<doc>Makes a variable available everywhere within the scope of the current test.</doc>
<status status="PASS" start="2025-04-11T15:42:46.389634" elapsed="0.000993"/>
</kw>
<kw name="Set Test Variable" owner="BuiltIn">
<msg time="2025-04-11T15:42:46.390627" level="INFO">${BMI_CATEGORY} = Normal weight</msg>
<arg>${BMI_CATEGORY}</arg>
<arg>${result}[1]</arg>
<doc>Makes a variable available everywhere within the scope of the current test.</doc>
<status status="PASS" start="2025-04-11T15:42:46.390627" elapsed="0.000000"/>
</kw>
<kw name="Log" owner="BuiltIn">
<msg time="2025-04-11T15:42:46.391627" level="INFO">BMI Result: (22.9, 'Normal weight')</msg>
<arg>BMI Result: ${result}</arg>
<doc>Logs the given message with the given level.</doc>
<status status="PASS" start="2025-04-11T15:42:46.391627" elapsed="0.000000"/>
</kw>
<kw name="Log" owner="BuiltIn">
<msg time="2025-04-11T15:42:46.391627" level="INFO">BMI Value: 22.9</msg>
<arg>BMI Value: ${BMI_VALUE}</arg>
<doc>Logs the given message with the given level.</doc>
<status status="PASS" start="2025-04-11T15:42:46.391627" elapsed="0.000000"/>
</kw>
<kw name="Log" owner="BuiltIn">
<msg time="2025-04-11T15:42:46.391627" level="INFO">BMI Category: Normal weight</msg>
<arg>BMI Category: ${BMI_CATEGORY}</arg>
<doc>Logs the given message with the given level.</doc>
<status status="PASS" start="2025-04-11T15:42:46.391627" elapsed="0.000000"/>
</kw>
<status status="PASS" start="2025-04-11T15:42:46.388629" elapsed="0.002998"/>
</kw>
<kw name="Then the BMI result should be &quot;22.9&quot;" owner="bmi_keywords" source_name="the BMI result should be &quot;${expected_bmi}&quot;">
<kw name="Set Variable If" owner="BuiltIn">
<msg time="2025-04-11T15:42:46.392628" level="INFO">${actual_bmi} = 22.9</msg>
<var>${actual_bmi}</var>
<arg>"${BMI_VALUE}" == "None"</arg>
<arg>None</arg>
<arg>${BMI_VALUE}</arg>
<doc>Sets variable based on the given condition.</doc>
<status status="PASS" start="2025-04-11T15:42:46.392628" elapsed="0.000000"/>
</kw>
<kw name="Set Variable If" owner="BuiltIn">
<msg time="2025-04-11T15:42:46.393628" level="INFO">${expected} = 22.9</msg>
<var>${expected}</var>
<arg>"${expected_bmi}" == "None"</arg>
<arg>None</arg>
<arg>${expected_bmi}</arg>
<doc>Sets variable based on the given condition.</doc>
<status status="PASS" start="2025-04-11T15:42:46.392628" elapsed="0.001000"/>
</kw>
<kw name="Should Be Equal As Strings" owner="BuiltIn">
<msg time="2025-04-11T15:42:46.393628" level="INFO">Argument types are:
&lt;class 'float'&gt;
&lt;class 'str'&gt;</msg>
<arg>${actual_bmi}</arg>
<arg>${expected}</arg>
<arg>msg=Expected BMI value ${expected} but got ${actual_bmi}</arg>
<doc>Fails if objects are unequal after converting them to strings.</doc>
<status status="PASS" start="2025-04-11T15:42:46.393628" elapsed="0.000000"/>
</kw>
<status status="PASS" start="2025-04-11T15:42:46.392628" elapsed="0.001000"/>
</kw>
<kw name="And the BMI category should be &quot;Normal weight&quot;" owner="bmi_keywords" source_name="the BMI category should be &quot;${expected_category}&quot;">
<kw name="Should Be Equal" owner="BuiltIn">
<arg>${BMI_CATEGORY}</arg>
<arg>${expected_category}</arg>
<arg>msg=Expected category ${expected_category} but got ${BMI_CATEGORY}</arg>
<doc>Fails if the given objects are unequal.</doc>
<status status="PASS" start="2025-04-11T15:42:46.394643" elapsed="0.000000"/>
</kw>
<status status="PASS" start="2025-04-11T15:42:46.394643" elapsed="0.000000"/>
</kw>
<kw name="Cleanup BMI Test" owner="bmi_keywords" type="TEARDOWN">
<kw name="No Operation" owner="BuiltIn">
<doc>Does absolutely nothing.</doc>
<status status="PASS" start="2025-04-11T15:42:46.395627" elapsed="0.000000"/>
</kw>
<status status="PASS" start="2025-04-11T15:42:46.395627" elapsed="0.000000"/>
</kw>
<status status="PASS" start="2025-04-11T15:42:46.381625" elapsed="0.015003"/>
</test>
<test id="s1-t2" name="Scenario: Calculate BMI for Underweight Person" line="14">
<kw name="Setup BMI Test" owner="bmi_keywords" type="SETUP">
<kw name="File Should Exist" owner="OperatingSystem">
<msg time="2025-04-11T15:42:46.399632" level="INFO" html="true">File '&lt;a href="file://C:\Users\skuma104\OneDrive - Capgemini\Documents\Innovation-Project\BMI_calculator\source_code\BMI_calculator.py"&gt;C:\Users\skuma104\OneDrive - Capgemini\Documents\Innovation-Project\BMI_calculator\source_code\BMI_calculator.py&lt;/a&gt;' exists.</msg>
<arg>${BMI_MODULE}</arg>
<arg>msg=BMI calculator module not found at ${BMI_MODULE}</arg>
<doc>Fails unless the given ``path`` points to an existing file.</doc>
<status status="PASS" start="2025-04-11T15:42:46.398629" elapsed="0.002021"/>
</kw>
<kw name="Log" owner="BuiltIn">
<msg time="2025-04-11T15:42:46.402763" level="INFO">Setting up test for BMI calculator</msg>
<arg>Setting up test for BMI calculator</arg>
<doc>Logs the given message with the given level.</doc>
<status status="PASS" start="2025-04-11T15:42:46.401637" elapsed="0.001126"/>
</kw>
<status status="PASS" start="2025-04-11T15:42:46.398629" elapsed="0.004134"/>
</kw>
<kw name="Given the BMI calculator is available" owner="bmi_keywords">
<kw name="Log" owner="BuiltIn">
<msg time="2025-04-11T15:42:46.407796" level="INFO">Verified BMI calculator is available</msg>
<arg>Verified BMI calculator is available</arg>
<doc>Logs the given message with the given level.</doc>
<status status="PASS" start="2025-04-11T15:42:46.407796" elapsed="0.000000"/>
</kw>
<status status="PASS" start="2025-04-11T15:42:46.405785" elapsed="0.002011"/>
</kw>
<kw name="When I calculate BMI with height &quot;180&quot; cm and weight &quot;55&quot; kg" owner="bmi_keywords" source_name="I calculate BMI with height &quot;${height}&quot; cm and weight &quot;${weight}&quot; kg">
<kw name="Calculate Bmi" owner="BMI_calculator">
<msg time="2025-04-11T15:42:46.408784" level="INFO">${result} = (17.0, 'Underweight')</msg>
<var>${result}</var>
<arg>${height}</arg>
<arg>${weight}</arg>
<doc>Calculate BMI (Body Mass Index) and determine the weight category.</doc>
<status status="PASS" start="2025-04-11T15:42:46.408784" elapsed="0.000000"/>
</kw>
<kw name="Set Test Variable" owner="BuiltIn">
<msg time="2025-04-11T15:42:46.409784" level="INFO">${BMI_VALUE} = 17.0</msg>
<arg>${BMI_VALUE}</arg>
<arg>${result}[0]</arg>
<doc>Makes a variable available everywhere within the scope of the current test.</doc>
<status status="PASS" start="2025-04-11T15:42:46.409784" elapsed="0.000000"/>
</kw>
<kw name="Set Test Variable" owner="BuiltIn">
<msg time="2025-04-11T15:42:46.409784" level="INFO">${BMI_CATEGORY} = Underweight</msg>
<arg>${BMI_CATEGORY}</arg>
<arg>${result}[1]</arg>
<doc>Makes a variable available everywhere within the scope of the current test.</doc>
<status status="PASS" start="2025-04-11T15:42:46.409784" elapsed="0.000000"/>
</kw>
<kw name="Log" owner="BuiltIn">
<msg time="2025-04-11T15:42:46.410776" level="INFO">BMI Result: (17.0, 'Underweight')</msg>
<arg>BMI Result: ${result}</arg>
<doc>Logs the given message with the given level.</doc>
<status status="PASS" start="2025-04-11T15:42:46.410776" elapsed="0.000000"/>
</kw>
<kw name="Log" owner="BuiltIn">
<msg time="2025-04-11T15:42:46.410776" level="INFO">BMI Value: 17.0</msg>
<arg>BMI Value: ${BMI_VALUE}</arg>
<doc>Logs the given message with the given level.</doc>
<status status="PASS" start="2025-04-11T15:42:46.410776" elapsed="0.000000"/>
</kw>
<kw name="Log" owner="BuiltIn">
<msg time="2025-04-11T15:42:46.410776" level="INFO">BMI Category: Underweight</msg>
<arg>BMI Category: ${BMI_CATEGORY}</arg>
<doc>Logs the given message with the given level.</doc>
<status status="PASS" start="2025-04-11T15:42:46.410776" elapsed="0.000000"/>
</kw>
<status status="PASS" start="2025-04-11T15:42:46.408784" elapsed="0.001992"/>
</kw>
<kw name="Then the BMI result should be &quot;17.0&quot;" owner="bmi_keywords" source_name="the BMI result should be &quot;${expected_bmi}&quot;">
<kw name="Set Variable If" owner="BuiltIn">
<msg time="2025-04-11T15:42:46.411779" level="INFO">${actual_bmi} = 17.0</msg>
<var>${actual_bmi}</var>
<arg>"${BMI_VALUE}" == "None"</arg>
<arg>None</arg>
<arg>${BMI_VALUE}</arg>
<doc>Sets variable based on the given condition.</doc>
<status status="PASS" start="2025-04-11T15:42:46.411779" elapsed="0.000000"/>
</kw>
<kw name="Set Variable If" owner="BuiltIn">
<msg time="2025-04-11T15:42:46.411779" level="INFO">${expected} = 17.0</msg>
<var>${expected}</var>
<arg>"${expected_bmi}" == "None"</arg>
<arg>None</arg>
<arg>${expected_bmi}</arg>
<doc>Sets variable based on the given condition.</doc>
<status status="PASS" start="2025-04-11T15:42:46.411779" elapsed="0.000000"/>
</kw>
<kw name="Should Be Equal As Strings" owner="BuiltIn">
<msg time="2025-04-11T15:42:46.412778" level="INFO">Argument types are:
&lt;class 'float'&gt;
&lt;class 'str'&gt;</msg>
<arg>${actual_bmi}</arg>
<arg>${expected}</arg>
<arg>msg=Expected BMI value ${expected} but got ${actual_bmi}</arg>
<doc>Fails if objects are unequal after converting them to strings.</doc>
<status status="PASS" start="2025-04-11T15:42:46.411779" elapsed="0.000999"/>
</kw>
<status status="PASS" start="2025-04-11T15:42:46.411779" elapsed="0.000999"/>
</kw>
<kw name="And the BMI category should be &quot;Underweight&quot;" owner="bmi_keywords" source_name="the BMI category should be &quot;${expected_category}&quot;">
<kw name="Should Be Equal" owner="BuiltIn">
<arg>${BMI_CATEGORY}</arg>
<arg>${expected_category}</arg>
<arg>msg=Expected category ${expected_category} but got ${BMI_CATEGORY}</arg>
<doc>Fails if the given objects are unequal.</doc>
<status status="PASS" start="2025-04-11T15:42:46.412778" elapsed="0.001001"/>
</kw>
<status status="PASS" start="2025-04-11T15:42:46.412778" elapsed="0.001001"/>
</kw>
<kw name="Cleanup BMI Test" owner="bmi_keywords" type="TEARDOWN">
<kw name="No Operation" owner="BuiltIn">
<doc>Does absolutely nothing.</doc>
<status status="PASS" start="2025-04-11T15:42:46.414781" elapsed="0.000000"/>
</kw>
<status status="PASS" start="2025-04-11T15:42:46.413779" elapsed="0.001002"/>
</kw>
<status status="PASS" start="2025-04-11T15:42:46.397626" elapsed="0.017155"/>
</test>
<test id="s1-t3" name="Scenario: Calculate BMI for Overweight Person" line="20">
<kw name="Setup BMI Test" owner="bmi_keywords" type="SETUP">
<kw name="File Should Exist" owner="OperatingSystem">
<msg time="2025-04-11T15:42:46.418789" level="INFO" html="true">File '&lt;a href="file://C:\Users\skuma104\OneDrive - Capgemini\Documents\Innovation-Project\BMI_calculator\source_code\BMI_calculator.py"&gt;C:\Users\skuma104\OneDrive - Capgemini\Documents\Innovation-Project\BMI_calculator\source_code\BMI_calculator.py&lt;/a&gt;' exists.</msg>
<arg>${BMI_MODULE}</arg>
<arg>msg=BMI calculator module not found at ${BMI_MODULE}</arg>
<doc>Fails unless the given ``path`` points to an existing file.</doc>
<status status="PASS" start="2025-04-11T15:42:46.417776" elapsed="0.001013"/>
</kw>
<kw name="Log" owner="BuiltIn">
<msg time="2025-04-11T15:42:46.418789" level="INFO">Setting up test for BMI calculator</msg>
<arg>Setting up test for BMI calculator</arg>
<doc>Logs the given message with the given level.</doc>
<status status="PASS" start="2025-04-11T15:42:46.418789" elapsed="0.000000"/>
</kw>
<status status="PASS" start="2025-04-11T15:42:46.417776" elapsed="0.001013"/>
</kw>
<kw name="Given the BMI calculator is available" owner="bmi_keywords">
<kw name="Log" owner="BuiltIn">
<msg time="2025-04-11T15:42:46.420775" level="INFO">Verified BMI calculator is available</msg>
<arg>Verified BMI calculator is available</arg>
<doc>Logs the given message with the given level.</doc>
<status status="PASS" start="2025-04-11T15:42:46.420775" elapsed="0.000000"/>
</kw>
<status status="PASS" start="2025-04-11T15:42:46.419794" elapsed="0.000981"/>
</kw>
<kw name="When I calculate BMI with height &quot;165&quot; cm and weight &quot;75&quot; kg" owner="bmi_keywords" source_name="I calculate BMI with height &quot;${height}&quot; cm and weight &quot;${weight}&quot; kg">
<kw name="Calculate Bmi" owner="BMI_calculator">
<msg time="2025-04-11T15:42:46.421777" level="INFO">${result} = (27.5, 'Overweight')</msg>
<var>${result}</var>
<arg>${height}</arg>
<arg>${weight}</arg>
<doc>Calculate BMI (Body Mass Index) and determine the weight category.</doc>
<status status="PASS" start="2025-04-11T15:42:46.421777" elapsed="0.000000"/>
</kw>
<kw name="Set Test Variable" owner="BuiltIn">
<msg time="2025-04-11T15:42:46.421777" level="INFO">${BMI_VALUE} = 27.5</msg>
<arg>${BMI_VALUE}</arg>
<arg>${result}[0]</arg>
<doc>Makes a variable available everywhere within the scope of the current test.</doc>
<status status="PASS" start="2025-04-11T15:42:46.421777" elapsed="0.000000"/>
</kw>
<kw name="Set Test Variable" owner="BuiltIn">
<msg time="2025-04-11T15:42:46.422774" level="INFO">${BMI_CATEGORY} = Overweight</msg>
<arg>${BMI_CATEGORY}</arg>
<arg>${result}[1]</arg>
<doc>Makes a variable available everywhere within the scope of the current test.</doc>
<status status="PASS" start="2025-04-11T15:42:46.422774" elapsed="0.000000"/>
</kw>
<kw name="Log" owner="BuiltIn">
<msg time="2025-04-11T15:42:46.422774" level="INFO">BMI Result: (27.5, 'Overweight')</msg>
<arg>BMI Result: ${result}</arg>
<doc>Logs the given message with the given level.</doc>
<status status="PASS" start="2025-04-11T15:42:46.422774" elapsed="0.000000"/>
</kw>
<kw name="Log" owner="BuiltIn">
<msg time="2025-04-11T15:42:46.423773" level="INFO">BMI Value: 27.5</msg>
<arg>BMI Value: ${BMI_VALUE}</arg>
<doc>Logs the given message with the given level.</doc>
<status status="PASS" start="2025-04-11T15:42:46.423773" elapsed="0.000000"/>
</kw>
<kw name="Log" owner="BuiltIn">
<msg time="2025-04-11T15:42:46.423773" level="INFO">BMI Category: Overweight</msg>
<arg>BMI Category: ${BMI_CATEGORY}</arg>
<doc>Logs the given message with the given level.</doc>
<status status="PASS" start="2025-04-11T15:42:46.423773" elapsed="0.000000"/>
</kw>
<status status="PASS" start="2025-04-11T15:42:46.420775" elapsed="0.002998"/>
</kw>
<kw name="Then the BMI result should be &quot;27.5&quot;" owner="bmi_keywords" source_name="the BMI result should be &quot;${expected_bmi}&quot;">
<kw name="Set Variable If" owner="BuiltIn">
<msg time="2025-04-11T15:42:46.424774" level="INFO">${actual_bmi} = 27.5</msg>
<var>${actual_bmi}</var>
<arg>"${BMI_VALUE}" == "None"</arg>
<arg>None</arg>
<arg>${BMI_VALUE}</arg>
<doc>Sets variable based on the given condition.</doc>
<status status="PASS" start="2025-04-11T15:42:46.424774" elapsed="0.000000"/>
</kw>
<kw name="Set Variable If" owner="BuiltIn">
<msg time="2025-04-11T15:42:46.424774" level="INFO">${expected} = 27.5</msg>
<var>${expected}</var>
<arg>"${expected_bmi}" == "None"</arg>
<arg>None</arg>
<arg>${expected_bmi}</arg>
<doc>Sets variable based on the given condition.</doc>
<status status="PASS" start="2025-04-11T15:42:46.424774" elapsed="0.000000"/>
</kw>
<kw name="Should Be Equal As Strings" owner="BuiltIn">
<msg time="2025-04-11T15:42:46.425778" level="INFO">Argument types are:
&lt;class 'float'&gt;
&lt;class 'str'&gt;</msg>
<arg>${actual_bmi}</arg>
<arg>${expected}</arg>
<arg>msg=Expected BMI value ${expected} but got ${actual_bmi}</arg>
<doc>Fails if objects are unequal after converting them to strings.</doc>
<status status="PASS" start="2025-04-11T15:42:46.424774" elapsed="0.001004"/>
</kw>
<status status="PASS" start="2025-04-11T15:42:46.424774" elapsed="0.001004"/>
</kw>
<kw name="And the BMI category should be &quot;Overweight&quot;" owner="bmi_keywords" source_name="the BMI category should be &quot;${expected_category}&quot;">
<kw name="Should Be Equal" owner="BuiltIn">
<arg>${BMI_CATEGORY}</arg>
<arg>${expected_category}</arg>
<arg>msg=Expected category ${expected_category} but got ${BMI_CATEGORY}</arg>
<doc>Fails if the given objects are unequal.</doc>
<status status="PASS" start="2025-04-11T15:42:46.426776" elapsed="0.000000"/>
</kw>
<status status="PASS" start="2025-04-11T15:42:46.425778" elapsed="0.000998"/>
</kw>
<kw name="Cleanup BMI Test" owner="bmi_keywords" type="TEARDOWN">
<kw name="No Operation" owner="BuiltIn">
<doc>Does absolutely nothing.</doc>
<status status="PASS" start="2025-04-11T15:42:46.427773" elapsed="0.000000"/>
</kw>
<status status="PASS" start="2025-04-11T15:42:46.427773" elapsed="0.000000"/>
</kw>
<status status="PASS" start="2025-04-11T15:42:46.415797" elapsed="0.012977"/>
</test>
<test id="s1-t4" name="Scenario: Calculate BMI for Obese Person" line="26">
<kw name="Setup BMI Test" owner="bmi_keywords" type="SETUP">
<kw name="File Should Exist" owner="OperatingSystem">
<msg time="2025-04-11T15:42:46.430775" level="INFO" html="true">File '&lt;a href="file://C:\Users\skuma104\OneDrive - Capgemini\Documents\Innovation-Project\BMI_calculator\source_code\BMI_calculator.py"&gt;C:\Users\skuma104\OneDrive - Capgemini\Documents\Innovation-Project\BMI_calculator\source_code\BMI_calculator.py&lt;/a&gt;' exists.</msg>
<arg>${BMI_MODULE}</arg>
<arg>msg=BMI calculator module not found at ${BMI_MODULE}</arg>
<doc>Fails unless the given ``path`` points to an existing file.</doc>
<status status="PASS" start="2025-04-11T15:42:46.430775" elapsed="0.001003"/>
</kw>
<kw name="Log" owner="BuiltIn">
<msg time="2025-04-11T15:42:46.431778" level="INFO">Setting up test for BMI calculator</msg>
<arg>Setting up test for BMI calculator</arg>
<doc>Logs the given message with the given level.</doc>
<status status="PASS" start="2025-04-11T15:42:46.431778" elapsed="0.000999"/>
</kw>
<status status="PASS" start="2025-04-11T15:42:46.429773" elapsed="0.003004"/>
</kw>
<kw name="Given the BMI calculator is available" owner="bmi_keywords">
<kw name="Log" owner="BuiltIn">
<msg time="2025-04-11T15:42:46.435775" level="INFO">Verified BMI calculator is available</msg>
<arg>Verified BMI calculator is available</arg>
<doc>Logs the given message with the given level.</doc>
<status status="PASS" start="2025-04-11T15:42:46.434774" elapsed="0.001001"/>
</kw>
<status status="PASS" start="2025-04-11T15:42:46.434774" elapsed="0.001001"/>
</kw>
<kw name="When I calculate BMI with height &quot;170&quot; cm and weight &quot;95&quot; kg" owner="bmi_keywords" source_name="I calculate BMI with height &quot;${height}&quot; cm and weight &quot;${weight}&quot; kg">
<kw name="Calculate Bmi" owner="BMI_calculator">
<msg time="2025-04-11T15:42:46.437282" level="INFO">${result} = (32.9, 'Obese')</msg>
<var>${result}</var>
<arg>${height}</arg>
<arg>${weight}</arg>
<doc>Calculate BMI (Body Mass Index) and determine the weight category.</doc>
<status status="PASS" start="2025-04-11T15:42:46.436777" elapsed="0.000505"/>
</kw>
<kw name="Set Test Variable" owner="BuiltIn">
<msg time="2025-04-11T15:42:46.437282" level="INFO">${BMI_VALUE} = 32.9</msg>
<arg>${BMI_VALUE}</arg>
<arg>${result}[0]</arg>
<doc>Makes a variable available everywhere within the scope of the current test.</doc>
<status status="PASS" start="2025-04-11T15:42:46.437282" elapsed="0.000000"/>
</kw>
<kw name="Set Test Variable" owner="BuiltIn">
<msg time="2025-04-11T15:42:46.438294" level="INFO">${BMI_CATEGORY} = Obese</msg>
<arg>${BMI_CATEGORY}</arg>
<arg>${result}[1]</arg>
<doc>Makes a variable available everywhere within the scope of the current test.</doc>
<status status="PASS" start="2025-04-11T15:42:46.437282" elapsed="0.001012"/>
</kw>
<kw name="Log" owner="BuiltIn">
<msg time="2025-04-11T15:42:46.438294" level="INFO">BMI Result: (32.9, 'Obese')</msg>
<arg>BMI Result: ${result}</arg>
<doc>Logs the given message with the given level.</doc>
<status status="PASS" start="2025-04-11T15:42:46.438294" elapsed="0.000000"/>
</kw>
<kw name="Log" owner="BuiltIn">
<msg time="2025-04-11T15:42:46.438294" level="INFO">BMI Value: 32.9</msg>
<arg>BMI Value: ${BMI_VALUE}</arg>
<doc>Logs the given message with the given level.</doc>
<status status="PASS" start="2025-04-11T15:42:46.438294" elapsed="0.000000"/>
</kw>
<kw name="Log" owner="BuiltIn">
<msg time="2025-04-11T15:42:46.438294" level="INFO">BMI Category: Obese</msg>
<arg>BMI Category: ${BMI_CATEGORY}</arg>
<doc>Logs the given message with the given level.</doc>
<status status="PASS" start="2025-04-11T15:42:46.438294" elapsed="0.000000"/>
</kw>
<status status="PASS" start="2025-04-11T15:42:46.435775" elapsed="0.002519"/>
</kw>
<kw name="Then the BMI result should be &quot;32.9&quot;" owner="bmi_keywords" source_name="the BMI result should be &quot;${expected_bmi}&quot;">
<kw name="Set Variable If" owner="BuiltIn">
<msg time="2025-04-11T15:42:46.440328" level="INFO">${actual_bmi} = 32.9</msg>
<var>${actual_bmi}</var>
<arg>"${BMI_VALUE}" == "None"</arg>
<arg>None</arg>
<arg>${BMI_VALUE}</arg>
<doc>Sets variable based on the given condition.</doc>
<status status="PASS" start="2025-04-11T15:42:46.439384" elapsed="0.000944"/>
</kw>
<kw name="Set Variable If" owner="BuiltIn">
<msg time="2025-04-11T15:42:46.440328" level="INFO">${expected} = 32.9</msg>
<var>${expected}</var>
<arg>"${expected_bmi}" == "None"</arg>
<arg>None</arg>
<arg>${expected_bmi}</arg>
<doc>Sets variable based on the given condition.</doc>
<status status="PASS" start="2025-04-11T15:42:46.440328" elapsed="0.000000"/>
</kw>
<kw name="Should Be Equal As Strings" owner="BuiltIn">
<msg time="2025-04-11T15:42:46.440328" level="INFO">Argument types are:
&lt;class 'float'&gt;
&lt;class 'str'&gt;</msg>
<arg>${actual_bmi}</arg>
<arg>${expected}</arg>
<arg>msg=Expected BMI value ${expected} but got ${actual_bmi}</arg>
<doc>Fails if objects are unequal after converting them to strings.</doc>
<status status="PASS" start="2025-04-11T15:42:46.440328" elapsed="0.000000"/>
</kw>
<status status="PASS" start="2025-04-11T15:42:46.439384" elapsed="0.000944"/>
</kw>
<kw name="And the BMI category should be &quot;Obese&quot;" owner="bmi_keywords" source_name="the BMI category should be &quot;${expected_category}&quot;">
<kw name="Should Be Equal" owner="BuiltIn">
<arg>${BMI_CATEGORY}</arg>
<arg>${expected_category}</arg>
<arg>msg=Expected category ${expected_category} but got ${BMI_CATEGORY}</arg>
<doc>Fails if the given objects are unequal.</doc>
<status status="PASS" start="2025-04-11T15:42:46.441340" elapsed="0.000999"/>
</kw>
<status status="PASS" start="2025-04-11T15:42:46.441340" elapsed="0.000999"/>
</kw>
<kw name="Cleanup BMI Test" owner="bmi_keywords" type="TEARDOWN">
<kw name="No Operation" owner="BuiltIn">
<doc>Does absolutely nothing.</doc>
<status status="PASS" start="2025-04-11T15:42:46.443341" elapsed="0.000000"/>
</kw>
<status status="PASS" start="2025-04-11T15:42:46.442339" elapsed="0.001002"/>
</kw>
<status status="PASS" start="2025-04-11T15:42:46.429773" elapsed="0.013568"/>
</test>
<test id="s1-t5" name="Scenario: Validate Error for Missing Height" line="32">
<kw name="Setup BMI Test" owner="bmi_keywords" type="SETUP">
<kw name="File Should Exist" owner="OperatingSystem">
<msg time="2025-04-11T15:42:46.446338" level="INFO" html="true">File '&lt;a href="file://C:\Users\skuma104\OneDrive - Capgemini\Documents\Innovation-Project\BMI_calculator\source_code\BMI_calculator.py"&gt;C:\Users\skuma104\OneDrive - Capgemini\Documents\Innovation-Project\BMI_calculator\source_code\BMI_calculator.py&lt;/a&gt;' exists.</msg>
<arg>${BMI_MODULE}</arg>
<arg>msg=BMI calculator module not found at ${BMI_MODULE}</arg>
<doc>Fails unless the given ``path`` points to an existing file.</doc>
<status status="PASS" start="2025-04-11T15:42:46.445341" elapsed="0.000997"/>
</kw>
<kw name="Log" owner="BuiltIn">
<msg time="2025-04-11T15:42:46.446338" level="INFO">Setting up test for BMI calculator</msg>
<arg>Setting up test for BMI calculator</arg>
<doc>Logs the given message with the given level.</doc>
<status status="PASS" start="2025-04-11T15:42:46.446338" elapsed="0.000000"/>
</kw>
<status status="PASS" start="2025-04-11T15:42:46.445341" elapsed="0.000997"/>
</kw>
<kw name="Given the BMI calculator is available" owner="bmi_keywords">
<kw name="Log" owner="BuiltIn">
<msg time="2025-04-11T15:42:46.449335" level="INFO">Verified BMI calculator is available</msg>
<arg>Verified BMI calculator is available</arg>
<doc>Logs the given message with the given level.</doc>
<status status="PASS" start="2025-04-11T15:42:46.449335" elapsed="0.000000"/>
</kw>
<status status="PASS" start="2025-04-11T15:42:46.448351" elapsed="0.000984"/>
</kw>
<kw name="When I calculate BMI with height &quot;&quot; cm and weight &quot;70&quot; kg" owner="bmi_keywords" source_name="I calculate BMI with height &quot;${height}&quot; cm and weight &quot;${weight}&quot; kg">
<kw name="Calculate Bmi" owner="BMI_calculator">
<msg time="2025-04-11T15:42:46.451336" level="INFO">${result} = (None, 'Error: Please enter your height')</msg>
<var>${result}</var>
<arg>${height}</arg>
<arg>${weight}</arg>
<doc>Calculate BMI (Body Mass Index) and determine the weight category.</doc>
<status status="PASS" start="2025-04-11T15:42:46.451336" elapsed="0.000000"/>
</kw>
<kw name="Set Test Variable" owner="BuiltIn">
<msg time="2025-04-11T15:42:46.453349" level="INFO">${BMI_VALUE} = None</msg>
<arg>${BMI_VALUE}</arg>
<arg>${result}[0]</arg>
<doc>Makes a variable available everywhere within the scope of the current test.</doc>
<status status="PASS" start="2025-04-11T15:42:46.452346" elapsed="0.001003"/>
</kw>
<kw name="Set Test Variable" owner="BuiltIn">
<msg time="2025-04-11T15:42:46.453349" level="INFO">${BMI_CATEGORY} = Error: Please enter your height</msg>
<arg>${BMI_CATEGORY}</arg>
<arg>${result}[1]</arg>
<doc>Makes a variable available everywhere within the scope of the current test.</doc>
<status status="PASS" start="2025-04-11T15:42:46.453349" elapsed="0.000991"/>
</kw>
<kw name="Log" owner="BuiltIn">
<msg time="2025-04-11T15:42:46.454340" level="INFO">BMI Result: (None, 'Error: Please enter your height')</msg>
<arg>BMI Result: ${result}</arg>
<doc>Logs the given message with the given level.</doc>
<status status="PASS" start="2025-04-11T15:42:46.454340" elapsed="0.000000"/>
</kw>
<kw name="Log" owner="BuiltIn">
<msg time="2025-04-11T15:42:46.454340" level="INFO">BMI Value: None</msg>
<arg>BMI Value: ${BMI_VALUE}</arg>
<doc>Logs the given message with the given level.</doc>
<status status="PASS" start="2025-04-11T15:42:46.454340" elapsed="0.000000"/>
</kw>
<kw name="Log" owner="BuiltIn">
<msg time="2025-04-11T15:42:46.454340" level="INFO">BMI Category: Error: Please enter your height</msg>
<arg>BMI Category: ${BMI_CATEGORY}</arg>
<doc>Logs the given message with the given level.</doc>
<status status="PASS" start="2025-04-11T15:42:46.454340" elapsed="0.000000"/>
</kw>
<status status="PASS" start="2025-04-11T15:42:46.450348" elapsed="0.003992"/>
</kw>
<kw name="Then an error should be reported" owner="bmi_keywords">
<kw name="Should Be Equal" owner="BuiltIn">
<arg>${BMI_VALUE}</arg>
<arg>${None}</arg>
<arg>msg=Expected an error (None BMI value) but got: ${BMI_VALUE}</arg>
<doc>Fails if the given objects are unequal.</doc>
<status status="PASS" start="2025-04-11T15:42:46.454340" elapsed="0.001524"/>
</kw>
<kw name="Should Contain" owner="BuiltIn">
<arg>${BMI_CATEGORY}</arg>
<arg>Error</arg>
<arg>msg=Expected error message but got: ${BMI_CATEGORY}</arg>
<doc>Fails if ``container`` does not contain ``item`` one or more times.</doc>
<status status="PASS" start="2025-04-11T15:42:46.455864" elapsed="0.000000"/>
</kw>
<status status="PASS" start="2025-04-11T15:42:46.454340" elapsed="0.001524"/>
</kw>
<kw name="And the error should contain &quot;Please enter your height&quot;" owner="bmi_keywords" source_name="the error should contain &quot;${expected_text}&quot;">
<kw name="Should Contain" owner="BuiltIn">
<arg>${BMI_CATEGORY}</arg>
<arg>${expected_text}</arg>
<arg>ignore_case=True</arg>
<arg>msg=Expected error message containing '${expected_text}' but got: ${BMI_CATEGORY}</arg>
<doc>Fails if ``container`` does not contain ``item`` one or more times.</doc>
<status status="PASS" start="2025-04-11T15:42:46.456889" elapsed="0.000000"/>
</kw>
<status status="PASS" start="2025-04-11T15:42:46.456889" elapsed="0.000000"/>
</kw>
<kw name="Cleanup BMI Test" owner="bmi_keywords" type="TEARDOWN">
<kw name="No Operation" owner="BuiltIn">
<doc>Does absolutely nothing.</doc>
<status status="PASS" start="2025-04-11T15:42:46.457892" elapsed="0.000000"/>
</kw>
<status status="PASS" start="2025-04-11T15:42:46.457892" elapsed="0.000000"/>
</kw>
<status status="PASS" start="2025-04-11T15:42:46.444338" elapsed="0.014570"/>
</test>
<test id="s1-t6" name="Scenario: Validate Error for Missing Weight" line="38">
<kw name="Setup BMI Test" owner="bmi_keywords" type="SETUP">
<kw name="File Should Exist" owner="OperatingSystem">
<msg time="2025-04-11T15:42:46.461886" level="INFO" html="true">File '&lt;a href="file://C:\Users\skuma104\OneDrive - Capgemini\Documents\Innovation-Project\BMI_calculator\source_code\BMI_calculator.py"&gt;C:\Users\skuma104\OneDrive - Capgemini\Documents\Innovation-Project\BMI_calculator\source_code\BMI_calculator.py&lt;/a&gt;' exists.</msg>
<arg>${BMI_MODULE}</arg>
<arg>msg=BMI calculator module not found at ${BMI_MODULE}</arg>
<doc>Fails unless the given ``path`` points to an existing file.</doc>
<status status="PASS" start="2025-04-11T15:42:46.460893" elapsed="0.000993"/>
</kw>
<kw name="Log" owner="BuiltIn">
<msg time="2025-04-11T15:42:46.461886" level="INFO">Setting up test for BMI calculator</msg>
<arg>Setting up test for BMI calculator</arg>
<doc>Logs the given message with the given level.</doc>
<status status="PASS" start="2025-04-11T15:42:46.461886" elapsed="0.002004"/>
</kw>
<status status="PASS" start="2025-04-11T15:42:46.460893" elapsed="0.002997"/>
</kw>
<kw name="Given the BMI calculator is available" owner="bmi_keywords">
<kw name="Log" owner="BuiltIn">
<msg time="2025-04-11T15:42:46.465902" level="INFO">Verified BMI calculator is available</msg>
<arg>Verified BMI calculator is available</arg>
<doc>Logs the given message with the given level.</doc>
<status status="PASS" start="2025-04-11T15:42:46.465902" elapsed="0.000000"/>
</kw>
<status status="PASS" start="2025-04-11T15:42:46.465902" elapsed="0.000000"/>
</kw>
<kw name="When I calculate BMI with height &quot;175&quot; cm and weight &quot;&quot; kg" owner="bmi_keywords" source_name="I calculate BMI with height &quot;${height}&quot; cm and weight &quot;${weight}&quot; kg">
<kw name="Calculate Bmi" owner="BMI_calculator">
<msg time="2025-04-11T15:42:46.467892" level="INFO">${result} = (None, 'Error: Please enter your weight')</msg>
<var>${result}</var>
<arg>${height}</arg>
<arg>${weight}</arg>
<doc>Calculate BMI (Body Mass Index) and determine the weight category.</doc>
<status status="PASS" start="2025-04-11T15:42:46.466886" elapsed="0.001006"/>
</kw>
<kw name="Set Test Variable" owner="BuiltIn">
<msg time="2025-04-11T15:42:46.470668" level="INFO">${BMI_VALUE} = None</msg>
<arg>${BMI_VALUE}</arg>
<arg>${result}[0]</arg>
<doc>Makes a variable available everywhere within the scope of the current test.</doc>
<status status="PASS" start="2025-04-11T15:42:46.467892" elapsed="0.002776"/>
</kw>
<kw name="Set Test Variable" owner="BuiltIn">
<msg time="2025-04-11T15:42:46.472169" level="INFO">${BMI_CATEGORY} = Error: Please enter your weight</msg>
<arg>${BMI_CATEGORY}</arg>
<arg>${result}[1]</arg>
<doc>Makes a variable available everywhere within the scope of the current test.</doc>
<status status="PASS" start="2025-04-11T15:42:46.470668" elapsed="0.001501"/>
</kw>
<kw name="Log" owner="BuiltIn">
<msg time="2025-04-11T15:42:46.473181" level="INFO">BMI Result: (None, 'Error: Please enter your weight')</msg>
<arg>BMI Result: ${result}</arg>
<doc>Logs the given message with the given level.</doc>
<status status="PASS" start="2025-04-11T15:42:46.472169" elapsed="0.001012"/>
</kw>
<kw name="Log" owner="BuiltIn">
<msg time="2025-04-11T15:42:46.473181" level="INFO">BMI Value: None</msg>
<arg>BMI Value: ${BMI_VALUE}</arg>
<doc>Logs the given message with the given level.</doc>
<status status="PASS" start="2025-04-11T15:42:46.473181" elapsed="0.000000"/>
</kw>
<kw name="Log" owner="BuiltIn">
<msg time="2025-04-11T15:42:46.474182" level="INFO">BMI Category: Error: Please enter your weight</msg>
<arg>BMI Category: ${BMI_CATEGORY}</arg>
<doc>Logs the given message with the given level.</doc>
<status status="PASS" start="2025-04-11T15:42:46.473181" elapsed="0.001001"/>
</kw>
<status status="PASS" start="2025-04-11T15:42:46.466886" elapsed="0.007296"/>
</kw>
<kw name="Then an error should be reported" owner="bmi_keywords">
<kw name="Should Be Equal" owner="BuiltIn">
<arg>${BMI_VALUE}</arg>
<arg>${None}</arg>
<arg>msg=Expected an error (None BMI value) but got: ${BMI_VALUE}</arg>
<doc>Fails if the given objects are unequal.</doc>
<status status="PASS" start="2025-04-11T15:42:46.475179" elapsed="0.000000"/>
</kw>
<kw name="Should Contain" owner="BuiltIn">
<arg>${BMI_CATEGORY}</arg>
<arg>Error</arg>
<arg>msg=Expected error message but got: ${BMI_CATEGORY}</arg>
<doc>Fails if ``container`` does not contain ``item`` one or more times.</doc>
<status status="PASS" start="2025-04-11T15:42:46.475179" elapsed="0.001020"/>
</kw>
<status status="PASS" start="2025-04-11T15:42:46.474182" elapsed="0.002017"/>
</kw>
<kw name="And the error should contain &quot;Please enter your weight&quot;" owner="bmi_keywords" source_name="the error should contain &quot;${expected_text}&quot;">
<kw name="Should Contain" owner="BuiltIn">
<arg>${BMI_CATEGORY}</arg>
<arg>${expected_text}</arg>
<arg>ignore_case=True</arg>
<arg>msg=Expected error message containing '${expected_text}' but got: ${BMI_CATEGORY}</arg>
<doc>Fails if ``container`` does not contain ``item`` one or more times.</doc>
<status status="PASS" start="2025-04-11T15:42:46.476199" elapsed="0.000980"/>
</kw>
<status status="PASS" start="2025-04-11T15:42:46.476199" elapsed="0.000980"/>
</kw>
<kw name="Cleanup BMI Test" owner="bmi_keywords" type="TEARDOWN">
<kw name="No Operation" owner="BuiltIn">
<doc>Does absolutely nothing.</doc>
<status status="PASS" start="2025-04-11T15:42:46.478187" elapsed="0.000994"/>
</kw>
<status status="PASS" start="2025-04-11T15:42:46.477179" elapsed="0.002002"/>
</kw>
<status status="PASS" start="2025-04-11T15:42:46.458908" elapsed="0.020273"/>
</test>
<test id="s1-t7" name="Scenario: Validate Error for Non-Numeric Height" line="44">
<kw name="Setup BMI Test" owner="bmi_keywords" type="SETUP">
<kw name="File Should Exist" owner="OperatingSystem">
<msg time="2025-04-11T15:42:46.486643" level="INFO" html="true">File '&lt;a href="file://C:\Users\skuma104\OneDrive - Capgemini\Documents\Innovation-Project\BMI_calculator\source_code\BMI_calculator.py"&gt;C:\Users\skuma104\OneDrive - Capgemini\Documents\Innovation-Project\BMI_calculator\source_code\BMI_calculator.py&lt;/a&gt;' exists.</msg>
<arg>${BMI_MODULE}</arg>
<arg>msg=BMI calculator module not found at ${BMI_MODULE}</arg>
<doc>Fails unless the given ``path`` points to an existing file.</doc>
<status status="PASS" start="2025-04-11T15:42:46.484181" elapsed="0.002462"/>
</kw>
<kw name="Log" owner="BuiltIn">
<msg time="2025-04-11T15:42:46.487151" level="INFO">Setting up test for BMI calculator</msg>
<arg>Setting up test for BMI calculator</arg>
<doc>Logs the given message with the given level.</doc>
<status status="PASS" start="2025-04-11T15:42:46.487151" elapsed="0.000000"/>
</kw>
<status status="PASS" start="2025-04-11T15:42:46.483190" elapsed="0.003961"/>
</kw>
<kw name="Given the BMI calculator is available" owner="bmi_keywords">
<kw name="Log" owner="BuiltIn">
<msg time="2025-04-11T15:42:46.488160" level="INFO">Verified BMI calculator is available</msg>
<arg>Verified BMI calculator is available</arg>
<doc>Logs the given message with the given level.</doc>
<status status="PASS" start="2025-04-11T15:42:46.488160" elapsed="0.000000"/>
</kw>
<status status="PASS" start="2025-04-11T15:42:46.488160" elapsed="0.000000"/>
</kw>
<kw name="When I calculate BMI with height &quot;abc&quot; cm and weight &quot;70&quot; kg" owner="bmi_keywords" source_name="I calculate BMI with height &quot;${height}&quot; cm and weight &quot;${weight}&quot; kg">
<kw name="Calculate Bmi" owner="BMI_calculator">
<msg time="2025-04-11T15:42:46.489160" level="INFO">${result} = (None, 'Error: Please enter valid numbers')</msg>
<var>${result}</var>
<arg>${height}</arg>
<arg>${weight}</arg>
<doc>Calculate BMI (Body Mass Index) and determine the weight category.</doc>
<status status="PASS" start="2025-04-11T15:42:46.489160" elapsed="0.000000"/>
</kw>
<kw name="Set Test Variable" owner="BuiltIn">
<msg time="2025-04-11T15:42:46.489160" level="INFO">${BMI_VALUE} = None</msg>
<arg>${BMI_VALUE}</arg>
<arg>${result}[0]</arg>
<doc>Makes a variable available everywhere within the scope of the current test.</doc>
<status status="PASS" start="2025-04-11T15:42:46.489160" elapsed="0.000000"/>
</kw>
<kw name="Set Test Variable" owner="BuiltIn">
<msg time="2025-04-11T15:42:46.490161" level="INFO">${BMI_CATEGORY} = Error: Please enter valid numbers</msg>
<arg>${BMI_CATEGORY}</arg>
<arg>${result}[1]</arg>
<doc>Makes a variable available everywhere within the scope of the current test.</doc>
<status status="PASS" start="2025-04-11T15:42:46.489160" elapsed="0.001001"/>
</kw>
<kw name="Log" owner="BuiltIn">
<msg time="2025-04-11T15:42:46.490161" level="INFO">BMI Result: (None, 'Error: Please enter valid numbers')</msg>
<arg>BMI Result: ${result}</arg>
<doc>Logs the given message with the given level.</doc>
<status status="PASS" start="2025-04-11T15:42:46.490161" elapsed="0.000000"/>
</kw>
<kw name="Log" owner="BuiltIn">
<msg time="2025-04-11T15:42:46.491160" level="INFO">BMI Value: None</msg>
<arg>BMI Value: ${BMI_VALUE}</arg>
<doc>Logs the given message with the given level.</doc>
<status status="PASS" start="2025-04-11T15:42:46.490161" elapsed="0.000999"/>
</kw>
<kw name="Log" owner="BuiltIn">
<msg time="2025-04-11T15:42:46.491160" level="INFO">BMI Category: Error: Please enter valid numbers</msg>
<arg>BMI Category: ${BMI_CATEGORY}</arg>
<doc>Logs the given message with the given level.</doc>
<status status="PASS" start="2025-04-11T15:42:46.491160" elapsed="0.000000"/>
</kw>
<status status="PASS" start="2025-04-11T15:42:46.488160" elapsed="0.003000"/>
</kw>
<kw name="Then an error should be reported" owner="bmi_keywords">
<kw name="Should Be Equal" owner="BuiltIn">
<arg>${BMI_VALUE}</arg>
<arg>${None}</arg>
<arg>msg=Expected an error (None BMI value) but got: ${BMI_VALUE}</arg>
<doc>Fails if the given objects are unequal.</doc>
<status status="PASS" start="2025-04-11T15:42:46.491160" elapsed="0.001004"/>
</kw>
<kw name="Should Contain" owner="BuiltIn">
<arg>${BMI_CATEGORY}</arg>
<arg>Error</arg>
<arg>msg=Expected error message but got: ${BMI_CATEGORY}</arg>
<doc>Fails if ``container`` does not contain ``item`` one or more times.</doc>
<status status="PASS" start="2025-04-11T15:42:46.492164" elapsed="0.000000"/>
</kw>
<status status="PASS" start="2025-04-11T15:42:46.491160" elapsed="0.001004"/>
</kw>
<kw name="And the error should contain &quot;Please enter valid numbers&quot;" owner="bmi_keywords" source_name="the error should contain &quot;${expected_text}&quot;">
<kw name="Should Contain" owner="BuiltIn">
<arg>${BMI_CATEGORY}</arg>
<arg>${expected_text}</arg>
<arg>ignore_case=True</arg>
<arg>msg=Expected error message containing '${expected_text}' but got: ${BMI_CATEGORY}</arg>
<doc>Fails if ``container`` does not contain ``item`` one or more times.</doc>
<status status="PASS" start="2025-04-11T15:42:46.493158" elapsed="0.001005"/>
</kw>
<status status="PASS" start="2025-04-11T15:42:46.493158" elapsed="0.001005"/>
</kw>
<kw name="Cleanup BMI Test" owner="bmi_keywords" type="TEARDOWN">
<kw name="No Operation" owner="BuiltIn">
<doc>Does absolutely nothing.</doc>
<status status="PASS" start="2025-04-11T15:42:46.504347" elapsed="0.000000"/>
</kw>
<status status="PASS" start="2025-04-11T15:42:46.503352" elapsed="0.000995"/>
</kw>
<status status="PASS" start="2025-04-11T15:42:46.481191" elapsed="0.024156"/>
</test>
<test id="s1-t8" name="Scenario: Validate Error for Non-Numeric Weight" line="50">
<kw name="Setup BMI Test" owner="bmi_keywords" type="SETUP">
<kw name="File Should Exist" owner="OperatingSystem">
<msg time="2025-04-11T15:42:46.507347" level="INFO" html="true">File '&lt;a href="file://C:\Users\skuma104\OneDrive - Capgemini\Documents\Innovation-Project\BMI_calculator\source_code\BMI_calculator.py"&gt;C:\Users\skuma104\OneDrive - Capgemini\Documents\Innovation-Project\BMI_calculator\source_code\BMI_calculator.py&lt;/a&gt;' exists.</msg>
<arg>${BMI_MODULE}</arg>
<arg>msg=BMI calculator module not found at ${BMI_MODULE}</arg>
<doc>Fails unless the given ``path`` points to an existing file.</doc>
<status status="PASS" start="2025-04-11T15:42:46.507347" elapsed="0.000000"/>
</kw>
<kw name="Log" owner="BuiltIn">
<msg time="2025-04-11T15:42:46.507347" level="INFO">Setting up test for BMI calculator</msg>
<arg>Setting up test for BMI calculator</arg>
<doc>Logs the given message with the given level.</doc>
<status status="PASS" start="2025-04-11T15:42:46.507347" elapsed="0.001008"/>
</kw>
<status status="PASS" start="2025-04-11T15:42:46.506346" elapsed="0.002009"/>
</kw>
<kw name="Given the BMI calculator is available" owner="bmi_keywords">
<kw name="Log" owner="BuiltIn">
<msg time="2025-04-11T15:42:46.508355" level="INFO">Verified BMI calculator is available</msg>
<arg>Verified BMI calculator is available</arg>
<doc>Logs the given message with the given level.</doc>
<status status="PASS" start="2025-04-11T15:42:46.508355" elapsed="0.000000"/>
</kw>
<status status="PASS" start="2025-04-11T15:42:46.508355" elapsed="0.000000"/>
</kw>
<kw name="When I calculate BMI with height &quot;175&quot; cm and weight &quot;xyz&quot; kg" owner="bmi_keywords" source_name="I calculate BMI with height &quot;${height}&quot; cm and weight &quot;${weight}&quot; kg">
<kw name="Calculate Bmi" owner="BMI_calculator">
<msg time="2025-04-11T15:42:46.510346" level="INFO">${result} = (None, 'Error: Please enter valid numbers')</msg>
<var>${result}</var>
<arg>${height}</arg>
<arg>${weight}</arg>
<doc>Calculate BMI (Body Mass Index) and determine the weight category.</doc>
<status status="PASS" start="2025-04-11T15:42:46.509344" elapsed="0.001002"/>
</kw>
<kw name="Set Test Variable" owner="BuiltIn">
<msg time="2025-04-11T15:42:46.511352" level="INFO">${BMI_VALUE} = None</msg>
<arg>${BMI_VALUE}</arg>
<arg>${result}[0]</arg>
<doc>Makes a variable available everywhere within the scope of the current test.</doc>
<status status="PASS" start="2025-04-11T15:42:46.510346" elapsed="0.001006"/>
</kw>
<kw name="Set Test Variable" owner="BuiltIn">
<msg time="2025-04-11T15:42:46.511352" level="INFO">${BMI_CATEGORY} = Error: Please enter valid numbers</msg>
<arg>${BMI_CATEGORY}</arg>
<arg>${result}[1]</arg>
<doc>Makes a variable available everywhere within the scope of the current test.</doc>
<status status="PASS" start="2025-04-11T15:42:46.511352" elapsed="0.000993"/>
</kw>
<kw name="Log" owner="BuiltIn">
<msg time="2025-04-11T15:42:46.512345" level="INFO">BMI Result: (None, 'Error: Please enter valid numbers')</msg>
<arg>BMI Result: ${result}</arg>
<doc>Logs the given message with the given level.</doc>
<status status="PASS" start="2025-04-11T15:42:46.512345" elapsed="0.000000"/>
</kw>
<kw name="Log" owner="BuiltIn">
<msg time="2025-04-11T15:42:46.512345" level="INFO">BMI Value: None</msg>
<arg>BMI Value: ${BMI_VALUE}</arg>
<doc>Logs the given message with the given level.</doc>
<status status="PASS" start="2025-04-11T15:42:46.512345" elapsed="0.000000"/>
</kw>
<kw name="Log" owner="BuiltIn">
<msg time="2025-04-11T15:42:46.512345" level="INFO">BMI Category: Error: Please enter valid numbers</msg>
<arg>BMI Category: ${BMI_CATEGORY}</arg>
<doc>Logs the given message with the given level.</doc>
<status status="PASS" start="2025-04-11T15:42:46.512345" elapsed="0.000000"/>
</kw>
<status status="PASS" start="2025-04-11T15:42:46.509344" elapsed="0.003001"/>
</kw>
<kw name="Then an error should be reported" owner="bmi_keywords">
<kw name="Should Be Equal" owner="BuiltIn">
<arg>${BMI_VALUE}</arg>
<arg>${None}</arg>
<arg>msg=Expected an error (None BMI value) but got: ${BMI_VALUE}</arg>
<doc>Fails if the given objects are unequal.</doc>
<status status="PASS" start="2025-04-11T15:42:46.513349" elapsed="0.000000"/>
</kw>
<kw name="Should Contain" owner="BuiltIn">
<arg>${BMI_CATEGORY}</arg>
<arg>Error</arg>
<arg>msg=Expected error message but got: ${BMI_CATEGORY}</arg>
<doc>Fails if ``container`` does not contain ``item`` one or more times.</doc>
<status status="PASS" start="2025-04-11T15:42:46.513349" elapsed="0.000000"/>
</kw>
<status status="PASS" start="2025-04-11T15:42:46.513349" elapsed="0.000000"/>
</kw>
<kw name="And the error should contain &quot;Please enter valid numbers&quot;" owner="bmi_keywords" source_name="the error should contain &quot;${expected_text}&quot;">
<kw name="Should Contain" owner="BuiltIn">
<arg>${BMI_CATEGORY}</arg>
<arg>${expected_text}</arg>
<arg>ignore_case=True</arg>
<arg>msg=Expected error message containing '${expected_text}' but got: ${BMI_CATEGORY}</arg>
<doc>Fails if ``container`` does not contain ``item`` one or more times.</doc>
<status status="PASS" start="2025-04-11T15:42:46.515355" elapsed="0.001990"/>
</kw>
<status status="PASS" start="2025-04-11T15:42:46.514345" elapsed="0.003000"/>
</kw>
<kw name="Cleanup BMI Test" owner="bmi_keywords" type="TEARDOWN">
<kw name="No Operation" owner="BuiltIn">
<doc>Does absolutely nothing.</doc>
<status status="PASS" start="2025-04-11T15:42:46.519348" elapsed="0.000000"/>
</kw>
<status status="PASS" start="2025-04-11T15:42:46.517345" elapsed="0.002003"/>
</kw>
<status status="PASS" start="2025-04-11T15:42:46.506346" elapsed="0.014004"/>
</test>
<test id="s1-t9" name="Scenario: Validate Error for Zero Height" line="56">
<kw name="Setup BMI Test" owner="bmi_keywords" type="SETUP">
<kw name="File Should Exist" owner="OperatingSystem">
<msg time="2025-04-11T15:42:46.522343" level="INFO" html="true">File '&lt;a href="file://C:\Users\skuma104\OneDrive - Capgemini\Documents\Innovation-Project\BMI_calculator\source_code\BMI_calculator.py"&gt;C:\Users\skuma104\OneDrive - Capgemini\Documents\Innovation-Project\BMI_calculator\source_code\BMI_calculator.py&lt;/a&gt;' exists.</msg>
<arg>${BMI_MODULE}</arg>
<arg>msg=BMI calculator module not found at ${BMI_MODULE}</arg>
<doc>Fails unless the given ``path`` points to an existing file.</doc>
<status status="PASS" start="2025-04-11T15:42:46.521346" elapsed="0.000997"/>
</kw>
<kw name="Log" owner="BuiltIn">
<msg time="2025-04-11T15:42:46.522343" level="INFO">Setting up test for BMI calculator</msg>
<arg>Setting up test for BMI calculator</arg>
<doc>Logs the given message with the given level.</doc>
<status status="PASS" start="2025-04-11T15:42:46.522343" elapsed="0.000000"/>
</kw>
<status status="PASS" start="2025-04-11T15:42:46.521346" elapsed="0.000997"/>
</kw>
<kw name="Given the BMI calculator is available" owner="bmi_keywords">
<kw name="Log" owner="BuiltIn">
<msg time="2025-04-11T15:42:46.523431" level="INFO">Verified BMI calculator is available</msg>
<arg>Verified BMI calculator is available</arg>
<doc>Logs the given message with the given level.</doc>
<status status="PASS" start="2025-04-11T15:42:46.523431" elapsed="0.000000"/>
</kw>
<status status="PASS" start="2025-04-11T15:42:46.523431" elapsed="0.000000"/>
</kw>
<kw name="When I calculate BMI with height &quot;0&quot; cm and weight &quot;70&quot; kg" owner="bmi_keywords" source_name="I calculate BMI with height &quot;${height}&quot; cm and weight &quot;${weight}&quot; kg">
<kw name="Calculate Bmi" owner="BMI_calculator">
<msg time="2025-04-11T15:42:46.524344" level="INFO">${result} = (None, 'Error: Height must be a positive number')</msg>
<var>${result}</var>
<arg>${height}</arg>
<arg>${weight}</arg>
<doc>Calculate BMI (Body Mass Index) and determine the weight category.</doc>
<status status="PASS" start="2025-04-11T15:42:46.524344" elapsed="0.000000"/>
</kw>
<kw name="Set Test Variable" owner="BuiltIn">
<msg time="2025-04-11T15:42:46.525347" level="INFO">${BMI_VALUE} = None</msg>
<arg>${BMI_VALUE}</arg>
<arg>${result}[0]</arg>
<doc>Makes a variable available everywhere within the scope of the current test.</doc>
<status status="PASS" start="2025-04-11T15:42:46.524344" elapsed="0.001003"/>
</kw>
<kw name="Set Test Variable" owner="BuiltIn">
<msg time="2025-04-11T15:42:46.526348" level="INFO">${BMI_CATEGORY} = Error: Height must be a positive number</msg>
<arg>${BMI_CATEGORY}</arg>
<arg>${result}[1]</arg>
<doc>Makes a variable available everywhere within the scope of the current test.</doc>
<status status="PASS" start="2025-04-11T15:42:46.526348" elapsed="0.000000"/>
</kw>
<kw name="Log" owner="BuiltIn">
<msg time="2025-04-11T15:42:46.527417" level="INFO">BMI Result: (None, 'Error: Height must be a positive number')</msg>
<arg>BMI Result: ${result}</arg>
<doc>Logs the given message with the given level.</doc>
<status status="PASS" start="2025-04-11T15:42:46.527417" elapsed="0.000000"/>
</kw>
<kw name="Log" owner="BuiltIn">
<msg time="2025-04-11T15:42:46.527417" level="INFO">BMI Value: None</msg>
<arg>BMI Value: ${BMI_VALUE}</arg>
<doc>Logs the given message with the given level.</doc>
<status status="PASS" start="2025-04-11T15:42:46.527417" elapsed="0.000000"/>
</kw>
<kw name="Log" owner="BuiltIn">
<msg time="2025-04-11T15:42:46.527417" level="INFO">BMI Category: Error: Height must be a positive number</msg>
<arg>BMI Category: ${BMI_CATEGORY}</arg>
<doc>Logs the given message with the given level.</doc>
<status status="PASS" start="2025-04-11T15:42:46.527417" elapsed="0.000000"/>
</kw>
<status status="PASS" start="2025-04-11T15:42:46.524344" elapsed="0.003073"/>
</kw>
<kw name="Then an error should be reported" owner="bmi_keywords">
<kw name="Should Be Equal" owner="BuiltIn">
<arg>${BMI_VALUE}</arg>
<arg>${None}</arg>
<arg>msg=Expected an error (None BMI value) but got: ${BMI_VALUE}</arg>
<doc>Fails if the given objects are unequal.</doc>
<status status="PASS" start="2025-04-11T15:42:46.528425" elapsed="0.001003"/>
</kw>
<kw name="Should Contain" owner="BuiltIn">
<arg>${BMI_CATEGORY}</arg>
<arg>Error</arg>
<arg>msg=Expected error message but got: ${BMI_CATEGORY}</arg>
<doc>Fails if ``container`` does not contain ``item`` one or more times.</doc>
<status status="PASS" start="2025-04-11T15:42:46.529428" elapsed="0.000000"/>
</kw>
<status status="PASS" start="2025-04-11T15:42:46.528425" elapsed="0.001003"/>
</kw>
<kw name="And the error should contain &quot;Height must be a positive number&quot;" owner="bmi_keywords" source_name="the error should contain &quot;${expected_text}&quot;">
<kw name="Should Contain" owner="BuiltIn">
<arg>${BMI_CATEGORY}</arg>
<arg>${expected_text}</arg>
<arg>ignore_case=True</arg>
<arg>msg=Expected error message containing '${expected_text}' but got: ${BMI_CATEGORY}</arg>
<doc>Fails if ``container`` does not contain ``item`` one or more times.</doc>
<status status="PASS" start="2025-04-11T15:42:46.529428" elapsed="0.001094"/>
</kw>
<status status="PASS" start="2025-04-11T15:42:46.529428" elapsed="0.001094"/>
</kw>
<kw name="Cleanup BMI Test" owner="bmi_keywords" type="TEARDOWN">
<kw name="No Operation" owner="BuiltIn">
<doc>Does absolutely nothing.</doc>
<status status="PASS" start="2025-04-11T15:42:46.530522" elapsed="0.000936"/>
</kw>
<status status="PASS" start="2025-04-11T15:42:46.530522" elapsed="0.000936"/>
</kw>
<status status="PASS" start="2025-04-11T15:42:46.520350" elapsed="0.012083"/>
</test>
<test id="s1-t10" name="Scenario: Validate Error for Negative Height" line="62">
<kw name="Setup BMI Test" owner="bmi_keywords" type="SETUP">
<kw name="File Should Exist" owner="OperatingSystem">
<msg time="2025-04-11T15:42:46.535428" level="INFO" html="true">File '&lt;a href="file://C:\Users\skuma104\OneDrive - Capgemini\Documents\Innovation-Project\BMI_calculator\source_code\BMI_calculator.py"&gt;C:\Users\skuma104\OneDrive - Capgemini\Documents\Innovation-Project\BMI_calculator\source_code\BMI_calculator.py&lt;/a&gt;' exists.</msg>
<arg>${BMI_MODULE}</arg>
<arg>msg=BMI calculator module not found at ${BMI_MODULE}</arg>
<doc>Fails unless the given ``path`` points to an existing file.</doc>
<status status="PASS" start="2025-04-11T15:42:46.534436" elapsed="0.001992"/>
</kw>
<kw name="Log" owner="BuiltIn">
<msg time="2025-04-11T15:42:46.536428" level="INFO">Setting up test for BMI calculator</msg>
<arg>Setting up test for BMI calculator</arg>
<doc>Logs the given message with the given level.</doc>
<status status="PASS" start="2025-04-11T15:42:46.536428" elapsed="0.000000"/>
</kw>
<status status="PASS" start="2025-04-11T15:42:46.534436" elapsed="0.001992"/>
</kw>
<kw name="Given the BMI calculator is available" owner="bmi_keywords">
<kw name="Log" owner="BuiltIn">
<msg time="2025-04-11T15:42:46.537428" level="INFO">Verified BMI calculator is available</msg>
<arg>Verified BMI calculator is available</arg>
<doc>Logs the given message with the given level.</doc>
<status status="PASS" start="2025-04-11T15:42:46.537428" elapsed="0.000000"/>
</kw>
<status status="PASS" start="2025-04-11T15:42:46.537428" elapsed="0.000000"/>
</kw>
<kw name="When I calculate BMI with height &quot;-10&quot; cm and weight &quot;70&quot; kg" owner="bmi_keywords" source_name="I calculate BMI with height &quot;${height}&quot; cm and weight &quot;${weight}&quot; kg">
<kw name="Calculate Bmi" owner="BMI_calculator">
<msg time="2025-04-11T15:42:46.538431" level="INFO">${result} = (None, 'Error: Height must be a positive number')</msg>
<var>${result}</var>
<arg>${height}</arg>
<arg>${weight}</arg>
<doc>Calculate BMI (Body Mass Index) and determine the weight category.</doc>
<status status="PASS" start="2025-04-11T15:42:46.538431" elapsed="0.000000"/>
</kw>
<kw name="Set Test Variable" owner="BuiltIn">
<msg time="2025-04-11T15:42:46.539429" level="INFO">${BMI_VALUE} = None</msg>
<arg>${BMI_VALUE}</arg>
<arg>${result}[0]</arg>
<doc>Makes a variable available everywhere within the scope of the current test.</doc>
<status status="PASS" start="2025-04-11T15:42:46.538431" elapsed="0.000998"/>
</kw>
<kw name="Set Test Variable" owner="BuiltIn">
<msg time="2025-04-11T15:42:46.540427" level="INFO">${BMI_CATEGORY} = Error: Height must be a positive number</msg>
<arg>${BMI_CATEGORY}</arg>
<arg>${result}[1]</arg>
<doc>Makes a variable available everywhere within the scope of the current test.</doc>
<status status="PASS" start="2025-04-11T15:42:46.539429" elapsed="0.000998"/>
</kw>
<kw name="Log" owner="BuiltIn">
<msg time="2025-04-11T15:42:46.540427" level="INFO">BMI Result: (None, 'Error: Height must be a positive number')</msg>
<arg>BMI Result: ${result}</arg>
<doc>Logs the given message with the given level.</doc>
<status status="PASS" start="2025-04-11T15:42:46.540427" elapsed="0.000000"/>
</kw>
<kw name="Log" owner="BuiltIn">
<msg time="2025-04-11T15:42:46.541524" level="INFO">BMI Value: None</msg>
<arg>BMI Value: ${BMI_VALUE}</arg>
<doc>Logs the given message with the given level.</doc>
<status status="PASS" start="2025-04-11T15:42:46.540427" elapsed="0.001097"/>
</kw>
<kw name="Log" owner="BuiltIn">
<msg time="2025-04-11T15:42:46.541524" level="INFO">BMI Category: Error: Height must be a positive number</msg>
<arg>BMI Category: ${BMI_CATEGORY}</arg>
<doc>Logs the given message with the given level.</doc>
<status status="PASS" start="2025-04-11T15:42:46.541524" elapsed="0.000000"/>
</kw>
<status status="PASS" start="2025-04-11T15:42:46.537428" elapsed="0.004096"/>
</kw>
<kw name="Then an error should be reported" owner="bmi_keywords">
<kw name="Should Be Equal" owner="BuiltIn">
<arg>${BMI_VALUE}</arg>
<arg>${None}</arg>
<arg>msg=Expected an error (None BMI value) but got: ${BMI_VALUE}</arg>
<doc>Fails if the given objects are unequal.</doc>
<status status="PASS" start="2025-04-11T15:42:46.542434" elapsed="0.000000"/>
</kw>
<kw name="Should Contain" owner="BuiltIn">
<arg>${BMI_CATEGORY}</arg>
<arg>Error</arg>
<arg>msg=Expected error message but got: ${BMI_CATEGORY}</arg>
<doc>Fails if ``container`` does not contain ``item`` one or more times.</doc>
<status status="PASS" start="2025-04-11T15:42:46.542434" elapsed="0.000000"/>
</kw>
<status status="PASS" start="2025-04-11T15:42:46.542434" elapsed="0.000000"/>
</kw>
<kw name="And the error should contain &quot;Height must be a positive number&quot;" owner="bmi_keywords" source_name="the error should contain &quot;${expected_text}&quot;">
<kw name="Should Contain" owner="BuiltIn">
<arg>${BMI_CATEGORY}</arg>
<arg>${expected_text}</arg>
<arg>ignore_case=True</arg>
<arg>msg=Expected error message containing '${expected_text}' but got: ${BMI_CATEGORY}</arg>
<doc>Fails if ``container`` does not contain ``item`` one or more times.</doc>
<status status="PASS" start="2025-04-11T15:42:46.543435" elapsed="0.001004"/>
</kw>
<status status="PASS" start="2025-04-11T15:42:46.543435" elapsed="0.001004"/>
</kw>
<kw name="Cleanup BMI Test" owner="bmi_keywords" type="TEARDOWN">
<kw name="No Operation" owner="BuiltIn">
<doc>Does absolutely nothing.</doc>
<status status="PASS" start="2025-04-11T15:42:46.545435" elapsed="0.000000"/>
</kw>
<status status="PASS" start="2025-04-11T15:42:46.544439" elapsed="0.000996"/>
</kw>
<status status="PASS" start="2025-04-11T15:42:46.533426" elapsed="0.012009"/>
</test>
<test id="s1-t11" name="Scenario: Validate Error for Zero Weight" line="68">
<kw name="Setup BMI Test" owner="bmi_keywords" type="SETUP">
<kw name="File Should Exist" owner="OperatingSystem">
<msg time="2025-04-11T15:42:46.548440" level="INFO" html="true">File '&lt;a href="file://C:\Users\skuma104\OneDrive - Capgemini\Documents\Innovation-Project\BMI_calculator\source_code\BMI_calculator.py"&gt;C:\Users\skuma104\OneDrive - Capgemini\Documents\Innovation-Project\BMI_calculator\source_code\BMI_calculator.py&lt;/a&gt;' exists.</msg>
<arg>${BMI_MODULE}</arg>
<arg>msg=BMI calculator module not found at ${BMI_MODULE}</arg>
<doc>Fails unless the given ``path`` points to an existing file.</doc>
<status status="PASS" start="2025-04-11T15:42:46.547436" elapsed="0.002003"/>
</kw>
<kw name="Log" owner="BuiltIn">
<msg time="2025-04-11T15:42:46.549439" level="INFO">Setting up test for BMI calculator</msg>
<arg>Setting up test for BMI calculator</arg>
<doc>Logs the given message with the given level.</doc>
<status status="PASS" start="2025-04-11T15:42:46.549439" elapsed="0.000000"/>
</kw>
<status status="PASS" start="2025-04-11T15:42:46.546445" elapsed="0.002994"/>
</kw>
<kw name="Given the BMI calculator is available" owner="bmi_keywords">
<kw name="Log" owner="BuiltIn">
<msg time="2025-04-11T15:42:46.552488" level="INFO">Verified BMI calculator is available</msg>
<arg>Verified BMI calculator is available</arg>
<doc>Logs the given message with the given level.</doc>
<status status="PASS" start="2025-04-11T15:42:46.551475" elapsed="0.001013"/>
</kw>
<status status="PASS" start="2025-04-11T15:42:46.550436" elapsed="0.002052"/>
</kw>
<kw name="When I calculate BMI with height &quot;175&quot; cm and weight &quot;0&quot; kg" owner="bmi_keywords" source_name="I calculate BMI with height &quot;${height}&quot; cm and weight &quot;${weight}&quot; kg">
<kw name="Calculate Bmi" owner="BMI_calculator">
<msg time="2025-04-11T15:42:46.553776" level="INFO">${result} = (None, 'Error: Weight must be a positive number')</msg>
<var>${result}</var>
<arg>${height}</arg>
<arg>${weight}</arg>
<doc>Calculate BMI (Body Mass Index) and determine the weight category.</doc>
<status status="PASS" start="2025-04-11T15:42:46.553776" elapsed="0.000000"/>
</kw>
<kw name="Set Test Variable" owner="BuiltIn">
<msg time="2025-04-11T15:42:46.554792" level="INFO">${BMI_VALUE} = None</msg>
<arg>${BMI_VALUE}</arg>
<arg>${result}[0]</arg>
<doc>Makes a variable available everywhere within the scope of the current test.</doc>
<status status="PASS" start="2025-04-11T15:42:46.553776" elapsed="0.001016"/>
</kw>
<kw name="Set Test Variable" owner="BuiltIn">
<msg time="2025-04-11T15:42:46.554792" level="INFO">${BMI_CATEGORY} = Error: Weight must be a positive number</msg>
<arg>${BMI_CATEGORY}</arg>
<arg>${result}[1]</arg>
<doc>Makes a variable available everywhere within the scope of the current test.</doc>
<status status="PASS" start="2025-04-11T15:42:46.554792" elapsed="0.000000"/>
</kw>
<kw name="Log" owner="BuiltIn">
<msg time="2025-04-11T15:42:46.555788" level="INFO">BMI Result: (None, 'Error: Weight must be a positive number')</msg>
<arg>BMI Result: ${result}</arg>
<doc>Logs the given message with the given level.</doc>
<status status="PASS" start="2025-04-11T15:42:46.554792" elapsed="0.000996"/>
</kw>
<kw name="Log" owner="BuiltIn">
<msg time="2025-04-11T15:42:46.555788" level="INFO">BMI Value: None</msg>
<arg>BMI Value: ${BMI_VALUE}</arg>
<doc>Logs the given message with the given level.</doc>
<status status="PASS" start="2025-04-11T15:42:46.555788" elapsed="0.000000"/>
</kw>
<kw name="Log" owner="BuiltIn">
<msg time="2025-04-11T15:42:46.555788" level="INFO">BMI Category: Error: Weight must be a positive number</msg>
<arg>BMI Category: ${BMI_CATEGORY}</arg>
<doc>Logs the given message with the given level.</doc>
<status status="PASS" start="2025-04-11T15:42:46.555788" elapsed="0.000000"/>
</kw>
<status status="PASS" start="2025-04-11T15:42:46.552488" elapsed="0.003300"/>
</kw>
<kw name="Then an error should be reported" owner="bmi_keywords">
<kw name="Should Be Equal" owner="BuiltIn">
<arg>${BMI_VALUE}</arg>
<arg>${None}</arg>
<arg>msg=Expected an error (None BMI value) but got: ${BMI_VALUE}</arg>
<doc>Fails if the given objects are unequal.</doc>
<status status="PASS" start="2025-04-11T15:42:46.557310" elapsed="0.000000"/>
</kw>
<kw name="Should Contain" owner="BuiltIn">
<arg>${BMI_CATEGORY}</arg>
<arg>Error</arg>
<arg>msg=Expected error message but got: ${BMI_CATEGORY}</arg>
<doc>Fails if ``container`` does not contain ``item`` one or more times.</doc>
<status status="PASS" start="2025-04-11T15:42:46.557310" elapsed="0.001005"/>
</kw>
<status status="PASS" start="2025-04-11T15:42:46.556301" elapsed="0.002014"/>
</kw>
<kw name="And the error should contain &quot;Weight must be a positive number&quot;" owner="bmi_keywords" source_name="the error should contain &quot;${expected_text}&quot;">
<kw name="Should Contain" owner="BuiltIn">
<arg>${BMI_CATEGORY}</arg>
<arg>${expected_text}</arg>
<arg>ignore_case=True</arg>
<arg>msg=Expected error message containing '${expected_text}' but got: ${BMI_CATEGORY}</arg>
<doc>Fails if ``container`` does not contain ``item`` one or more times.</doc>
<status status="PASS" start="2025-04-11T15:42:46.559311" elapsed="0.000000"/>
</kw>
<status status="PASS" start="2025-04-11T15:42:46.558315" elapsed="0.000996"/>
</kw>
<kw name="Cleanup BMI Test" owner="bmi_keywords" type="TEARDOWN">
<kw name="No Operation" owner="BuiltIn">
<doc>Does absolutely nothing.</doc>
<status status="PASS" start="2025-04-11T15:42:46.560309" elapsed="0.000000"/>
</kw>
<status status="PASS" start="2025-04-11T15:42:46.560309" elapsed="0.000000"/>
</kw>
<status status="PASS" start="2025-04-11T15:42:46.546445" elapsed="0.013864"/>
</test>
<test id="s1-t12" name="Scenario: Validate Error for Negative Weight" line="74">
<kw name="Setup BMI Test" owner="bmi_keywords" type="SETUP">
<kw name="File Should Exist" owner="OperatingSystem">
<msg time="2025-04-11T15:42:46.562314" level="INFO" html="true">File '&lt;a href="file://C:\Users\skuma104\OneDrive - Capgemini\Documents\Innovation-Project\BMI_calculator\source_code\BMI_calculator.py"&gt;C:\Users\skuma104\OneDrive - Capgemini\Documents\Innovation-Project\BMI_calculator\source_code\BMI_calculator.py&lt;/a&gt;' exists.</msg>
<arg>${BMI_MODULE}</arg>
<arg>msg=BMI calculator module not found at ${BMI_MODULE}</arg>
<doc>Fails unless the given ``path`` points to an existing file.</doc>
<status status="PASS" start="2025-04-11T15:42:46.561309" elapsed="0.001005"/>
</kw>
<kw name="Log" owner="BuiltIn">
<msg time="2025-04-11T15:42:46.562314" level="INFO">Setting up test for BMI calculator</msg>
<arg>Setting up test for BMI calculator</arg>
<doc>Logs the given message with the given level.</doc>
<status status="PASS" start="2025-04-11T15:42:46.562314" elapsed="0.000000"/>
</kw>
<status status="PASS" start="2025-04-11T15:42:46.561309" elapsed="0.001005"/>
</kw>
<kw name="Given the BMI calculator is available" owner="bmi_keywords">
<kw name="Log" owner="BuiltIn">
<msg time="2025-04-11T15:42:46.563308" level="INFO">Verified BMI calculator is available</msg>
<arg>Verified BMI calculator is available</arg>
<doc>Logs the given message with the given level.</doc>
<status status="PASS" start="2025-04-11T15:42:46.563308" elapsed="0.000000"/>
</kw>
<status status="PASS" start="2025-04-11T15:42:46.562314" elapsed="0.000994"/>
</kw>
<kw name="When I calculate BMI with height &quot;175&quot; cm and weight &quot;-60&quot; kg" owner="bmi_keywords" source_name="I calculate BMI with height &quot;${height}&quot; cm and weight &quot;${weight}&quot; kg">
<kw name="Calculate Bmi" owner="BMI_calculator">
<msg time="2025-04-11T15:42:46.564309" level="INFO">${result} = (None, 'Error: Weight must be a positive number')</msg>
<var>${result}</var>
<arg>${height}</arg>
<arg>${weight}</arg>
<doc>Calculate BMI (Body Mass Index) and determine the weight category.</doc>
<status status="PASS" start="2025-04-11T15:42:46.563308" elapsed="0.001001"/>
</kw>
<kw name="Set Test Variable" owner="BuiltIn">
<msg time="2025-04-11T15:42:46.566316" level="INFO">${BMI_VALUE} = None</msg>
<arg>${BMI_VALUE}</arg>
<arg>${result}[0]</arg>
<doc>Makes a variable available everywhere within the scope of the current test.</doc>
<status status="PASS" start="2025-04-11T15:42:46.564309" elapsed="0.003012"/>
</kw>
<kw name="Set Test Variable" owner="BuiltIn">
<msg time="2025-04-11T15:42:46.569312" level="INFO">${BMI_CATEGORY} = Error: Weight must be a positive number</msg>
<arg>${BMI_CATEGORY}</arg>
<arg>${result}[1]</arg>
<doc>Makes a variable available everywhere within the scope of the current test.</doc>
<status status="PASS" start="2025-04-11T15:42:46.567321" elapsed="0.001991"/>
</kw>
<kw name="Log" owner="BuiltIn">
<msg time="2025-04-11T15:42:46.569312" level="INFO">BMI Result: (None, 'Error: Weight must be a positive number')</msg>
<arg>BMI Result: ${result}</arg>
<doc>Logs the given message with the given level.</doc>
<status status="PASS" start="2025-04-11T15:42:46.569312" elapsed="0.001004"/>
</kw>
<kw name="Log" owner="BuiltIn">
<msg time="2025-04-11T15:42:46.570316" level="INFO">BMI Value: None</msg>
<arg>BMI Value: ${BMI_VALUE}</arg>
<doc>Logs the given message with the given level.</doc>
<status status="PASS" start="2025-04-11T15:42:46.570316" elapsed="0.000000"/>
</kw>
<kw name="Log" owner="BuiltIn">
<msg time="2025-04-11T15:42:46.570316" level="INFO">BMI Category: Error: Weight must be a positive number</msg>
<arg>BMI Category: ${BMI_CATEGORY}</arg>
<doc>Logs the given message with the given level.</doc>
<status status="PASS" start="2025-04-11T15:42:46.570316" elapsed="0.000000"/>
</kw>
<status status="PASS" start="2025-04-11T15:42:46.563308" elapsed="0.007008"/>
</kw>
<kw name="Then an error should be reported" owner="bmi_keywords">
<kw name="Should Be Equal" owner="BuiltIn">
<arg>${BMI_VALUE}</arg>
<arg>${None}</arg>
<arg>msg=Expected an error (None BMI value) but got: ${BMI_VALUE}</arg>
<doc>Fails if the given objects are unequal.</doc>
<status status="PASS" start="2025-04-11T15:42:46.571309" elapsed="0.000000"/>
</kw>
<kw name="Should Contain" owner="BuiltIn">
<arg>${BMI_CATEGORY}</arg>
<arg>Error</arg>
<arg>msg=Expected error message but got: ${BMI_CATEGORY}</arg>
<doc>Fails if ``container`` does not contain ``item`` one or more times.</doc>
<status status="PASS" start="2025-04-11T15:42:46.571309" elapsed="0.000000"/>
</kw>
<status status="PASS" start="2025-04-11T15:42:46.570316" elapsed="0.000993"/>
</kw>
<kw name="And the error should contain &quot;Weight must be a positive number&quot;" owner="bmi_keywords" source_name="the error should contain &quot;${expected_text}&quot;">
<kw name="Should Contain" owner="BuiltIn">
<arg>${BMI_CATEGORY}</arg>
<arg>${expected_text}</arg>
<arg>ignore_case=True</arg>
<arg>msg=Expected error message containing '${expected_text}' but got: ${BMI_CATEGORY}</arg>
<doc>Fails if ``container`` does not contain ``item`` one or more times.</doc>
<status status="PASS" start="2025-04-11T15:42:46.573314" elapsed="0.000000"/>
</kw>
<status status="PASS" start="2025-04-11T15:42:46.572361" elapsed="0.000953"/>
</kw>
<kw name="Cleanup BMI Test" owner="bmi_keywords" type="TEARDOWN">
<kw name="No Operation" owner="BuiltIn">
<doc>Does absolutely nothing.</doc>
<status status="PASS" start="2025-04-11T15:42:46.574308" elapsed="0.000000"/>
</kw>
<status status="PASS" start="2025-04-11T15:42:46.574308" elapsed="0.000000"/>
</kw>
<status status="PASS" start="2025-04-11T15:42:46.560309" elapsed="0.013999"/>
</test>
<test id="s1-t13" name="Scenario: Calculate BMI with Boundary Values - Minimum Normal Weight" line="80">
<kw name="Setup BMI Test" owner="bmi_keywords" type="SETUP">
<kw name="File Should Exist" owner="OperatingSystem">
<msg time="2025-04-11T15:42:46.575307" level="INFO" html="true">File '&lt;a href="file://C:\Users\skuma104\OneDrive - Capgemini\Documents\Innovation-Project\BMI_calculator\source_code\BMI_calculator.py"&gt;C:\Users\skuma104\OneDrive - Capgemini\Documents\Innovation-Project\BMI_calculator\source_code\BMI_calculator.py&lt;/a&gt;' exists.</msg>
<arg>${BMI_MODULE}</arg>
<arg>msg=BMI calculator module not found at ${BMI_MODULE}</arg>
<doc>Fails unless the given ``path`` points to an existing file.</doc>
<status status="PASS" start="2025-04-11T15:42:46.575307" elapsed="0.001005"/>
</kw>
<kw name="Log" owner="BuiltIn">
<msg time="2025-04-11T15:42:46.576312" level="INFO">Setting up test for BMI calculator</msg>
<arg>Setting up test for BMI calculator</arg>
<doc>Logs the given message with the given level.</doc>
<status status="PASS" start="2025-04-11T15:42:46.576312" elapsed="0.000000"/>
</kw>
<status status="PASS" start="2025-04-11T15:42:46.575307" elapsed="0.001005"/>
</kw>
<kw name="Given the BMI calculator is available" owner="bmi_keywords">
<kw name="Log" owner="BuiltIn">
<msg time="2025-04-11T15:42:46.577308" level="INFO">Verified BMI calculator is available</msg>
<arg>Verified BMI calculator is available</arg>
<doc>Logs the given message with the given level.</doc>
<status status="PASS" start="2025-04-11T15:42:46.577308" elapsed="0.000000"/>
</kw>
<status status="PASS" start="2025-04-11T15:42:46.576312" elapsed="0.000996"/>
</kw>
<kw name="When I calculate BMI with height &quot;170&quot; cm and weight &quot;53.5&quot; kg" owner="bmi_keywords" source_name="I calculate BMI with height &quot;${height}&quot; cm and weight &quot;${weight}&quot; kg">
<kw name="Calculate Bmi" owner="BMI_calculator">
<msg time="2025-04-11T15:42:46.578315" level="INFO">${result} = (18.5, 'Normal weight')</msg>
<var>${result}</var>
<arg>${height}</arg>
<arg>${weight}</arg>
<doc>Calculate BMI (Body Mass Index) and determine the weight category.</doc>
<status status="PASS" start="2025-04-11T15:42:46.578315" elapsed="0.000000"/>
</kw>
<kw name="Set Test Variable" owner="BuiltIn">
<msg time="2025-04-11T15:42:46.578315" level="INFO">${BMI_VALUE} = 18.5</msg>
<arg>${BMI_VALUE}</arg>
<arg>${result}[0]</arg>
<doc>Makes a variable available everywhere within the scope of the current test.</doc>
<status status="PASS" start="2025-04-11T15:42:46.578315" elapsed="0.000000"/>
</kw>
<kw name="Set Test Variable" owner="BuiltIn">
<msg time="2025-04-11T15:42:46.579310" level="INFO">${BMI_CATEGORY} = Normal weight</msg>
<arg>${BMI_CATEGORY}</arg>
<arg>${result}[1]</arg>
<doc>Makes a variable available everywhere within the scope of the current test.</doc>
<status status="PASS" start="2025-04-11T15:42:46.578315" elapsed="0.000995"/>
</kw>
<kw name="Log" owner="BuiltIn">
<msg time="2025-04-11T15:42:46.579310" level="INFO">BMI Result: (18.5, 'Normal weight')</msg>
<arg>BMI Result: ${result}</arg>
<doc>Logs the given message with the given level.</doc>
<status status="PASS" start="2025-04-11T15:42:46.579310" elapsed="0.000000"/>
</kw>
<kw name="Log" owner="BuiltIn">
<msg time="2025-04-11T15:42:46.579310" level="INFO">BMI Value: 18.5</msg>
<arg>BMI Value: ${BMI_VALUE}</arg>
<doc>Logs the given message with the given level.</doc>
<status status="PASS" start="2025-04-11T15:42:46.579310" elapsed="0.000000"/>
</kw>
<kw name="Log" owner="BuiltIn">
<msg time="2025-04-11T15:42:46.579310" level="INFO">BMI Category: Normal weight</msg>
<arg>BMI Category: ${BMI_CATEGORY}</arg>
<doc>Logs the given message with the given level.</doc>
<status status="PASS" start="2025-04-11T15:42:46.579310" elapsed="0.000000"/>
</kw>
<status status="PASS" start="2025-04-11T15:42:46.577308" elapsed="0.002002"/>
</kw>
<kw name="Then the BMI result should be &quot;18.5&quot;" owner="bmi_keywords" source_name="the BMI result should be &quot;${expected_bmi}&quot;">
<kw name="Set Variable If" owner="BuiltIn">
<msg time="2025-04-11T15:42:46.580308" level="INFO">${actual_bmi} = 18.5</msg>
<var>${actual_bmi}</var>
<arg>"${BMI_VALUE}" == "None"</arg>
<arg>None</arg>
<arg>${BMI_VALUE}</arg>
<doc>Sets variable based on the given condition.</doc>
<status status="PASS" start="2025-04-11T15:42:46.580308" elapsed="0.000000"/>
</kw>
<kw name="Set Variable If" owner="BuiltIn">
<msg time="2025-04-11T15:42:46.581335" level="INFO">${expected} = 18.5</msg>
<var>${expected}</var>
<arg>"${expected_bmi}" == "None"</arg>
<arg>None</arg>
<arg>${expected_bmi}</arg>
<doc>Sets variable based on the given condition.</doc>
<status status="PASS" start="2025-04-11T15:42:46.580308" elapsed="0.001027"/>
</kw>
<kw name="Should Be Equal As Strings" owner="BuiltIn">
<msg time="2025-04-11T15:42:46.582320" level="INFO">Argument types are:
&lt;class 'float'&gt;
&lt;class 'str'&gt;</msg>
<arg>${actual_bmi}</arg>
<arg>${expected}</arg>
<arg>msg=Expected BMI value ${expected} but got ${actual_bmi}</arg>
<doc>Fails if objects are unequal after converting them to strings.</doc>
<status status="PASS" start="2025-04-11T15:42:46.581335" elapsed="0.000985"/>
</kw>
<status status="PASS" start="2025-04-11T15:42:46.580308" elapsed="0.002012"/>
</kw>
<kw name="And the BMI category should be &quot;Normal weight&quot;" owner="bmi_keywords" source_name="the BMI category should be &quot;${expected_category}&quot;">
<kw name="Should Be Equal" owner="BuiltIn">
<arg>${BMI_CATEGORY}</arg>
<arg>${expected_category}</arg>
<arg>msg=Expected category ${expected_category} but got ${BMI_CATEGORY}</arg>
<doc>Fails if the given objects are unequal.</doc>
<status status="PASS" start="2025-04-11T15:42:46.585314" elapsed="0.000000"/>
</kw>
<status status="PASS" start="2025-04-11T15:42:46.584308" elapsed="0.001006"/>
</kw>
<kw name="Cleanup BMI Test" owner="bmi_keywords" type="TEARDOWN">
<kw name="No Operation" owner="BuiltIn">
<doc>Does absolutely nothing.</doc>
<status status="PASS" start="2025-04-11T15:42:46.586307" elapsed="0.000000"/>
</kw>
<status status="PASS" start="2025-04-11T15:42:46.586307" elapsed="0.000000"/>
</kw>
<status status="PASS" start="2025-04-11T15:42:46.574308" elapsed="0.011999"/>
</test>
<test id="s1-t14" name="Scenario: Calculate BMI with Boundary Values - Maximum Normal Weight" line="86">
<kw name="Setup BMI Test" owner="bmi_keywords" type="SETUP">
<kw name="File Should Exist" owner="OperatingSystem">
<msg time="2025-04-11T15:42:46.589312" level="INFO" html="true">File '&lt;a href="file://C:\Users\skuma104\OneDrive - Capgemini\Documents\Innovation-Project\BMI_calculator\source_code\BMI_calculator.py"&gt;C:\Users\skuma104\OneDrive - Capgemini\Documents\Innovation-Project\BMI_calculator\source_code\BMI_calculator.py&lt;/a&gt;' exists.</msg>
<arg>${BMI_MODULE}</arg>
<arg>msg=BMI calculator module not found at ${BMI_MODULE}</arg>
<doc>Fails unless the given ``path`` points to an existing file.</doc>
<status status="PASS" start="2025-04-11T15:42:46.589312" elapsed="0.000000"/>
</kw>
<kw name="Log" owner="BuiltIn">
<msg time="2025-04-11T15:42:46.590309" level="INFO">Setting up test for BMI calculator</msg>
<arg>Setting up test for BMI calculator</arg>
<doc>Logs the given message with the given level.</doc>
<status status="PASS" start="2025-04-11T15:42:46.590309" elapsed="0.000000"/>
</kw>
<status status="PASS" start="2025-04-11T15:42:46.588312" elapsed="0.001997"/>
</kw>
<kw name="Given the BMI calculator is available" owner="bmi_keywords">
<kw name="Log" owner="BuiltIn">
<msg time="2025-04-11T15:42:46.590309" level="INFO">Verified BMI calculator is available</msg>
<arg>Verified BMI calculator is available</arg>
<doc>Logs the given message with the given level.</doc>
<status status="PASS" start="2025-04-11T15:42:46.590309" elapsed="0.000000"/>
</kw>
<status status="PASS" start="2025-04-11T15:42:46.590309" elapsed="0.000000"/>
</kw>
<kw name="When I calculate BMI with height &quot;170&quot; cm and weight &quot;72.2&quot; kg" owner="bmi_keywords" source_name="I calculate BMI with height &quot;${height}&quot; cm and weight &quot;${weight}&quot; kg">
<kw name="Calculate Bmi" owner="BMI_calculator">
<msg time="2025-04-11T15:42:46.591314" level="INFO">${result} = (25.0, 'Overweight')</msg>
<var>${result}</var>
<arg>${height}</arg>
<arg>${weight}</arg>
<doc>Calculate BMI (Body Mass Index) and determine the weight category.</doc>
<status status="PASS" start="2025-04-11T15:42:46.591314" elapsed="0.000000"/>
</kw>
<kw name="Set Test Variable" owner="BuiltIn">
<msg time="2025-04-11T15:42:46.592315" level="INFO">${BMI_VALUE} = 25.0</msg>
<arg>${BMI_VALUE}</arg>
<arg>${result}[0]</arg>
<doc>Makes a variable available everywhere within the scope of the current test.</doc>
<status status="PASS" start="2025-04-11T15:42:46.591314" elapsed="0.001001"/>
</kw>
<kw name="Set Test Variable" owner="BuiltIn">
<msg time="2025-04-11T15:42:46.592315" level="INFO">${BMI_CATEGORY} = Overweight</msg>
<arg>${BMI_CATEGORY}</arg>
<arg>${result}[1]</arg>
<doc>Makes a variable available everywhere within the scope of the current test.</doc>
<status status="PASS" start="2025-04-11T15:42:46.592315" elapsed="0.000000"/>
</kw>
<kw name="Log" owner="BuiltIn">
<msg time="2025-04-11T15:42:46.593308" level="INFO">BMI Result: (25.0, 'Overweight')</msg>
<arg>BMI Result: ${result}</arg>
<doc>Logs the given message with the given level.</doc>
<status status="PASS" start="2025-04-11T15:42:46.592315" elapsed="0.000993"/>
</kw>
<kw name="Log" owner="BuiltIn">
<msg time="2025-04-11T15:42:46.593308" level="INFO">BMI Value: 25.0</msg>
<arg>BMI Value: ${BMI_VALUE}</arg>
<doc>Logs the given message with the given level.</doc>
<status status="PASS" start="2025-04-11T15:42:46.593308" elapsed="0.000000"/>
</kw>
<kw name="Log" owner="BuiltIn">
<msg time="2025-04-11T15:42:46.593308" level="INFO">BMI Category: Overweight</msg>
<arg>BMI Category: ${BMI_CATEGORY}</arg>
<doc>Logs the given message with the given level.</doc>
<status status="PASS" start="2025-04-11T15:42:46.593308" elapsed="0.000000"/>
</kw>
<status status="PASS" start="2025-04-11T15:42:46.591314" elapsed="0.001994"/>
</kw>
<kw name="Then the BMI result should be &quot;25.0&quot;" owner="bmi_keywords" source_name="the BMI result should be &quot;${expected_bmi}&quot;">
<kw name="Set Variable If" owner="BuiltIn">
<msg time="2025-04-11T15:42:46.594311" level="INFO">${actual_bmi} = 25.0</msg>
<var>${actual_bmi}</var>
<arg>"${BMI_VALUE}" == "None"</arg>
<arg>None</arg>
<arg>${BMI_VALUE}</arg>
<doc>Sets variable based on the given condition.</doc>
<status status="PASS" start="2025-04-11T15:42:46.593308" elapsed="0.001003"/>
</kw>
<kw name="Set Variable If" owner="BuiltIn">
<msg time="2025-04-11T15:42:46.594311" level="INFO">${expected} = 25.0</msg>
<var>${expected}</var>
<arg>"${expected_bmi}" == "None"</arg>
<arg>None</arg>
<arg>${expected_bmi}</arg>
<doc>Sets variable based on the given condition.</doc>
<status status="PASS" start="2025-04-11T15:42:46.594311" elapsed="0.000000"/>
</kw>
<kw name="Should Be Equal As Strings" owner="BuiltIn">
<msg time="2025-04-11T15:42:46.594311" level="INFO">Argument types are:
&lt;class 'float'&gt;
&lt;class 'str'&gt;</msg>
<arg>${actual_bmi}</arg>
<arg>${expected}</arg>
<arg>msg=Expected BMI value ${expected} but got ${actual_bmi}</arg>
<doc>Fails if objects are unequal after converting them to strings.</doc>
<status status="PASS" start="2025-04-11T15:42:46.594311" elapsed="0.000000"/>
</kw>
<status status="PASS" start="2025-04-11T15:42:46.593308" elapsed="0.001003"/>
</kw>
<kw name="And the BMI category should be &quot;Overweight&quot;" owner="bmi_keywords" source_name="the BMI category should be &quot;${expected_category}&quot;">
<kw name="Should Be Equal" owner="BuiltIn">
<arg>${BMI_CATEGORY}</arg>
<arg>${expected_category}</arg>
<arg>msg=Expected category ${expected_category} but got ${BMI_CATEGORY}</arg>
<doc>Fails if the given objects are unequal.</doc>
<status status="PASS" start="2025-04-11T15:42:46.594311" elapsed="0.001003"/>
</kw>
<status status="PASS" start="2025-04-11T15:42:46.594311" elapsed="0.001003"/>
</kw>
<kw name="Cleanup BMI Test" owner="bmi_keywords" type="TEARDOWN">
<kw name="No Operation" owner="BuiltIn">
<doc>Does absolutely nothing.</doc>
<status status="PASS" start="2025-04-11T15:42:46.595314" elapsed="0.000000"/>
</kw>
<status status="PASS" start="2025-04-11T15:42:46.595314" elapsed="0.000000"/>
</kw>
<status status="PASS" start="2025-04-11T15:42:46.587322" elapsed="0.007992"/>
</test>
<doc>Gherkin style tests for BMI calculator</doc>
<status status="PASS" start="2025-04-11T15:42:46.294349" elapsed="0.301961"/>
</suite>
<statistics>
<total>
<stat pass="14" fail="0" skip="0">All Tests</stat>
</total>
<tag>
</tag>
<suite>
<stat name="BMICTests" id="s1" pass="14" fail="0" skip="0">BMICTests</stat>
</suite>
</statistics>
<errors>
</errors>
</robot>
